INFO: [VRFC 10-2263] Analyzing SystemVerilog file "C:/Users/kpcha/Desktop/College/DSD/Bitstream_Large_Tensors_v2/Bitstream_Large_Tensors_v2.srcs/sources_1/new/tile_buf.sv" into library xil_defaultlib
INFO: [VRFC 10-311] analyzing module tile_buf
INFO: [VRFC 10-2263] Analyzing SystemVerilog file "C:/Users/kpcha/Desktop/College/DSD/Bitstream_Large_Tensors_v2/Bitstream_Large_Tensors_v2.srcs/sources_1/imports/new/accel_fsm.v" into library xil_defaultlib
INFO: [VRFC 10-311] analyzing module accel_fsm
INFO: [VRFC 10-2263] Analyzing SystemVerilog file "C:/Users/kpcha/Desktop/College/DSD/Bitstream_Large_Tensors_v2/Bitstream_Large_Tensors_v2.srcs/sources_1/imports/new/uart_rx.sv" into library xil_defaultlib
INFO: [VRFC 10-311] analyzing module uart_rx
INFO: [VRFC 10-2263] Analyzing SystemVerilog file "C:/Users/kpcha/Desktop/College/DSD/Bitstream_Large_Tensors_v2/Bitstream_Large_Tensors_v2.srcs/sources_1/imports/new/accel_top.v" into library xil_defaultlib
INFO: [VRFC 10-311] analyzing module accel_top
INFO: [VRFC 10-2263] Analyzing SystemVerilog file "C:/Users/kpcha/Desktop/College/DSD/Bitstream_Large_Tensors_v2/Bitstream_Large_Tensors_v2.srcs/sources_1/imports/new/tensor_top.v" into library xil_defaultlib
INFO: [VRFC 10-311] analyzing module tensor_top
INFO: [VRFC 10-2263] Analyzing SystemVerilog file "C:/Users/kpcha/Desktop/College/DSD/Bitstream_Large_Tensors_v2/Bitstream_Large_Tensors_v2.srcs/sources_1/imports/new/uart_tx.sv" into library xil_defaultlib
INFO: [VRFC 10-311] analyzing module uart_tx
INFO: [VRFC 10-2263] Analyzing SystemVerilog file "C:/Users/kpcha/Desktop/College/DSD/Bitstream_Large_Tensors_v2/Bitstream_Large_Tensors_v2.srcs/sources_1/imports/new/simd_array.v" into library xil_defaultlib
INFO: [VRFC 10-311] analyzing module simd_array
INFO: [VRFC 10-2263] Analyzing SystemVerilog file "C:/Users/kpcha/Desktop/College/DSD/Bitstream_Large_Tensors_v2/Bitstream_Large_Tensors_v2.srcs/sources_1/imports/new/mac.v" into library xil_defaultlib
INFO: [VRFC 10-311] analyzing module mac
INFO: [VRFC 10-2263] Analyzing SystemVerilog file "C:/Users/kpcha/Desktop/College/DSD/Bitstream_Large_Tensors_v2/Bitstream_Large_Tensors_v2.srcs/sources_1/imports/new/vector_lane.v" into library xil_defaultlib
INFO: [VRFC 10-311] analyzing module vector_lane
INFO: [VRFC 10-2263] Analyzing SystemVerilog file "C:/Users/kpcha/Desktop/College/DSD/Bitstream_Large_Tensors_v2/Bitstream_Large_Tensors_v2.srcs/sources_1/imports/new/matrix_cont.sv" into library xil_defaultlib
INFO: [VRFC 10-311] analyzing module matrix_cont
INFO: [VRFC 10-2263] Analyzing SystemVerilog file "C:/Users/kpcha/Desktop/College/DSD/Bitstream_Large_Tensors_v2/Bitstream_Large_Tensors_v2.srcs/sources_1/imports/new/uart_tensor_bridge.sv" into library xil_defaultlib
INFO: [VRFC 10-311] analyzing module uart_tensor_bridge
INFO: [VRFC 10-2263] Analyzing Verilog file "C:/Users/kpcha/Desktop/College/DSD/Bitstream_Large_Tensors_v2/Bitstream_Large_Tensors_v2.gen/sources_1/ip/bram_A_1/sim/bram_A.v" into library xil_defaultlib
INFO: [VRFC 10-311] analyzing module bram_A
INFO: [VRFC 10-2263] Analyzing Verilog file "C:/Users/kpcha/Desktop/College/DSD/Bitstream_Large_Tensors_v2/Bitstream_Large_Tensors_v2.gen/sources_1/ip/bram_B_1/sim/bram_B.v" into library xil_defaultlib
INFO: [VRFC 10-311] analyzing module bram_B
INFO: [VRFC 10-2263] Analyzing Verilog file "C:/Users/kpcha/Desktop/College/DSD/Bitstream_Large_Tensors_v2/Bitstream_Large_Tensors_v2.gen/sources_1/ip/bram_C_1/sim/bram_C.v" into library xil_defaultlib
INFO: [VRFC 10-311] analyzing module bram_C
INFO: [VRFC 10-2263] Analyzing SystemVerilog file "C:/Users/kpcha/Desktop/College/DSD/Bitstream_Large_Tensors_v2/Bitstream_Large_Tensors_v2.srcs/sim_1/new/tb.v" into library xil_defaultlib
INFO: [VRFC 10-311] analyzing module tb_tensor_top_random
INFO: [VRFC 10-2263] Analyzing SystemVerilog file "C:/Users/kpcha/Desktop/College/DSD/Bitstream_Large_Tensors_v2/Bitstream_Large_Tensors_v2.srcs/sim_1/new/tb_BRAM.v" into library xil_defaultlib
INFO: [VRFC 10-311] analyzing module tb_tensor_top_bram_random
INFO: [VRFC 10-2263] Analyzing SystemVerilog file "C:/Users/kpcha/Desktop/College/DSD/Bitstream_Large_Tensors_v2/Bitstream_Large_Tensors_v2.srcs/sim_1/new/tb_uart.v" into library xil_defaultlib
INFO: [VRFC 10-311] analyzing module tb_uart_tensor_bridge
