Time resolution is 1 ps
Block Memory Generator module tb_uart_tensor_bridge.u_dut.u_tensor.u_bram_A.inst.native_mem_module.blk_mem_gen_v8_4_11_inst is using a behavioral model for simulation which will not precisely model memory collision behavior.
Block Memory Generator module tb_uart_tensor_bridge.u_dut.u_tensor.u_bram_B.inst.native_mem_module.blk_mem_gen_v8_4_11_inst is using a behavioral model for simulation which will not precisely model memory collision behavior.
Block Memory Generator module tb_uart_tensor_bridge.u_dut.u_tensor.u_bram_C.inst.native_mem_module.blk_mem_gen_v8_4_11_inst is using a behavioral model for simulation which will not precisely model memory collision behavior.
blk_mem_gen_v8_4_11 collision detected at time: 5295000, Instance: tb_uart_tensor_bridge.u_dut.u_tensor.u_bram_A.inst.native_mem_module.blk_mem_gen_v8_4_11_inst, A write address: 0, B read address: 0
blk_mem_gen_v8_4_11 collision detected at time: 29375000, Instance: tb_uart_tensor_bridge.u_dut.u_tensor.u_bram_B.inst.native_mem_module.blk_mem_gen_v8_4_11_inst, A write address: 0, B read address: 0
blk_mem_gen_v8_4_11 collision detected at time: 54505000, Instance: tb_uart_tensor_bridge.u_dut.u_tensor.u_bram_C.inst.native_mem_module.blk_mem_gen_v8_4_11_inst, A write address: 0, B read address: 0
blk_mem_gen_v8_4_11 collision detected at time: 386105000, Instance: tb_uart_tensor_bridge.u_dut.u_tensor.u_bram_C.inst.native_mem_module.blk_mem_gen_v8_4_11_inst, A write address: 0, B read address: 0
Test 0 ok  op=000 M=2 K=2 N=2 D=1
blk_mem_gen_v8_4_11 collision detected at time: 440385000, Instance: tb_uart_tensor_bridge.u_dut.u_tensor.u_bram_C.inst.native_mem_module.blk_mem_gen_v8_4_11_inst, A write address: 41, B read address: 41
Test 1 ok  op=001 M=1 K=1 N=1 D=1
blk_mem_gen_v8_4_11 collision detected at time: 834735000, Instance: tb_uart_tensor_bridge.u_dut.u_tensor.u_bram_C.inst.native_mem_module.blk_mem_gen_v8_4_11_inst, A write address: 0, B read address: 0
blk_mem_gen_v8_4_11 collision detected at time: 1164405000, Instance: tb_uart_tensor_bridge.u_dut.u_tensor.u_bram_C.inst.native_mem_module.blk_mem_gen_v8_4_11_inst, A write address: 0, B read address: 0
Test 2 ok  op=010 M=2 K=2 N=2 D=1
blk_mem_gen_v8_4_11 collision detected at time: 1254805000, Instance: tb_uart_tensor_bridge.u_dut.u_tensor.u_bram_C.inst.native_mem_module.blk_mem_gen_v8_4_11_inst, A write address: 41, B read address: 41
blk_mem_gen_v8_4_11 collision detected at time: 1584095000, Instance: tb_uart_tensor_bridge.u_dut.u_tensor.u_bram_C.inst.native_mem_module.blk_mem_gen_v8_4_11_inst, A write address: 41, B read address: 41
Test 3 ok  op=011 M=2 K=2 N=2 D=1
blk_mem_gen_v8_4_11 collision detected at time: 1662185000, Instance: tb_uart_tensor_bridge.u_dut.u_tensor.u_bram_C.inst.native_mem_module.blk_mem_gen_v8_4_11_inst, A write address: 41, B read address: 41
blk_mem_gen_v8_4_11 collision detected at time: 1995335000, Instance: tb_uart_tensor_bridge.u_dut.u_tensor.u_bram_C.inst.native_mem_module.blk_mem_gen_v8_4_11_inst, A write address: 41, B read address: 41
Test 4 ok  op=100 M=2 K=3 N=3 D=1
blk_mem_gen_v8_4_11 collision detected at time: 2077675000, Instance: tb_uart_tensor_bridge.u_dut.u_tensor.u_bram_C.inst.native_mem_module.blk_mem_gen_v8_4_11_inst, A write address: 42, B read address: 42
Test 5 ok  op=101 M=2 K=2 N=2 D=1
blk_mem_gen_v8_4_11 collision detected at time: 2473235000, Instance: tb_uart_tensor_bridge.u_dut.u_tensor.u_bram_B.inst.native_mem_module.blk_mem_gen_v8_4_11_inst, A write address: 0, B read address: 0
blk_mem_gen_v8_4_11 collision detected at time: 2499015000, Instance: tb_uart_tensor_bridge.u_dut.u_tensor.u_bram_C.inst.native_mem_module.blk_mem_gen_v8_4_11_inst, A write address: 41, B read address: 41
blk_mem_gen_v8_4_11 collision detected at time: 2830235000, Instance: tb_uart_tensor_bridge.u_dut.u_tensor.u_bram_C.inst.native_mem_module.blk_mem_gen_v8_4_11_inst, A write address: 41, B read address: 41
Test 6 ok  op=000 M=2 K=2 N=2 D=1
blk_mem_gen_v8_4_11 collision detected at time: 2890265000, Instance: tb_uart_tensor_bridge.u_dut.u_tensor.u_bram_C.inst.native_mem_module.blk_mem_gen_v8_4_11_inst, A write address: 41, B read address: 41
Test 7 ok  op=101 M=1 K=4 N=3 D=1
blk_mem_gen_v8_4_11 collision detected at time: 3257705000, Instance: tb_uart_tensor_bridge.u_dut.u_tensor.u_bram_B.inst.native_mem_module.blk_mem_gen_v8_4_11_inst, A write address: 0, B read address: 0
blk_mem_gen_v8_4_11 collision detected at time: 3288875000, Instance: tb_uart_tensor_bridge.u_dut.u_tensor.u_bram_C.inst.native_mem_module.blk_mem_gen_v8_4_11_inst, A write address: 2, B read address: 2
blk_mem_gen_v8_4_11 collision detected at time: 3618585000, Instance: tb_uart_tensor_bridge.u_dut.u_tensor.u_bram_C.inst.native_mem_module.blk_mem_gen_v8_4_11_inst, A write address: 2, B read address: 2
Test 8 ok  op=001 M=1 K=4 N=3 D=1
blk_mem_gen_v8_4_11 collision detected at time: 3724235000, Instance: tb_uart_tensor_bridge.u_dut.u_tensor.u_bram_C.inst.native_mem_module.blk_mem_gen_v8_4_11_inst, A write address: 2, B read address: 2
blk_mem_gen_v8_4_11 collision detected at time: 4053945000, Instance: tb_uart_tensor_bridge.u_dut.u_tensor.u_bram_C.inst.native_mem_module.blk_mem_gen_v8_4_11_inst, A write address: 2, B read address: 2
Test 9 ok  op=011 M=2 K=2 N=3 D=1
blk_mem_gen_v8_4_11 collision detected at time: 4184655000, Instance: tb_uart_tensor_bridge.u_dut.u_tensor.u_bram_C.inst.native_mem_module.blk_mem_gen_v8_4_11_inst, A write address: 42, B read address: 42
blk_mem_gen_v8_4_11 collision detected at time: 4515895000, Instance: tb_uart_tensor_bridge.u_dut.u_tensor.u_bram_C.inst.native_mem_module.blk_mem_gen_v8_4_11_inst, A write address: 42, B read address: 42
Test 10 ok  op=000 M=3 K=2 N=3 D=1
blk_mem_gen_v8_4_11 collision detected at time: 4635305000, Instance: tb_uart_tensor_bridge.u_dut.u_tensor.u_bram_C.inst.native_mem_module.blk_mem_gen_v8_4_11_inst, A write address: 82, B read address: 82
Test 11 ok  op=100 M=3 K=2 N=1 D=1
blk_mem_gen_v8_4_11 collision detected at time: 5010045000, Instance: tb_uart_tensor_bridge.u_dut.u_tensor.u_bram_B.inst.native_mem_module.blk_mem_gen_v8_4_11_inst, A write address: 0, B read address: 0
blk_mem_gen_v8_4_11 collision detected at time: 5024415000, Instance: tb_uart_tensor_bridge.u_dut.u_tensor.u_bram_C.inst.native_mem_module.blk_mem_gen_v8_4_11_inst, A write address: 80, B read address: 80
Test 12 ok  op=000 M=2 K=1 N=2 D=1
blk_mem_gen_v8_4_11 collision detected at time: 5419125000, Instance: tb_uart_tensor_bridge.u_dut.u_tensor.u_bram_C.inst.native_mem_module.blk_mem_gen_v8_4_11_inst, A write address: 41, B read address: 41
Test 13 ok  op=011 M=2 K=3 N=1 D=1
blk_mem_gen_v8_4_11 collision detected at time: 5846335000, Instance: tb_uart_tensor_bridge.u_dut.u_tensor.u_bram_C.inst.native_mem_module.blk_mem_gen_v8_4_11_inst, A write address: 40, B read address: 40
blk_mem_gen_v8_4_11 collision detected at time: 6179465000, Instance: tb_uart_tensor_bridge.u_dut.u_tensor.u_bram_C.inst.native_mem_module.blk_mem_gen_v8_4_11_inst, A write address: 40, B read address: 40
Test 14 ok  op=100 M=4 K=3 N=4 D=1
blk_mem_gen_v8_4_11 collision detected at time: 6323465000, Instance: tb_uart_tensor_bridge.u_dut.u_tensor.u_bram_B.inst.native_mem_module.blk_mem_gen_v8_4_11_inst, A write address: 0, B read address: 0
blk_mem_gen_v8_4_11 collision detected at time: 6392685000, Instance: tb_uart_tensor_bridge.u_dut.u_tensor.u_bram_C.inst.native_mem_module.blk_mem_gen_v8_4_11_inst, A write address: c3, B read address: c3
Test 15 ok  op=001 M=3 K=4 N=2 D=1
blk_mem_gen_v8_4_11 collision detected at time: 6815685000, Instance: tb_uart_tensor_bridge.u_dut.u_tensor.u_bram_C.inst.native_mem_module.blk_mem_gen_v8_4_11_inst, A write address: 81, B read address: 81
Test 16 ok  op=101 M=2 K=1 N=3 D=1
blk_mem_gen_v8_4_11 collision detected at time: 7208835000, Instance: tb_uart_tensor_bridge.u_dut.u_tensor.u_bram_B.inst.native_mem_module.blk_mem_gen_v8_4_11_inst, A write address: 0, B read address: 0
blk_mem_gen_v8_4_11 collision detected at time: 7240645000, Instance: tb_uart_tensor_bridge.u_dut.u_tensor.u_bram_C.inst.native_mem_module.blk_mem_gen_v8_4_11_inst, A write address: 42, B read address: 42
Test 17 ok  op=010 M=1 K=2 N=3 D=1
blk_mem_gen_v8_4_11 collision detected at time: 7651285000, Instance: tb_uart_tensor_bridge.u_dut.u_tensor.u_bram_C.inst.native_mem_module.blk_mem_gen_v8_4_11_inst, A write address: 2, B read address: 2
Test 18 ok  op=001 M=4 K=4 N=1 D=1
blk_mem_gen_v8_4_11 collision detected at time: 8060565000, Instance: tb_uart_tensor_bridge.u_dut.u_tensor.u_bram_C.inst.native_mem_module.blk_mem_gen_v8_4_11_inst, A write address: c0, B read address: c0
Test 19 ok  op=000 M=1 K=3 N=1 D=1
blk_mem_gen_v8_4_11 collision detected at time: 8505665000, Instance: tb_uart_tensor_bridge.u_dut.u_tensor.u_bram_C.inst.native_mem_module.blk_mem_gen_v8_4_11_inst, A write address: 0, B read address: 0
blk_mem_gen_v8_4_11 collision detected at time: 8835335000, Instance: tb_uart_tensor_bridge.u_dut.u_tensor.u_bram_C.inst.native_mem_module.blk_mem_gen_v8_4_11_inst, A write address: 0, B read address: 0
Test 20 ok  op=001 M=2 K=3 N=4 D=1
blk_mem_gen_v8_4_11 collision detected at time: 8928215000, Instance: tb_uart_tensor_bridge.u_dut.u_tensor.u_bram_C.inst.native_mem_module.blk_mem_gen_v8_4_11_inst, A write address: 43, B read address: 43
Test 21 ok  op=101 M=1 K=3 N=3 D=1
blk_mem_gen_v8_4_11 collision detected at time: 9338845000, Instance: tb_uart_tensor_bridge.u_dut.u_tensor.u_bram_C.inst.native_mem_module.blk_mem_gen_v8_4_11_inst, A write address: 2, B read address: 2
Test 22 ok  op=101 M=4 K=2 N=2 D=1
blk_mem_gen_v8_4_11 collision detected at time: 9753405000, Instance: tb_uart_tensor_bridge.u_dut.u_tensor.u_bram_B.inst.native_mem_module.blk_mem_gen_v8_4_11_inst, A write address: 0, B read address: 0
blk_mem_gen_v8_4_11 collision detected at time: 9774445000, Instance: tb_uart_tensor_bridge.u_dut.u_tensor.u_bram_C.inst.native_mem_module.blk_mem_gen_v8_4_11_inst, A write address: c1, B read address: c1
