#-----------------------------------------------------------
# Vivado v2025.1 (64-bit)
# SW Build 6140274 on Thu May 22 00:12:29 MDT 2025
# IP Build 6138677 on Thu May 22 03:10:11 MDT 2025
# SharedData Build 6139179 on Tue May 20 17:58:58 MDT 2025
# Start of session at: Sun Mar 15 10:46:01 2026
# Process ID         : 28004
# Current directory  : C:/Users/kpcha/Desktop/College/DSD/2_4
# Command line       : vivado.exe -gui_launcher_event rodinguilauncherevent23136 C:\Users\kpcha\Desktop\College\DSD\2_4\2_4.xpr
# Log file           : C:/Users/kpcha/Desktop/College/DSD/2_4/vivado.log
# Journal file       : C:/Users/kpcha/Desktop/College/DSD/2_4\vivado.jou
# Running On         : CherryVamsi
# Platform           : Windows Server 2016 or Windows 10
# Operating System   : 26200
# Processor Detail   : 13th Gen Intel(R) Core(TM) i5-1334U
# CPU Frequency      : 2496 MHz
# CPU Physical cores : 10
# CPU Logical cores  : 12
# Host memory        : 16849 MB
# Swap memory        : 5368 MB
# Total Virtual      : 22217 MB
# Available Virtual  : 8018 MB
#-----------------------------------------------------------
start_gui
open_project C:/Users/kpcha/Desktop/College/DSD/2_4/2_4.xpr
WARNING: [Board 49-26] cannot add Board Part xilinx.com:emb-plus-vpr-4616:part0:1.0 available at C:/Xilinx/2025.1/data/xhub/boards\XilinxBoardStore\boards\Xilinx\emb-plus-vpr-4616\1.0\board.xml as part xcve2302-sfva784-2mp-e-s specified in board_part file is either invalid or not available
WARNING: [Board 49-26] cannot add Board Part xilinx.com:emb-plus-vpr-4616:part0:1.1 available at C:/Xilinx/2025.1/data/xhub/boards\XilinxBoardStore\boards\Xilinx\emb-plus-vpr-4616\1.1\board.xml as part xcve2302-sfva784-2mp-e-s specified in board_part file is either invalid or not available
WARNING: [Board 49-26] cannot add Board Part xilinx.com:k24c:part0:1.0 available at C:/Xilinx/2025.1/data/xhub/boards\XilinxBoardStore\boards\Xilinx\k24c\1.0\board.xml as part xck24-ubva530-2lv-c specified in board_part file is either invalid or not available
WARNING: [Board 49-26] cannot add Board Part xilinx.com:k24c:part0:1.1 available at C:/Xilinx/2025.1/data/xhub/boards\XilinxBoardStore\boards\Xilinx\k24c\1.1\board.xml as part xck24-ubva530-2lv-c specified in board_part file is either invalid or not available
WARNING: [Board 49-26] cannot add Board Part xilinx.com:k24i:part0:1.0 available at C:/Xilinx/2025.1/data/xhub/boards\XilinxBoardStore\boards\Xilinx\k24i\1.0\board.xml as part xck24-ubva530-2lvi-i specified in board_part file is either invalid or not available
WARNING: [Board 49-26] cannot add Board Part xilinx.com:k26c:part0:1.2 available at C:/Xilinx/2025.1/data/xhub/boards\XilinxBoardStore\boards\Xilinx\k26c\1.2\board.xml as part xck26-sfvc784-2lv-c specified in board_part file is either invalid or not available
WARNING: [Board 49-26] cannot add Board Part xilinx.com:k26c:part0:1.3 available at C:/Xilinx/2025.1/data/xhub/boards\XilinxBoardStore\boards\Xilinx\k26c\1.3\board.xml as part xck26-sfvc784-2lv-c specified in board_part file is either invalid or not available
WARNING: [Board 49-26] cannot add Board Part xilinx.com:k26c:part0:1.4 available at C:/Xilinx/2025.1/data/xhub/boards\XilinxBoardStore\boards\Xilinx\k26c\1.4\board.xml as part xck26-sfvc784-2lv-c specified in board_part file is either invalid or not available
WARNING: [Board 49-26] cannot add Board Part xilinx.com:k26i:part0:1.2 available at C:/Xilinx/2025.1/data/xhub/boards\XilinxBoardStore\boards\Xilinx\k26i\1.2\board.xml as part xck26-sfvc784-2lvi-i specified in board_part file is either invalid or not available
WARNING: [Board 49-26] cannot add Board Part xilinx.com:k26i:part0:1.3 available at C:/Xilinx/2025.1/data/xhub/boards\XilinxBoardStore\boards\Xilinx\k26i\1.3\board.xml as part xck26-sfvc784-2lvi-i specified in board_part file is either invalid or not available
WARNING: [Board 49-26] cannot add Board Part xilinx.com:k26i:part0:1.4 available at C:/Xilinx/2025.1/data/xhub/boards\XilinxBoardStore\boards\Xilinx\k26i\1.4\board.xml as part xck26-sfvc784-2lvi-i specified in board_part file is either invalid or not available
WARNING: [Board 49-26] cannot add Board Part xilinx.com:kcu105:part0:1.6 available at C:/Xilinx/2025.1/data/xhub/boards\XilinxBoardStore\boards\Xilinx\kcu105\1.6\board.xml as part xcku040-ffva1156-2-e specified in board_part file is either invalid or not available
WARNING: [Board 49-26] cannot add Board Part xilinx.com:kcu105:part0:1.7 available at C:/Xilinx/2025.1/data/xhub/boards\XilinxBoardStore\boards\Xilinx\kcu105\1.7\board.xml as part xcku040-ffva1156-2-e specified in board_part file is either invalid or not available
WARNING: [Board 49-26] cannot add Board Part xilinx.com:kcu116:part0:1.4 available at C:/Xilinx/2025.1/data/xhub/boards\XilinxBoardStore\boards\Xilinx\kcu116\1.4\board.xml as part xcku5p-ffvb676-2-e specified in board_part file is either invalid or not available
WARNING: [Board 49-26] cannot add Board Part xilinx.com:kcu116:part0:1.5 available at C:/Xilinx/2025.1/data/xhub/boards\XilinxBoardStore\boards\Xilinx\kcu116\1.5\board.xml as part xcku5p-ffvb676-2-e specified in board_part file is either invalid or not available
WARNING: [Board 49-26] cannot add Board Part xilinx.com:kcu1500:part0:1.2 available at C:/Xilinx/2025.1/data/xhub/boards\XilinxBoardStore\boards\Xilinx\kcu1500\1.2\board.xml as part xcku115-flvb2104-2-e specified in board_part file is either invalid or not available
WARNING: [Board 49-26] cannot add Board Part xilinx.com:kd240_som:part0:1.0 available at C:/Xilinx/2025.1/data/xhub/boards\XilinxBoardStore\boards\Xilinx\kd240_som\1.0\board.xml as part xck24-ubva530-2lv-c specified in board_part file is either invalid or not available
WARNING: [Board 49-26] cannot add Board Part xilinx.com:kd240_som:part0:1.1 available at C:/Xilinx/2025.1/data/xhub/boards\XilinxBoardStore\boards\Xilinx\kd240_som\1.1\board.xml as part xck24-ubva530-2lv-c specified in board_part file is either invalid or not available
WARNING: [Board 49-26] cannot add Board Part xilinx.com:kr260_som:part0:1.0 available at C:/Xilinx/2025.1/data/xhub/boards\XilinxBoardStore\boards\Xilinx\kr260_som\1.0\board.xml as part xck26-sfvc784-2lv-c specified in board_part file is either invalid or not available
WARNING: [Board 49-26] cannot add Board Part xilinx.com:kr260_som:part0:1.1 available at C:/Xilinx/2025.1/data/xhub/boards\XilinxBoardStore\boards\Xilinx\kr260_som\1.1\board.xml as part xck26-sfvc784-2lv-c specified in board_part file is either invalid or not available
WARNING: [Board 49-26] cannot add Board Part xilinx.com:kv260_som:part0:1.2 available at C:/Xilinx/2025.1/data/xhub/boards\XilinxBoardStore\boards\Xilinx\kv260_som\1.2\board.xml as part xck26-sfvc784-2lv-c specified in board_part file is either invalid or not available
WARNING: [Board 49-26] cannot add Board Part xilinx.com:kv260_som:part0:1.3 available at C:/Xilinx/2025.1/data/xhub/boards\XilinxBoardStore\boards\Xilinx\kv260_som\1.3\board.xml as part xck26-sfvc784-2lv-c specified in board_part file is either invalid or not available
WARNING: [Board 49-26] cannot add Board Part xilinx.com:kv260_som:part0:1.4 available at C:/Xilinx/2025.1/data/xhub/boards\XilinxBoardStore\boards\Xilinx\kv260_som\1.4\board.xml as part xck26-sfvc784-2lv-c specified in board_part file is either invalid or not available
WARNING: [Board 49-26] cannot add Board Part xilinx.com:scu35:part0:1.0 available at C:/Xilinx/2025.1/data/xhub/boards\XilinxBoardStore\boards\Xilinx\scu35\1.0\board.xml as part xcsu35p-sbvb625-2-e specified in board_part file is either invalid or not available
WARNING: [Board 49-26] cannot add Board Part xilinx.com:v80:part0:1.0 available at C:/Xilinx/2025.1/data/xhub/boards\XilinxBoardStore\boards\Xilinx\v80\1.0\board.xml as part xcv80-lsva4737-2mhp-e-s specified in board_part file is either invalid or not available
WARNING: [Board 49-26] cannot add Board Part xilinx.com:vck190:part0:2.2 available at C:/Xilinx/2025.1/data/xhub/boards\XilinxBoardStore\boards\Xilinx\vck190\production\2.2\board.xml as part xcvc1902-vsva2197-2mp-e-s specified in board_part file is either invalid or not available
WARNING: [Board 49-26] cannot add Board Part xilinx.com:vck190:part0:3.0 available at C:/Xilinx/2025.1/data/xhub/boards\XilinxBoardStore\boards\Xilinx\vck190\production\3.0\board.xml as part xcvc1902-vsva2197-2mp-e-s specified in board_part file is either invalid or not available
WARNING: [Board 49-26] cannot add Board Part xilinx.com:vck190:part0:3.1 available at C:/Xilinx/2025.1/data/xhub/boards\XilinxBoardStore\boards\Xilinx\vck190\production\3.1\board.xml as part xcvc1902-vsva2197-2mp-e-s specified in board_part file is either invalid or not available
WARNING: [Board 49-26] cannot add Board Part xilinx.com:vck190:part0:3.2 available at C:/Xilinx/2025.1/data/xhub/boards\XilinxBoardStore\boards\Xilinx\vck190\production\3.2\board.xml as part xcvc1902-vsva2197-2mp-e-s specified in board_part file is either invalid or not available
WARNING: [Board 49-26] cannot add Board Part xilinx.com:vck190:part0:3.3 available at C:/Xilinx/2025.1/data/xhub/boards\XilinxBoardStore\boards\Xilinx\vck190\production\3.3\board.xml as part xcvc1902-vsva2197-2mp-e-s specified in board_part file is either invalid or not available
WARNING: [Board 49-26] cannot add Board Part xilinx.com:vck190:part0:3.4 available at C:/Xilinx/2025.1/data/xhub/boards\XilinxBoardStore\boards\Xilinx\vck190\production\3.4\board.xml as part xcvc1902-vsva2197-2mp-e-s specified in board_part file is either invalid or not available
WARNING: [Board 49-26] cannot add Board Part xilinx.com:vck190_newl:part0:1.0 available at C:/Xilinx/2025.1/data/xhub/boards\XilinxBoardStore\boards\Xilinx\vck190_newl\production\1.0\board.xml as part xcvc1902-vsva2197-2mp-e-s specified in board_part file is either invalid or not available
WARNING: [Board 49-26] cannot add Board Part xilinx.com:vck190_newl:part0:1.1 available at C:/Xilinx/2025.1/data/xhub/boards\XilinxBoardStore\boards\Xilinx\vck190_newl\production\1.1\board.xml as part xcvc1902-vsva2197-2mp-e-s specified in board_part file is either invalid or not available
WARNING: [Board 49-26] cannot add Board Part xilinx.com:vck190_newl:part0:1.2 available at C:/Xilinx/2025.1/data/xhub/boards\XilinxBoardStore\boards\Xilinx\vck190_newl\production\1.2\board.xml as part xcvc1902-vsva2197-2mp-e-s specified in board_part file is either invalid or not available
WARNING: [Board 49-26] cannot add Board Part xilinx.com:vck190_newl:part0:1.3 available at C:/Xilinx/2025.1/data/xhub/boards\XilinxBoardStore\boards\Xilinx\vck190_newl\production\1.3\board.xml as part xcvc1902-vsva2197-2mp-e-s specified in board_part file is either invalid or not available
WARNING: [Board 49-26] cannot add Board Part xilinx.com:vcu108:part0:1.6 available at C:/Xilinx/2025.1/data/xhub/boards\XilinxBoardStore\boards\Xilinx\vcu108\1.6\board.xml as part xcvu095-ffva2104-2-e specified in board_part file is either invalid or not available
WARNING: [Board 49-26] cannot add Board Part xilinx.com:vcu108:part0:1.7 available at C:/Xilinx/2025.1/data/xhub/boards\XilinxBoardStore\boards\Xilinx\vcu108\1.7\board.xml as part xcvu095-ffva2104-2-e specified in board_part file is either invalid or not available
WARNING: [Board 49-26] cannot add Board Part xilinx.com:vcu110:part0:1.4 available at C:/Xilinx/2025.1/data/xhub/boards\XilinxBoardStore\boards\Xilinx\vcu110\1.4\board.xml as part xcvu190-flgc2104-2-e specified in board_part file is either invalid or not available
WARNING: [Board 49-26] cannot add Board Part xilinx.com:vcu118:part0:2.0 available at C:/Xilinx/2025.1/data/xhub/boards\XilinxBoardStore\boards\Xilinx\vcu118\2.0\board.xml as part xcvu9p-flga2104-2l-e specified in board_part file is either invalid or not available
WARNING: [Board 49-26] cannot add Board Part xilinx.com:vcu118:part0:2.3 available at C:/Xilinx/2025.1/data/xhub/boards\XilinxBoardStore\boards\Xilinx\vcu118\2.3\board.xml as part xcvu9p-flga2104-2l-e specified in board_part file is either invalid or not available
WARNING: [Board 49-26] cannot add Board Part xilinx.com:vcu118:part0:2.4 available at C:/Xilinx/2025.1/data/xhub/boards\XilinxBoardStore\boards\Xilinx\vcu118\2.4\board.xml as part xcvu9p-flga2104-2l-e specified in board_part file is either invalid or not available
WARNING: [Board 49-26] cannot add Board Part xilinx.com:vcu128:part0:1.0 available at C:/Xilinx/2025.1/data/xhub/boards\XilinxBoardStore\boards\Xilinx\vcu128\production\1.0\board.xml as part xcvu37p-fsvh2892-2l-e specified in board_part file is either invalid or not available
WARNING: [Board 49-26] cannot add Board Part xilinx.com:vcu129:part0:1.0 available at C:/Xilinx/2025.1/data/xhub/boards\XilinxBoardStore\boards\Xilinx\vcu129\production\1.0\board.xml as part xcvu29p-fsga2577-2l-e specified in board_part file is either invalid or not available
WARNING: [Board 49-26] cannot add Board Part xilinx.com:vcu1525:part0:1.3 available at C:/Xilinx/2025.1/data/xhub/boards\XilinxBoardStore\boards\Xilinx\vcu1525\1.3\board.xml as part xcvu9p-fsgd2104-2l-e specified in board_part file is either invalid or not available
WARNING: [Board 49-26] cannot add Board Part xilinx.com:vek280:part0:1.0 available at C:/Xilinx/2025.1/data/xhub/boards\XilinxBoardStore\boards\Xilinx\vek280\production\1.0\board.xml as part xcve2802-vsvh1760-2mp-e-s specified in board_part file is either invalid or not available
WARNING: [Board 49-26] cannot add Board Part xilinx.com:vek280:part0:1.1 available at C:/Xilinx/2025.1/data/xhub/boards\XilinxBoardStore\boards\Xilinx\vek280\production\1.1\board.xml as part xcve2802-vsvh1760-2mp-e-s specified in board_part file is either invalid or not available
WARNING: [Board 49-26] cannot add Board Part xilinx.com:vek280:part0:1.2 available at C:/Xilinx/2025.1/data/xhub/boards\XilinxBoardStore\boards\Xilinx\vek280\production\1.2\board.xml as part xcve2802-vsvh1760-2mp-e-s specified in board_part file is either invalid or not available
WARNING: [Board 49-26] cannot add Board Part xilinx.com:vek385:part0:1.0 available at C:/Xilinx/2025.1/data/xhub/boards\XilinxBoardStore\boards\Xilinx\vek385\1.0\board.xml as part xc2ve3858-ssva2112-2mp-e-s specified in board_part file is either invalid or not available
WARNING: [Board 49-26] cannot add Board Part xilinx.com:vermeo_t1_mpsoc:part0:1.0 available at C:/Xilinx/2025.1/data/xhub/boards\XilinxBoardStore\boards\Xilinx\vermeo_t1_mpsoc\1.0\board.xml as part xczu19eg-ffvd1760-2l-e specified in board_part file is either invalid or not available
WARNING: [Board 49-26] cannot add Board Part xilinx.com:vermeo_t1_rfsoc:part0:1.0 available at C:/Xilinx/2025.1/data/xhub/boards\XilinxBoardStore\boards\Xilinx\vermeo_t1_rfsoc\1.0\board.xml as part xczu21dr-ffvd1156-2l-e specified in board_part file is either invalid or not available
WARNING: [Board 49-26] cannot add Board Part xilinx.com:vhk158:part0:1.0 available at C:/Xilinx/2025.1/data/xhub/boards\XilinxBoardStore\boards\Xilinx\vhk158\production\1.0\board.xml as part xcvh1582-vsva3697-2mp-e-s specified in board_part file is either invalid or not available
WARNING: [Board 49-26] cannot add Board Part xilinx.com:vhk158:part0:1.1 available at C:/Xilinx/2025.1/data/xhub/boards\XilinxBoardStore\boards\Xilinx\vhk158\production\1.1\board.xml as part xcvh1582-vsva3697-2mp-e-s specified in board_part file is either invalid or not available
WARNING: [Board 49-26] cannot add Board Part xilinx.com:vhk158:part0:1.2 available at C:/Xilinx/2025.1/data/xhub/boards\XilinxBoardStore\boards\Xilinx\vhk158\production\1.2\board.xml as part xcvh1582-vsva3697-2mp-e-s specified in board_part file is either invalid or not available
WARNING: [Board 49-26] cannot add Board Part xilinx.com:vmk180:part0:2.2 available at C:/Xilinx/2025.1/data/xhub/boards\XilinxBoardStore\boards\Xilinx\vmk180\production\2.2\board.xml as part xcvm1802-vsva2197-2mp-e-s specified in board_part file is either invalid or not available
WARNING: [Board 49-26] cannot add Board Part xilinx.com:vmk180:part0:3.0 available at C:/Xilinx/2025.1/data/xhub/boards\XilinxBoardStore\boards\Xilinx\vmk180\production\3.0\board.xml as part xcvm1802-vsva2197-2mp-e-s specified in board_part file is either invalid or not available
WARNING: [Board 49-26] cannot add Board Part xilinx.com:vmk180:part0:3.1 available at C:/Xilinx/2025.1/data/xhub/boards\XilinxBoardStore\boards\Xilinx\vmk180\production\3.1\board.xml as part xcvm1802-vsva2197-2mp-e-s specified in board_part file is either invalid or not available
WARNING: [Board 49-26] cannot add Board Part xilinx.com:vmk180:part0:3.2 available at C:/Xilinx/2025.1/data/xhub/boards\XilinxBoardStore\boards\Xilinx\vmk180\production\3.2\board.xml as part xcvm1802-vsva2197-2mp-e-s specified in board_part file is either invalid or not available
WARNING: [Board 49-26] cannot add Board Part xilinx.com:vmk180:part0:3.3 available at C:/Xilinx/2025.1/data/xhub/boards\XilinxBoardStore\boards\Xilinx\vmk180\production\3.3\board.xml as part xcvm1802-vsva2197-2mp-e-s specified in board_part file is either invalid or not available
WARNING: [Board 49-26] cannot add Board Part xilinx.com:vmk180_newl:part0:1.0 available at C:/Xilinx/2025.1/data/xhub/boards\XilinxBoardStore\boards\Xilinx\vmk180_newl\production\1.0\board.xml as part xcvm1802-vsva2197-2mp-e-s specified in board_part file is either invalid or not available
WARNING: [Board 49-26] cannot add Board Part xilinx.com:vmk180_newl:part0:1.1 available at C:/Xilinx/2025.1/data/xhub/boards\XilinxBoardStore\boards\Xilinx\vmk180_newl\production\1.1\board.xml as part xcvm1802-vsva2197-2mp-e-s specified in board_part file is either invalid or not available
WARNING: [Board 49-26] cannot add Board Part xilinx.com:vpk120:part0:1.0 available at C:/Xilinx/2025.1/data/xhub/boards\XilinxBoardStore\boards\Xilinx\vpk120\production\1.0\board.xml as part xcvp1202-vsva2785-2mp-e-s specified in board_part file is either invalid or not available
WARNING: [Board 49-26] cannot add Board Part xilinx.com:vpk120:part0:1.1 available at C:/Xilinx/2025.1/data/xhub/boards\XilinxBoardStore\boards\Xilinx\vpk120\production\1.1\board.xml as part xcvp1202-vsva2785-2mp-e-s specified in board_part file is either invalid or not available
WARNING: [Board 49-26] cannot add Board Part xilinx.com:vpk120:part0:1.2 available at C:/Xilinx/2025.1/data/xhub/boards\XilinxBoardStore\boards\Xilinx\vpk120\production\1.2\board.xml as part xcvp1202-vsva2785-2mp-e-s specified in board_part file is either invalid or not available
WARNING: [Board 49-26] cannot add Board Part xilinx.com:vpk180:part0:1.0 available at C:/Xilinx/2025.1/data/xhub/boards\XilinxBoardStore\boards\Xilinx\vpk180\production\1.0\board.xml as part xcvp1802-lsvc4072-2mp-e-s specified in board_part file is either invalid or not available
WARNING: [Board 49-26] cannot add Board Part xilinx.com:vpk180:part0:1.1 available at C:/Xilinx/2025.1/data/xhub/boards\XilinxBoardStore\boards\Xilinx\vpk180\production\1.1\board.xml as part xcvp1802-lsvc4072-2mp-e-s specified in board_part file is either invalid or not available
WARNING: [Board 49-26] cannot add Board Part xilinx.com:vpk180:part0:1.2 available at C:/Xilinx/2025.1/data/xhub/boards\XilinxBoardStore\boards\Xilinx\vpk180\production\1.2\board.xml as part xcvp1802-lsvc4072-2mp-e-s specified in board_part file is either invalid or not available
WARNING: [Board 49-26] cannot add Board Part xilinx.com:zc702:part0:1.4 available at C:/Xilinx/2025.1/data/xhub/boards\XilinxBoardStore\boards\Xilinx\zc702\1.4\board.xml as part xc7z020clg484-1 specified in board_part file is either invalid or not available
WARNING: [Board 49-26] cannot add Board Part xilinx.com:zc706:part0:1.4 available at C:/Xilinx/2025.1/data/xhub/boards\XilinxBoardStore\boards\Xilinx\zc706\1.4\board.xml as part xc7z045ffg900-2 specified in board_part file is either invalid or not available
WARNING: [Board 49-26] cannot add Board Part xilinx.com:zcu102:part0:3.3 available at C:/Xilinx/2025.1/data/xhub/boards\XilinxBoardStore\boards\Xilinx\zcu102\3.3\board.xml as part xczu9eg-ffvb1156-2-e specified in board_part file is either invalid or not available
WARNING: [Board 49-26] cannot add Board Part xilinx.com:zcu102:part0:3.4 available at C:/Xilinx/2025.1/data/xhub/boards\XilinxBoardStore\boards\Xilinx\zcu102\3.4\board.xml as part xczu9eg-ffvb1156-2-e specified in board_part file is either invalid or not available
WARNING: [Board 49-26] cannot add Board Part xilinx.com:zcu104:part0:1.1 available at C:/Xilinx/2025.1/data/xhub/boards\XilinxBoardStore\boards\Xilinx\zcu104\1.1\board.xml as part xczu7ev-ffvc1156-2-e specified in board_part file is either invalid or not available
WARNING: [Board 49-26] cannot add Board Part xilinx.com:zcu106:part0:2.4 available at C:/Xilinx/2025.1/data/xhub/boards\XilinxBoardStore\boards\Xilinx\zcu106\2.4\board.xml as part xczu7ev-ffvc1156-2-e specified in board_part file is either invalid or not available
WARNING: [Board 49-26] cannot add Board Part xilinx.com:zcu106:part0:2.5 available at C:/Xilinx/2025.1/data/xhub/boards\XilinxBoardStore\boards\Xilinx\zcu106\2.5\board.xml as part xczu7ev-ffvc1156-2-e specified in board_part file is either invalid or not available
WARNING: [Board 49-26] cannot add Board Part xilinx.com:zcu106:part0:2.6 available at C:/Xilinx/2025.1/data/xhub/boards\XilinxBoardStore\boards\Xilinx\zcu106\2.6\board.xml as part xczu7ev-ffvc1156-2-e specified in board_part file is either invalid or not available
WARNING: [Board 49-26] cannot add Board Part xilinx.com:zcu111:part0:1.2 available at C:/Xilinx/2025.1/data/xhub/boards\XilinxBoardStore\boards\Xilinx\zcu111\1.2\board.xml as part xczu28dr-ffvg1517-2-e specified in board_part file is either invalid or not available
WARNING: [Board 49-26] cannot add Board Part xilinx.com:zcu111:part0:1.3 available at C:/Xilinx/2025.1/data/xhub/boards\XilinxBoardStore\boards\Xilinx\zcu111\1.3\board.xml as part xczu28dr-ffvg1517-2-e specified in board_part file is either invalid or not available
WARNING: [Board 49-26] cannot add Board Part xilinx.com:zcu111:part0:1.4 available at C:/Xilinx/2025.1/data/xhub/boards\XilinxBoardStore\boards\Xilinx\zcu111\1.4\board.xml as part xczu28dr-ffvg1517-2-e specified in board_part file is either invalid or not available
WARNING: [Board 49-26] cannot add Board Part xilinx.com:zcu1275:part0:1.0 available at C:/Xilinx/2025.1/data/xhub/boards\XilinxBoardStore\boards\Xilinx\zcu1275\1.0\board.xml as part xczu29dr-ffvf1760-2-e specified in board_part file is either invalid or not available
WARNING: [Board 49-26] cannot add Board Part xilinx.com:zcu1285:part0:1.0 available at C:/Xilinx/2025.1/data/xhub/boards\XilinxBoardStore\boards\Xilinx\zcu1285\1.0\board.xml as part xczu39dr-ffvf1760-2-i specified in board_part file is either invalid or not available
WARNING: [Board 49-26] cannot add Board Part xilinx.com:zcu208:part0:2.0 available at C:/Xilinx/2025.1/data/xhub/boards\XilinxBoardStore\boards\Xilinx\zcu208\production\2.0\board.xml as part xczu48dr-fsvg1517-2-e specified in board_part file is either invalid or not available
WARNING: [Board 49-26] cannot add Board Part xilinx.com:zcu208ld:part0:2.0 available at C:/Xilinx/2025.1/data/xhub/boards\XilinxBoardStore\boards\Xilinx\zcu208ld\production\2.0\board.xml as part xczu58dr-fsvg1517-2-i specified in board_part file is either invalid or not available
WARNING: [Board 49-26] cannot add Board Part xilinx.com:zcu216:part0:2.0 available at C:/Xilinx/2025.1/data/xhub/boards\XilinxBoardStore\boards\Xilinx\zcu216\production\2.0\board.xml as part xczu49dr-ffvf1760-2-e specified in board_part file is either invalid or not available
WARNING: [Board 49-26] cannot add Board Part xilinx.com:zcu216ld:part0:2.0 available at C:/Xilinx/2025.1/data/xhub/boards\XilinxBoardStore\boards\Xilinx\zcu216ld\production\2.0\board.xml as part xczu59dr-ffvf1760-2-i specified in board_part file is either invalid or not available
WARNING: [Board 49-26] cannot add Board Part xilinx.com:zcu670:part0:2.0 available at C:/Xilinx/2025.1/data/xhub/boards\XilinxBoardStore\boards\Xilinx\zcu670\2.0\board.xml as part xczu67dr-fsve1156-2-i specified in board_part file is either invalid or not available
WARNING: [Board 49-26] cannot add Board Part xilinx.com:zcu670ld:part0:1.0 available at C:/Xilinx/2025.1/data/xhub/boards\XilinxBoardStore\boards\Xilinx\zcu670ld\1.0\board.xml as part xczu57dr-fsve1156-2-i specified in board_part file is either invalid or not available
INFO: [filemgmt 56-3] Default IP Output Path : Could not find the directory 'C:/Users/kpcha/Desktop/College/DSD/2_4/2_4.gen/sources_1'.
Scanning sources...
Finished scanning sources
WARNING: [Board 49-26] cannot add Board Part xilinx.com:emb-plus-vpr-4616:part0:1.0 available at C:/Xilinx/2025.1/data/xhub/boards\XilinxBoardStore\boards\Xilinx\emb-plus-vpr-4616\1.0\board.xml as part xcve2302-sfva784-2mp-e-s specified in board_part file is either invalid or not available
WARNING: [Board 49-26] cannot add Board Part xilinx.com:emb-plus-vpr-4616:part0:1.1 available at C:/Xilinx/2025.1/data/xhub/boards\XilinxBoardStore\boards\Xilinx\emb-plus-vpr-4616\1.1\board.xml as part xcve2302-sfva784-2mp-e-s specified in board_part file is either invalid or not available
WARNING: [Board 49-26] cannot add Board Part xilinx.com:k24c:part0:1.0 available at C:/Xilinx/2025.1/data/xhub/boards\XilinxBoardStore\boards\Xilinx\k24c\1.0\board.xml as part xck24-ubva530-2lv-c specified in board_part file is either invalid or not available
WARNING: [Board 49-26] cannot add Board Part xilinx.com:k24c:part0:1.1 available at C:/Xilinx/2025.1/data/xhub/boards\XilinxBoardStore\boards\Xilinx\k24c\1.1\board.xml as part xck24-ubva530-2lv-c specified in board_part file is either invalid or not available
WARNING: [Board 49-26] cannot add Board Part xilinx.com:k24i:part0:1.0 available at C:/Xilinx/2025.1/data/xhub/boards\XilinxBoardStore\boards\Xilinx\k24i\1.0\board.xml as part xck24-ubva530-2lvi-i specified in board_part file is either invalid or not available
WARNING: [Board 49-26] cannot add Board Part xilinx.com:k26c:part0:1.2 available at C:/Xilinx/2025.1/data/xhub/boards\XilinxBoardStore\boards\Xilinx\k26c\1.2\board.xml as part xck26-sfvc784-2lv-c specified in board_part file is either invalid or not available
WARNING: [Board 49-26] cannot add Board Part xilinx.com:k26c:part0:1.3 available at C:/Xilinx/2025.1/data/xhub/boards\XilinxBoardStore\boards\Xilinx\k26c\1.3\board.xml as part xck26-sfvc784-2lv-c specified in board_part file is either invalid or not available
WARNING: [Board 49-26] cannot add Board Part xilinx.com:k26c:part0:1.4 available at C:/Xilinx/2025.1/data/xhub/boards\XilinxBoardStore\boards\Xilinx\k26c\1.4\board.xml as part xck26-sfvc784-2lv-c specified in board_part file is either invalid or not available
WARNING: [Board 49-26] cannot add Board Part xilinx.com:k26i:part0:1.2 available at C:/Xilinx/2025.1/data/xhub/boards\XilinxBoardStore\boards\Xilinx\k26i\1.2\board.xml as part xck26-sfvc784-2lvi-i specified in board_part file is either invalid or not available
WARNING: [Board 49-26] cannot add Board Part xilinx.com:k26i:part0:1.3 available at C:/Xilinx/2025.1/data/xhub/boards\XilinxBoardStore\boards\Xilinx\k26i\1.3\board.xml as part xck26-sfvc784-2lvi-i specified in board_part file is either invalid or not available
WARNING: [Board 49-26] cannot add Board Part xilinx.com:k26i:part0:1.4 available at C:/Xilinx/2025.1/data/xhub/boards\XilinxBoardStore\boards\Xilinx\k26i\1.4\board.xml as part xck26-sfvc784-2lvi-i specified in board_part file is either invalid or not available
WARNING: [Board 49-26] cannot add Board Part xilinx.com:kcu105:part0:1.6 available at C:/Xilinx/2025.1/data/xhub/boards\XilinxBoardStore\boards\Xilinx\kcu105\1.6\board.xml as part xcku040-ffva1156-2-e specified in board_part file is either invalid or not available
WARNING: [Board 49-26] cannot add Board Part xilinx.com:kcu105:part0:1.7 available at C:/Xilinx/2025.1/data/xhub/boards\XilinxBoardStore\boards\Xilinx\kcu105\1.7\board.xml as part xcku040-ffva1156-2-e specified in board_part file is either invalid or not available
WARNING: [Board 49-26] cannot add Board Part xilinx.com:kcu116:part0:1.4 available at C:/Xilinx/2025.1/data/xhub/boards\XilinxBoardStore\boards\Xilinx\kcu116\1.4\board.xml as part xcku5p-ffvb676-2-e specified in board_part file is either invalid or not available
WARNING: [Board 49-26] cannot add Board Part xilinx.com:kcu116:part0:1.5 available at C:/Xilinx/2025.1/data/xhub/boards\XilinxBoardStore\boards\Xilinx\kcu116\1.5\board.xml as part xcku5p-ffvb676-2-e specified in board_part file is either invalid or not available
INFO: [Common 17-14] Message 'Board 49-26' appears 100 times and further instances of the messages will be disabled. Use the Tcl command set_msg_config to change the current settings.
WARNING: [Project 1-5713] Board part '' set for the project  is not found. BoardPart property will be unset. Please select board from latest repo build 
INFO: [IP_Flow 19-234] Refreshing IP repositories
INFO: [IP_Flow 19-1704] No user IP repositories specified
INFO: [IP_Flow 19-2313] Loaded Vivado IP repository 'C:/Xilinx/2025.1/Vivado/data/ip'.
open_project: Time (s): cpu = 00:00:20 ; elapsed = 00:00:10 . Memory (MB): peak = 1603.148 ; gain = 159.816
update_compile_order -fileset sources_1
launch_simulation
Command: launch_simulation 
INFO: [Vivado 12-12493] Simulation top is 'tb_matrix_cont'
INFO: [Vivado 12-5682] Launching behavioral simulation in 'C:/Users/kpcha/Desktop/College/DSD/2_4/2_4.sim/sim_1/behav/xsim'
INFO: [SIM-utils-51] Simulation object is 'sim_1'
INFO: [SIM-utils-72] Using boost library from 'C:/Xilinx/2025.1/Vivado/tps/boost_1_72_0'
INFO: [SIM-utils-54] Inspecting design source files for 'tb_matrix_cont' in fileset 'sim_1'...
INFO: [USF-XSim-97] Finding global include files...
INFO: [USF-XSim-98] Fetching design files from 'sim_1'...
INFO: [USF-XSim-2] XSim::Compile design
INFO: [USF-XSim-61] Executing 'COMPILE and ANALYZE' step in 'C:/Users/kpcha/Desktop/College/DSD/2_4/2_4.sim/sim_1/behav/xsim'
"xvlog --incr --relax -L uvm -prj tb_matrix_cont_vlog.prj"
INFO: [VRFC 10-2263] Analyzing SystemVerilog file "C:/Users/kpcha/Desktop/College/DSD/2_4/2_4.srcs/sources_1/new/accel_fsm.v" into library xil_defaultlib
INFO: [VRFC 10-311] analyzing module accel_fsm
INFO: [VRFC 10-2263] Analyzing SystemVerilog file "C:/Users/kpcha/Desktop/College/DSD/2_4/2_4.srcs/sources_1/new/accel_top.v" into library xil_defaultlib
INFO: [VRFC 10-311] analyzing module accel_top
INFO: [VRFC 10-2263] Analyzing SystemVerilog file "C:/Users/kpcha/Desktop/College/DSD/2_4/2_4.srcs/sources_1/new/mac.v" into library xil_defaultlib
INFO: [VRFC 10-311] analyzing module mac
INFO: [VRFC 10-2263] Analyzing SystemVerilog file "C:/Users/kpcha/Desktop/College/DSD/2_4/2_4.srcs/sources_1/new/matrix_cont.sv" into library xil_defaultlib
INFO: [VRFC 10-311] analyzing module matrix_cont
INFO: [VRFC 10-2263] Analyzing SystemVerilog file "C:/Users/kpcha/Desktop/College/DSD/2_4/2_4.srcs/sources_1/new/simd_array.v" into library xil_defaultlib
INFO: [VRFC 10-311] analyzing module simd_array
INFO: [VRFC 10-2263] Analyzing SystemVerilog file "C:/Users/kpcha/Desktop/College/DSD/2_4/2_4.srcs/sources_1/new/vector_lane.v" into library xil_defaultlib
INFO: [VRFC 10-311] analyzing module vector_lane
INFO: [VRFC 10-2263] Analyzing SystemVerilog file "C:/Users/kpcha/Desktop/College/DSD/2_4/2_4.srcs/sim_1/new/tb.v" into library xil_defaultlib
INFO: [VRFC 10-311] analyzing module tb_matrix_cont
INFO: [VRFC 10-2263] Analyzing Verilog file "C:/Users/kpcha/Desktop/College/DSD/2_4/2_4.sim/sim_1/behav/xsim/glbl.v" into library xil_defaultlib
INFO: [VRFC 10-311] analyzing module glbl
INFO: [USF-XSim-69] 'compile' step finished in '1' seconds
INFO: [USF-XSim-3] XSim::Elaborate design
INFO: [USF-XSim-61] Executing 'ELABORATE' step in 'C:/Users/kpcha/Desktop/College/DSD/2_4/2_4.sim/sim_1/behav/xsim'
"xelab --incr --debug typical --relax --mt 2 -L xil_defaultlib -L uvm -L unisims_ver -L unimacro_ver -L secureip --snapshot tb_matrix_cont_behav xil_defaultlib.tb_matrix_cont xil_defaultlib.glbl -log elaborate.log"
Vivado Simulator v2025.1.0
Copyright 1986-2022 Xilinx, Inc. All Rights Reserved.
Copyright 2022-2025 Advanced Micro Devices, Inc. All Rights Reserved.
Running: C:/Xilinx/2025.1/Vivado/bin/unwrapped/win64.o/xelab.exe --incr --debug typical --relax --mt 2 -L xil_defaultlib -L uvm -L unisims_ver -L unimacro_ver -L secureip --snapshot tb_matrix_cont_behav xil_defaultlib.tb_matrix_cont xil_defaultlib.glbl -log elaborate.log 
Using 2 slave threads.
Starting static elaboration
Pass Through NonSizing Optimizer
Completed static elaboration
Starting simulation data flow analysis
Completed simulation data flow analysis
Time Resolution for simulation is 1ps
Compiling module xil_defaultlib.accel_fsm
Compiling module xil_defaultlib.mac(ACC=40)
Compiling module xil_defaultlib.vector_lane(ACC=40)
Compiling module xil_defaultlib.simd_array(ACC=40)
Compiling module xil_defaultlib.accel_top(ACC=40)
Compiling module xil_defaultlib.matrix_cont(LANES=64,ACC=40)
Compiling module xil_defaultlib.tb_matrix_cont
Compiling module xil_defaultlib.glbl
Built simulation snapshot tb_matrix_cont_behav
INFO: [USF-XSim-69] 'elaborate' step finished in '3' seconds
INFO: [USF-XSim-4] XSim::Simulate design
INFO: [USF-XSim-61] Executing 'SIMULATE' step in 'C:/Users/kpcha/Desktop/College/DSD/2_4/2_4.sim/sim_1/behav/xsim'
INFO: [USF-XSim-98] *** Running xsim
   with args "tb_matrix_cont_behav -key {Behavioral:sim_1:Functional:tb_matrix_cont} -tclbatch {tb_matrix_cont.tcl} -log {simulate.log}"
INFO: [USF-XSim-8] Loading simulator feature
Time resolution is 1 ps
source tb_matrix_cont.tcl
# set curr_wave [current_wave_config]
# if { [string length $curr_wave] == 0 } {
#   if { [llength [get_objects]] > 0} {
#     add_wave /
#     set_property needs_save false [current_wave_config]
#   } else {
#      send_msg_id Add_Wave-1 WARNING "No top level signals found. Simulator will start without a wave window. If you want to open a wave window go to 'File->New Waveform Configuration' or type 'create_wave_config' in the TCL console."
#   }
# }
WARNING: [Wavedata 42-489] Can't add object "/tb_matrix_cont/A" to the wave window because it has 1048576 bits, which exceeds the display limit of 65536 bits.  To change the display limit, use the command "set_property display_limit <new limit> [current_wave_config]".
WARNING: [Wavedata 42-489] Can't add object "/tb_matrix_cont/B" to the wave window because it has 1048576 bits, which exceeds the display limit of 65536 bits.  To change the display limit, use the command "set_property display_limit <new limit> [current_wave_config]".
WARNING: [Wavedata 42-489] Can't add object "/tb_matrix_cont/C" to the wave window because it has 2621440 bits, which exceeds the display limit of 65536 bits.  To change the display limit, use the command "set_property display_limit <new limit> [current_wave_config]".
# run 12us
MM MIN C[0][0]=12
ADD MIN C[0][0]=12
ADD MID C[0][15]=15
ADD MID C[15][15]=30
xsim: Time (s): cpu = 00:00:07 ; elapsed = 00:00:06 . Memory (MB): peak = 1634.465 ; gain = 18.352
INFO: [USF-XSim-96] XSim completed. Design snapshot 'tb_matrix_cont_behav' loaded.
INFO: [USF-XSim-97] XSim simulation ran for 12us
launch_simulation: Time (s): cpu = 00:00:08 ; elapsed = 00:00:11 . Memory (MB): peak = 1634.465 ; gain = 18.352
set_property display_limit 2621440 [current_wave_config]
relaunch_sim
Command: launch_simulation -step compile -simset sim_1 -mode behavioral
INFO: [Vivado 12-12493] Simulation top is 'tb_matrix_cont'
INFO: [Vivado 12-5682] Launching behavioral simulation in 'C:/Users/kpcha/Desktop/College/DSD/2_4/2_4.sim/sim_1/behav/xsim'
INFO: [SIM-utils-51] Simulation object is 'sim_1'
INFO: [SIM-utils-72] Using boost library from 'C:/Xilinx/2025.1/Vivado/tps/boost_1_72_0'
INFO: [SIM-utils-54] Inspecting design source files for 'tb_matrix_cont' in fileset 'sim_1'...
INFO: [USF-XSim-97] Finding global include files...
INFO: [USF-XSim-98] Fetching design files from 'sim_1'...
INFO: [USF-XSim-2] XSim::Compile design
INFO: [USF-XSim-61] Executing 'COMPILE and ANALYZE' step in 'C:/Users/kpcha/Desktop/College/DSD/2_4/2_4.sim/sim_1/behav/xsim'
"xvlog --incr --relax -L uvm -prj tb_matrix_cont_vlog.prj"
INFO: [VRFC 10-2263] Analyzing SystemVerilog file "C:/Users/kpcha/Desktop/College/DSD/2_4/2_4.srcs/sources_1/new/accel_fsm.v" into library xil_defaultlib
INFO: [VRFC 10-311] analyzing module accel_fsm
INFO: [VRFC 10-2263] Analyzing SystemVerilog file "C:/Users/kpcha/Desktop/College/DSD/2_4/2_4.srcs/sources_1/new/accel_top.v" into library xil_defaultlib
INFO: [VRFC 10-311] analyzing module accel_top
INFO: [VRFC 10-2263] Analyzing SystemVerilog file "C:/Users/kpcha/Desktop/College/DSD/2_4/2_4.srcs/sources_1/new/mac.v" into library xil_defaultlib
INFO: [VRFC 10-311] analyzing module mac
INFO: [VRFC 10-2263] Analyzing SystemVerilog file "C:/Users/kpcha/Desktop/College/DSD/2_4/2_4.srcs/sources_1/new/matrix_cont.sv" into library xil_defaultlib
INFO: [VRFC 10-311] analyzing module matrix_cont
INFO: [VRFC 10-2263] Analyzing SystemVerilog file "C:/Users/kpcha/Desktop/College/DSD/2_4/2_4.srcs/sources_1/new/simd_array.v" into library xil_defaultlib
INFO: [VRFC 10-311] analyzing module simd_array
INFO: [VRFC 10-2263] Analyzing SystemVerilog file "C:/Users/kpcha/Desktop/College/DSD/2_4/2_4.srcs/sources_1/new/vector_lane.v" into library xil_defaultlib
INFO: [VRFC 10-311] analyzing module vector_lane
INFO: [VRFC 10-2263] Analyzing SystemVerilog file "C:/Users/kpcha/Desktop/College/DSD/2_4/2_4.srcs/sim_1/new/tb.v" into library xil_defaultlib
INFO: [VRFC 10-311] analyzing module tb_matrix_cont
INFO: [USF-XSim-69] 'compile' step finished in '2' seconds
Command: launch_simulation -step elaborate -simset sim_1 -mode behavioral
INFO: [Vivado 12-12493] Simulation top is 'tb_matrix_cont'
INFO: [Vivado 12-5682] Launching behavioral simulation in 'C:/Users/kpcha/Desktop/College/DSD/2_4/2_4.sim/sim_1/behav/xsim'
INFO: [SIM-utils-51] Simulation object is 'sim_1'
INFO: [USF-XSim-3] XSim::Elaborate design
INFO: [USF-XSim-61] Executing 'ELABORATE' step in 'C:/Users/kpcha/Desktop/College/DSD/2_4/2_4.sim/sim_1/behav/xsim'
"xelab --incr --debug typical --relax --mt 2 -L xil_defaultlib -L uvm -L unisims_ver -L unimacro_ver -L secureip --snapshot tb_matrix_cont_behav xil_defaultlib.tb_matrix_cont xil_defaultlib.glbl -log elaborate.log"
Vivado Simulator v2025.1.0
Copyright 1986-2022 Xilinx, Inc. All Rights Reserved.
Copyright 2022-2025 Advanced Micro Devices, Inc. All Rights Reserved.
Running: C:/Xilinx/2025.1/Vivado/bin/unwrapped/win64.o/xelab.exe --incr --debug typical --relax --mt 2 -L xil_defaultlib -L uvm -L unisims_ver -L unimacro_ver -L secureip --snapshot tb_matrix_cont_behav xil_defaultlib.tb_matrix_cont xil_defaultlib.glbl -log elaborate.log 
Using 2 slave threads.
Starting static elaboration
Pass Through NonSizing Optimizer
Completed static elaboration
Starting simulation data flow analysis
Completed simulation data flow analysis
Time Resolution for simulation is 1ps
Compiling module xil_defaultlib.accel_fsm
Compiling module xil_defaultlib.mac(ACC=40)
Compiling module xil_defaultlib.vector_lane(ACC=40)
Compiling module xil_defaultlib.simd_array(ACC=40)
Compiling module xil_defaultlib.accel_top(ACC=40)
Compiling module xil_defaultlib.matrix_cont(LANES=64,ACC=40)
Compiling module xil_defaultlib.tb_matrix_cont
Compiling module xil_defaultlib.glbl
Built simulation snapshot tb_matrix_cont_behav
INFO: [USF-XSim-69] 'elaborate' step finished in '3' seconds
Time resolution is 1 ps
MM MIN C[0][0]=12
ADD MIN C[0][0]=12
ADD MID C[0][15]=15
ADD MID C[15][15]=30
relaunch_xsim_kernel: Time (s): cpu = 00:00:04 ; elapsed = 00:00:06 . Memory (MB): peak = 1726.410 ; gain = 90.570
relaunch_sim: Time (s): cpu = 00:00:05 ; elapsed = 00:00:11 . Memory (MB): peak = 1726.410 ; gain = 90.570
relaunch_sim
Command: launch_simulation -step compile -simset sim_1 -mode behavioral
INFO: [Vivado 12-12493] Simulation top is 'tb_matrix_cont'
INFO: [Vivado 12-5682] Launching behavioral simulation in 'C:/Users/kpcha/Desktop/College/DSD/2_4/2_4.sim/sim_1/behav/xsim'
INFO: [SIM-utils-51] Simulation object is 'sim_1'
INFO: [USF-XSim-2] XSim::Compile design
INFO: [USF-XSim-61] Executing 'COMPILE and ANALYZE' step in 'C:/Users/kpcha/Desktop/College/DSD/2_4/2_4.sim/sim_1/behav/xsim'
"xvlog --incr --relax -L uvm -prj tb_matrix_cont_vlog.prj"
INFO: [VRFC 10-2263] Analyzing SystemVerilog file "C:/Users/kpcha/Desktop/College/DSD/2_4/2_4.srcs/sources_1/new/accel_fsm.v" into library xil_defaultlib
INFO: [VRFC 10-311] analyzing module accel_fsm
INFO: [VRFC 10-2263] Analyzing SystemVerilog file "C:/Users/kpcha/Desktop/College/DSD/2_4/2_4.srcs/sources_1/new/accel_top.v" into library xil_defaultlib
INFO: [VRFC 10-311] analyzing module accel_top
INFO: [VRFC 10-2263] Analyzing SystemVerilog file "C:/Users/kpcha/Desktop/College/DSD/2_4/2_4.srcs/sources_1/new/mac.v" into library xil_defaultlib
INFO: [VRFC 10-311] analyzing module mac
INFO: [VRFC 10-2263] Analyzing SystemVerilog file "C:/Users/kpcha/Desktop/College/DSD/2_4/2_4.srcs/sources_1/new/matrix_cont.sv" into library xil_defaultlib
INFO: [VRFC 10-311] analyzing module matrix_cont
INFO: [VRFC 10-2263] Analyzing SystemVerilog file "C:/Users/kpcha/Desktop/College/DSD/2_4/2_4.srcs/sources_1/new/simd_array.v" into library xil_defaultlib
INFO: [VRFC 10-311] analyzing module simd_array
INFO: [VRFC 10-2263] Analyzing SystemVerilog file "C:/Users/kpcha/Desktop/College/DSD/2_4/2_4.srcs/sources_1/new/vector_lane.v" into library xil_defaultlib
INFO: [VRFC 10-311] analyzing module vector_lane
INFO: [VRFC 10-2263] Analyzing SystemVerilog file "C:/Users/kpcha/Desktop/College/DSD/2_4/2_4.srcs/sim_1/new/tb.v" into library xil_defaultlib
INFO: [VRFC 10-311] analyzing module tb_matrix_cont
INFO: [USF-XSim-69] 'compile' step finished in '2' seconds
Command: launch_simulation -step elaborate -simset sim_1 -mode behavioral
INFO: [Vivado 12-12493] Simulation top is 'tb_matrix_cont'
INFO: [Vivado 12-5682] Launching behavioral simulation in 'C:/Users/kpcha/Desktop/College/DSD/2_4/2_4.sim/sim_1/behav/xsim'
INFO: [SIM-utils-51] Simulation object is 'sim_1'
INFO: [USF-XSim-3] XSim::Elaborate design
INFO: [USF-XSim-61] Executing 'ELABORATE' step in 'C:/Users/kpcha/Desktop/College/DSD/2_4/2_4.sim/sim_1/behav/xsim'
"xelab --incr --debug typical --relax --mt 2 -L xil_defaultlib -L uvm -L unisims_ver -L unimacro_ver -L secureip --snapshot tb_matrix_cont_behav xil_defaultlib.tb_matrix_cont xil_defaultlib.glbl -log elaborate.log"
Vivado Simulator v2025.1.0
Copyright 1986-2022 Xilinx, Inc. All Rights Reserved.
Copyright 2022-2025 Advanced Micro Devices, Inc. All Rights Reserved.
Running: C:/Xilinx/2025.1/Vivado/bin/unwrapped/win64.o/xelab.exe --incr --debug typical --relax --mt 2 -L xil_defaultlib -L uvm -L unisims_ver -L unimacro_ver -L secureip --snapshot tb_matrix_cont_behav xil_defaultlib.tb_matrix_cont xil_defaultlib.glbl -log elaborate.log 
Using 2 slave threads.
Starting static elaboration
Pass Through NonSizing Optimizer
Completed static elaboration
Starting simulation data flow analysis
Completed simulation data flow analysis
Time Resolution for simulation is 1ps
Compiling module xil_defaultlib.accel_fsm
Compiling module xil_defaultlib.mac(ACC=40)
Compiling module xil_defaultlib.vector_lane(ACC=40)
Compiling module xil_defaultlib.simd_array(ACC=40)
Compiling module xil_defaultlib.accel_top(ACC=40)
Compiling module xil_defaultlib.matrix_cont(LANES=64,ACC=40)
Compiling module xil_defaultlib.tb_matrix_cont
Compiling module xil_defaultlib.glbl
Built simulation snapshot tb_matrix_cont_behav
INFO: [USF-XSim-69] 'elaborate' step finished in '2' seconds
Time resolution is 1 ps
MM MIN C[0][0]=12
MM MID C[0][0]=16
MM MID C[15][15]=16
relaunch_sim: Time (s): cpu = 00:00:03 ; elapsed = 00:00:10 . Memory (MB): peak = 3402.047 ; gain = 0.000
run 10 ms
MM MAX C[0][0]=256
MM MAX C[255][255]=256
ADD MIN C[0][0]=12
ADD MID C[0][15]=15
ADD MID C[15][15]=30
ADD MAX C[255][255]=510
SUB MIN C[0][0]=6
SUB MID C[0][15]=5
SUB MID C[15][15]=20
SUB MAX C[255][255]=100
SCALAR MIN C[0][0]=20
SCALAR MID C[15][15]=120
SCALAR MAX C[255][255]=2040
SUM MIN Row0=7
SUM MID Row0=16
SUM MAX Row0=256
$finish called at time : 4033675 ns : File "C:/Users/kpcha/Desktop/College/DSD/2_4/2_4.srcs/sim_1/new/tb.v" Line 349
run: Time (s): cpu = 00:06:08 ; elapsed = 00:05:58 . Memory (MB): peak = 3426.238 ; gain = 24.191
save_project_as Ver2_5 C:/Users/kpcha/Desktop/College/DSD/Ver2_5 -exclude_run_results -force
INFO: [Coretcl 2-133] resetting run 'synth_1'...
INFO: [Coretcl 2-133] resetting run 'impl_1'...
import_files
INFO: [filemgmt 20-334] All file(s) are already imported in fileset: 'constrs_1'
INFO: [filemgmt 20-334] All file(s) are already imported in fileset: 'sim_1'
INFO: [filemgmt 20-334] All file(s) are already imported in fileset: 'sources_1'
INFO: [filemgmt 20-334] All file(s) are already imported in fileset: 'utils_1'
relaunch_sim
INFO: xsimkernel Simulation Memory Usage: 36344 KB (Peak: 36344 KB), Simulation CPU Usage: 22186 ms
Command: launch_simulation -step compile -simset sim_1 -mode behavioral
INFO: [Vivado 12-12493] Simulation top is 'tb_matrix_cont'
INFO: [Vivado 12-5682] Launching behavioral simulation in 'C:/Users/kpcha/Desktop/College/DSD/Ver2_5/Ver2_5.sim/sim_1/behav/xsim'
INFO: [SIM-utils-51] Simulation object is 'sim_1'
INFO: [USF-XSim-2] XSim::Compile design
INFO: [USF-XSim-61] Executing 'COMPILE and ANALYZE' step in 'C:/Users/kpcha/Desktop/College/DSD/Ver2_5/Ver2_5.sim/sim_1/behav/xsim'
"xvlog --incr --relax -L uvm -prj tb_matrix_cont_vlog.prj"
ERROR: [XSIM 43-4316] Can not find file: ../../../../2_4.srcs/sources_1/new/accel_fsm.v
INFO: [USF-XSim-69] 'compile' step finished in '2' seconds
INFO: [USF-XSim-99] Step results log file:'C:/Users/kpcha/Desktop/College/DSD/Ver2_5/Ver2_5.sim/sim_1/behav/xsim/xvlog.log'
ERROR: [USF-XSim-62] 'compile' step failed with error(s). Please check the Tcl console output or 'C:/Users/kpcha/Desktop/College/DSD/Ver2_5/Ver2_5.sim/sim_1/behav/xsim/xvlog.log' file for more information.
ERROR: [Vivado 12-4473] Detected error while running simulation. Please correct the issue and retry this operation.
ERROR: [Common 17-39] 'launch_simulation' failed due to earlier errors.
ERROR: [Common 17-69] Command failed: ERROR: [Common 17-39] 'launch_simulation' failed due to earlier errors.

close_sim
INFO: [Simtcl 6-16] Simulation closed
launch_simulation
Command: launch_simulation 
INFO: [Vivado 12-12493] Simulation top is 'tb_matrix_cont'
INFO: [Vivado 12-5682] Launching behavioral simulation in 'C:/Users/kpcha/Desktop/College/DSD/Ver2_5/Ver2_5.sim/sim_1/behav/xsim'
INFO: [SIM-utils-51] Simulation object is 'sim_1'
INFO: [SIM-utils-72] Using boost library from 'C:/Xilinx/2025.1/Vivado/tps/boost_1_72_0'
INFO: [SIM-utils-54] Inspecting design source files for 'tb_matrix_cont' in fileset 'sim_1'...
INFO: [USF-XSim-97] Finding global include files...
INFO: [USF-XSim-98] Fetching design files from 'sim_1'...
INFO: [USF-XSim-2] XSim::Compile design
INFO: [USF-XSim-61] Executing 'COMPILE and ANALYZE' step in 'C:/Users/kpcha/Desktop/College/DSD/Ver2_5/Ver2_5.sim/sim_1/behav/xsim'
"xvlog --incr --relax -L uvm -prj tb_matrix_cont_vlog.prj"
INFO: [VRFC 10-2263] Analyzing SystemVerilog file "C:/Users/kpcha/Desktop/College/DSD/Ver2_5/Ver2_5.srcs/sources_1/new/accel_fsm.v" into library xil_defaultlib
INFO: [VRFC 10-311] analyzing module accel_fsm
INFO: [VRFC 10-2263] Analyzing SystemVerilog file "C:/Users/kpcha/Desktop/College/DSD/Ver2_5/Ver2_5.srcs/sources_1/new/accel_top.v" into library xil_defaultlib
INFO: [VRFC 10-311] analyzing module accel_top
INFO: [VRFC 10-2263] Analyzing SystemVerilog file "C:/Users/kpcha/Desktop/College/DSD/Ver2_5/Ver2_5.srcs/sources_1/new/mac.v" into library xil_defaultlib
INFO: [VRFC 10-311] analyzing module mac
INFO: [VRFC 10-2263] Analyzing SystemVerilog file "C:/Users/kpcha/Desktop/College/DSD/Ver2_5/Ver2_5.srcs/sources_1/new/matrix_cont.sv" into library xil_defaultlib
INFO: [VRFC 10-311] analyzing module matrix_cont
INFO: [VRFC 10-2263] Analyzing SystemVerilog file "C:/Users/kpcha/Desktop/College/DSD/Ver2_5/Ver2_5.srcs/sources_1/new/simd_array.v" into library xil_defaultlib
INFO: [VRFC 10-311] analyzing module simd_array
INFO: [VRFC 10-2263] Analyzing SystemVerilog file "C:/Users/kpcha/Desktop/College/DSD/Ver2_5/Ver2_5.srcs/sources_1/new/vector_lane.v" into library xil_defaultlib
INFO: [VRFC 10-311] analyzing module vector_lane
INFO: [VRFC 10-2263] Analyzing SystemVerilog file "C:/Users/kpcha/Desktop/College/DSD/Ver2_5/Ver2_5.srcs/sim_1/new/tb.v" into library xil_defaultlib
INFO: [VRFC 10-311] analyzing module tb_matrix_cont
INFO: [VRFC 10-2263] Analyzing Verilog file "C:/Users/kpcha/Desktop/College/DSD/Ver2_5/Ver2_5.sim/sim_1/behav/xsim/glbl.v" into library xil_defaultlib
INFO: [VRFC 10-311] analyzing module glbl
INFO: [USF-XSim-69] 'compile' step finished in '2' seconds
INFO: [USF-XSim-3] XSim::Elaborate design
INFO: [USF-XSim-61] Executing 'ELABORATE' step in 'C:/Users/kpcha/Desktop/College/DSD/Ver2_5/Ver2_5.sim/sim_1/behav/xsim'
"xelab --incr --debug typical --relax --mt 2 -L xil_defaultlib -L uvm -L unisims_ver -L unimacro_ver -L secureip --snapshot tb_matrix_cont_behav xil_defaultlib.tb_matrix_cont xil_defaultlib.glbl -log elaborate.log"
Vivado Simulator v2025.1.0
Copyright 1986-2022 Xilinx, Inc. All Rights Reserved.
Copyright 2022-2025 Advanced Micro Devices, Inc. All Rights Reserved.
Running: C:/Xilinx/2025.1/Vivado/bin/unwrapped/win64.o/xelab.exe --incr --debug typical --relax --mt 2 -L xil_defaultlib -L uvm -L unisims_ver -L unimacro_ver -L secureip --snapshot tb_matrix_cont_behav xil_defaultlib.tb_matrix_cont xil_defaultlib.glbl -log elaborate.log 
Using 2 slave threads.
Starting static elaboration
Pass Through NonSizing Optimizer
Completed static elaboration
Starting simulation data flow analysis
Completed simulation data flow analysis
Time Resolution for simulation is 1ps
Compiling module xil_defaultlib.accel_fsm
Compiling module xil_defaultlib.mac(ACC=40)
Compiling module xil_defaultlib.vector_lane(ACC=40)
Compiling module xil_defaultlib.simd_array(ACC=40)
Compiling module xil_defaultlib.accel_top(ACC=40)
Compiling module xil_defaultlib.matrix_cont(LANES=64,MAX_DIM=64,...
Compiling module xil_defaultlib.tb_matrix_cont
Compiling module xil_defaultlib.glbl
Built simulation snapshot tb_matrix_cont_behav
INFO: [USF-XSim-69] 'elaborate' step finished in '2' seconds
INFO: [USF-XSim-4] XSim::Simulate design
INFO: [USF-XSim-61] Executing 'SIMULATE' step in 'C:/Users/kpcha/Desktop/College/DSD/Ver2_5/Ver2_5.sim/sim_1/behav/xsim'
INFO: [USF-XSim-98] *** Running xsim
   with args "tb_matrix_cont_behav -key {Behavioral:sim_1:Functional:tb_matrix_cont} -tclbatch {tb_matrix_cont.tcl} -log {simulate.log}"
INFO: [USF-XSim-8] Loading simulator feature
Time resolution is 1 ps
source tb_matrix_cont.tcl
# set curr_wave [current_wave_config]
# if { [string length $curr_wave] == 0 } {
#   if { [llength [get_objects]] > 0} {
#     add_wave /
#     set_property needs_save false [current_wave_config]
#   } else {
#      send_msg_id Add_Wave-1 WARNING "No top level signals found. Simulator will start without a wave window. If you want to open a wave window go to 'File->New Waveform Configuration' or type 'create_wave_config' in the TCL console."
#   }
# }
WARNING: [Wavedata 42-489] Can't add object "/tb_matrix_cont/C" to the wave window because it has 163840 bits, which exceeds the display limit of 65536 bits.  To change the display limit, use the command "set_property display_limit <new limit> [current_wave_config]".
# run 12us
TEST1 MM 1x1 result = 12  (expected 12)
TEST2 MM negative result = -15  (expected -15)
TEST3 MM 4x4 C[0][0] = 4 (expected 4)
TEST3 MM 4x4 C[3][3] = 4 (expected 4)
TEST4 ADD C00=12 (expected 12)
TEST4 ADD C01=5 (expected 5)
TEST4 ADD C10=5 (expected 5)
TEST4 ADD C11=8 (expected 8)
TEST5 SUB C00=6 (expected 6)
TEST5 SUB C01=3 (expected 3)
TEST5 SUB C10=5 (expected 5)
TEST5 SUB C11=-2 (expected -2)
TEST6 SCALAR C00=4 (expected 4)
TEST6 SCALAR C01=8 (expected 8)
TEST6 SCALAR C10=12 (expected 12)
TEST6 SCALAR C11=16 (expected 16)
TEST7 ROW SUM result=10 (expected 10)
INFO: [USF-XSim-96] XSim completed. Design snapshot 'tb_matrix_cont_behav' loaded.
INFO: [USF-XSim-97] XSim simulation ran for 12us
launch_simulation: Time (s): cpu = 00:00:02 ; elapsed = 00:00:07 . Memory (MB): peak = 3426.238 ; gain = 0.000
set_property display_limit 2621440 [current_wave_config]
relaunch_sim
Command: launch_simulation -step compile -simset sim_1 -mode behavioral
INFO: [Vivado 12-12493] Simulation top is 'tb_matrix_cont'
INFO: [Vivado 12-5682] Launching behavioral simulation in 'C:/Users/kpcha/Desktop/College/DSD/Ver2_5/Ver2_5.sim/sim_1/behav/xsim'
INFO: [SIM-utils-51] Simulation object is 'sim_1'
INFO: [USF-XSim-2] XSim::Compile design
INFO: [USF-XSim-61] Executing 'COMPILE and ANALYZE' step in 'C:/Users/kpcha/Desktop/College/DSD/Ver2_5/Ver2_5.sim/sim_1/behav/xsim'
"xvlog --incr --relax -L uvm -prj tb_matrix_cont_vlog.prj"
INFO: [USF-XSim-69] 'compile' step finished in '1' seconds
Command: launch_simulation -step elaborate -simset sim_1 -mode behavioral
INFO: [Vivado 12-12493] Simulation top is 'tb_matrix_cont'
INFO: [Vivado 12-5682] Launching behavioral simulation in 'C:/Users/kpcha/Desktop/College/DSD/Ver2_5/Ver2_5.sim/sim_1/behav/xsim'
INFO: [SIM-utils-51] Simulation object is 'sim_1'
INFO: [USF-XSim-3] XSim::Elaborate design
INFO: [USF-XSim-61] Executing 'ELABORATE' step in 'C:/Users/kpcha/Desktop/College/DSD/Ver2_5/Ver2_5.sim/sim_1/behav/xsim'
"xelab --incr --debug typical --relax --mt 2 -L xil_defaultlib -L uvm -L unisims_ver -L unimacro_ver -L secureip --snapshot tb_matrix_cont_behav xil_defaultlib.tb_matrix_cont xil_defaultlib.glbl -log elaborate.log"
Vivado Simulator v2025.1.0
Copyright 1986-2022 Xilinx, Inc. All Rights Reserved.
Copyright 2022-2025 Advanced Micro Devices, Inc. All Rights Reserved.
Running: C:/Xilinx/2025.1/Vivado/bin/unwrapped/win64.o/xelab.exe --incr --debug typical --relax --mt 2 -L xil_defaultlib -L uvm -L unisims_ver -L unimacro_ver -L secureip --snapshot tb_matrix_cont_behav xil_defaultlib.tb_matrix_cont xil_defaultlib.glbl -log elaborate.log 
Using 2 slave threads.
Starting static elaboration
Pass Through NonSizing Optimizer
Completed static elaboration
INFO: [XSIM 43-4323] No Change in HDL. Linking previously generated obj files to create kernel
INFO: [USF-XSim-69] 'elaborate' step finished in '2' seconds
Time resolution is 1 ps
TEST1 MM 1x1 result = 12  (expected 12)
TEST2 MM negative result = -15  (expected -15)
TEST3 MM 4x4 C[0][0] = 4 (expected 4)
TEST3 MM 4x4 C[3][3] = 4 (expected 4)
TEST4 ADD C00=12 (expected 12)
TEST4 ADD C01=5 (expected 5)
TEST4 ADD C10=5 (expected 5)
TEST4 ADD C11=8 (expected 8)
TEST5 SUB C00=6 (expected 6)
TEST5 SUB C01=3 (expected 3)
TEST5 SUB C10=5 (expected 5)
TEST5 SUB C11=-2 (expected -2)
TEST6 SCALAR C00=4 (expected 4)
TEST6 SCALAR C01=8 (expected 8)
TEST6 SCALAR C10=12 (expected 12)
TEST6 SCALAR C11=16 (expected 16)
TEST7 ROW SUM result=10 (expected 10)
relaunch_sim: Time (s): cpu = 00:00:01 ; elapsed = 00:00:06 . Memory (MB): peak = 3426.238 ; gain = 0.000
run 10 ms
TEST8 64x64 C[0][0]=64 (expected 64)
TEST8 64x64 C[63][63]=64 (expected 64)
$finish called at time : 49125 ns : File "C:/Users/kpcha/Desktop/College/DSD/Ver2_5/Ver2_5.srcs/sim_1/new/tb.v" Line 249
relaunch_sim
Command: launch_simulation -step compile -simset sim_1 -mode behavioral
INFO: [Vivado 12-12493] Simulation top is 'tb_matrix_cont'
INFO: [Vivado 12-5682] Launching behavioral simulation in 'C:/Users/kpcha/Desktop/College/DSD/Ver2_5/Ver2_5.sim/sim_1/behav/xsim'
INFO: [SIM-utils-51] Simulation object is 'sim_1'
INFO: [USF-XSim-2] XSim::Compile design
INFO: [USF-XSim-61] Executing 'COMPILE and ANALYZE' step in 'C:/Users/kpcha/Desktop/College/DSD/Ver2_5/Ver2_5.sim/sim_1/behav/xsim'
"xvlog --incr --relax -L uvm -prj tb_matrix_cont_vlog.prj"
INFO: [VRFC 10-2263] Analyzing SystemVerilog file "C:/Users/kpcha/Desktop/College/DSD/Ver2_5/Ver2_5.srcs/sources_1/new/accel_fsm.v" into library xil_defaultlib
INFO: [VRFC 10-311] analyzing module accel_fsm
INFO: [VRFC 10-2263] Analyzing SystemVerilog file "C:/Users/kpcha/Desktop/College/DSD/Ver2_5/Ver2_5.srcs/sources_1/new/accel_top.v" into library xil_defaultlib
INFO: [VRFC 10-311] analyzing module accel_top
INFO: [VRFC 10-2263] Analyzing SystemVerilog file "C:/Users/kpcha/Desktop/College/DSD/Ver2_5/Ver2_5.srcs/sources_1/new/mac.v" into library xil_defaultlib
INFO: [VRFC 10-311] analyzing module mac
INFO: [VRFC 10-2263] Analyzing SystemVerilog file "C:/Users/kpcha/Desktop/College/DSD/Ver2_5/Ver2_5.srcs/sources_1/new/matrix_cont.sv" into library xil_defaultlib
INFO: [VRFC 10-311] analyzing module matrix_cont
INFO: [VRFC 10-2263] Analyzing SystemVerilog file "C:/Users/kpcha/Desktop/College/DSD/Ver2_5/Ver2_5.srcs/sources_1/new/simd_array.v" into library xil_defaultlib
INFO: [VRFC 10-311] analyzing module simd_array
INFO: [VRFC 10-2263] Analyzing SystemVerilog file "C:/Users/kpcha/Desktop/College/DSD/Ver2_5/Ver2_5.srcs/sources_1/new/vector_lane.v" into library xil_defaultlib
INFO: [VRFC 10-311] analyzing module vector_lane
INFO: [VRFC 10-2263] Analyzing SystemVerilog file "C:/Users/kpcha/Desktop/College/DSD/Ver2_5/Ver2_5.srcs/sim_1/new/tb.v" into library xil_defaultlib
INFO: [VRFC 10-311] analyzing module tb_matrix_cont
INFO: [USF-XSim-69] 'compile' step finished in '3' seconds
Command: launch_simulation -step elaborate -simset sim_1 -mode behavioral
INFO: [Vivado 12-12493] Simulation top is 'tb_matrix_cont'
INFO: [Vivado 12-5682] Launching behavioral simulation in 'C:/Users/kpcha/Desktop/College/DSD/Ver2_5/Ver2_5.sim/sim_1/behav/xsim'
INFO: [SIM-utils-51] Simulation object is 'sim_1'
INFO: [USF-XSim-3] XSim::Elaborate design
INFO: [USF-XSim-61] Executing 'ELABORATE' step in 'C:/Users/kpcha/Desktop/College/DSD/Ver2_5/Ver2_5.sim/sim_1/behav/xsim'
"xelab --incr --debug typical --relax --mt 2 -L xil_defaultlib -L uvm -L unisims_ver -L unimacro_ver -L secureip --snapshot tb_matrix_cont_behav xil_defaultlib.tb_matrix_cont xil_defaultlib.glbl -log elaborate.log"
Vivado Simulator v2025.1.0
Copyright 1986-2022 Xilinx, Inc. All Rights Reserved.
Copyright 2022-2025 Advanced Micro Devices, Inc. All Rights Reserved.
Running: C:/Xilinx/2025.1/Vivado/bin/unwrapped/win64.o/xelab.exe --incr --debug typical --relax --mt 2 -L xil_defaultlib -L uvm -L unisims_ver -L unimacro_ver -L secureip --snapshot tb_matrix_cont_behav xil_defaultlib.tb_matrix_cont xil_defaultlib.glbl -log elaborate.log 
Using 2 slave threads.
Starting static elaboration
Pass Through NonSizing Optimizer
Completed static elaboration
Starting simulation data flow analysis
Completed simulation data flow analysis
Time Resolution for simulation is 1ps
Compiling module xil_defaultlib.accel_fsm
Compiling module xil_defaultlib.mac(ACC=40)
Compiling module xil_defaultlib.vector_lane(ACC=40)
Compiling module xil_defaultlib.simd_array(ACC=40)
Compiling module xil_defaultlib.accel_top(ACC=40)
Compiling module xil_defaultlib.matrix_cont(LANES=64,MAX_DIM=64,...
Compiling module xil_defaultlib.tb_matrix_cont
Compiling module xil_defaultlib.glbl
Built simulation snapshot tb_matrix_cont_behav
INFO: [USF-XSim-69] 'elaborate' step finished in '2' seconds
Time resolution is 1 ps
T1=12 expected=12
T2=-15 expected=-15
T3=-32768 expected=-32768
T4=64 expected=64
T5=-64 expected=-64
T6=0 expected=0
T7C00=-2 expected=-2
T7C01=5 expected=5
T7C10=0 expected=0
T7C11=-10 expected=-10
T8C00=-8 expected=-8
T8C01=9 expected=9
T8C10=2 expected=2
T8C11=-2 expected=-2
T9C00=-6 expected=-6
T9C01=12 expected=12
T9C10=-15 expected=-15
T9C11=3 expected=3
T10=0 expected=0
T11C0=21 expected=21
T11C1=28 expected=28
run: Time (s): cpu = 00:00:01 ; elapsed = 00:00:06 . Memory (MB): peak = 4189.906 ; gain = 0.000
relaunch_xsim_kernel: Time (s): cpu = 00:00:02 ; elapsed = 00:00:12 . Memory (MB): peak = 4189.906 ; gain = 0.000
relaunch_sim: Time (s): cpu = 00:00:05 ; elapsed = 00:00:21 . Memory (MB): peak = 4189.906 ; gain = 0.000
close_sim
INFO: [Simtcl 6-16] Simulation closed
reset_simulation -simset sim_1 -mode behavioral
INFO: [Vivado 12-2266] Removing simulation data...
WARNING: [Vivado 12-3661] Failed to remove file:C:/Users/kpcha/Desktop/College/DSD/Ver2_5/Ver2_5.sim/sim_1/behav/xsim/tb_matrix_cont_behav.wdb
INFO: [Vivado 12-2267] Reset complete
launch_simulation
Command: launch_simulation 
INFO: [Vivado 12-12493] Simulation top is 'tb_matrix_cont'
INFO: [Vivado 12-5682] Launching behavioral simulation in 'C:/Users/kpcha/Desktop/College/DSD/Ver2_5/Ver2_5.sim/sim_1/behav/xsim'
INFO: [SIM-utils-51] Simulation object is 'sim_1'
INFO: [SIM-utils-72] Using boost library from 'C:/Xilinx/2025.1/Vivado/tps/boost_1_72_0'
INFO: [SIM-utils-54] Inspecting design source files for 'tb_matrix_cont' in fileset 'sim_1'...
INFO: [USF-XSim-97] Finding global include files...
INFO: [USF-XSim-98] Fetching design files from 'sim_1'...
INFO: [USF-XSim-2] XSim::Compile design
INFO: [USF-XSim-61] Executing 'COMPILE and ANALYZE' step in 'C:/Users/kpcha/Desktop/College/DSD/Ver2_5/Ver2_5.sim/sim_1/behav/xsim'
"xvlog --incr --relax -L uvm -prj tb_matrix_cont_vlog.prj"
INFO: [VRFC 10-2263] Analyzing SystemVerilog file "C:/Users/kpcha/Desktop/College/DSD/Ver2_5/Ver2_5.srcs/sources_1/new/accel_fsm.v" into library xil_defaultlib
INFO: [VRFC 10-311] analyzing module accel_fsm
INFO: [VRFC 10-2263] Analyzing SystemVerilog file "C:/Users/kpcha/Desktop/College/DSD/Ver2_5/Ver2_5.srcs/sources_1/new/accel_top.v" into library xil_defaultlib
INFO: [VRFC 10-311] analyzing module accel_top
INFO: [VRFC 10-2263] Analyzing SystemVerilog file "C:/Users/kpcha/Desktop/College/DSD/Ver2_5/Ver2_5.srcs/sources_1/new/mac.v" into library xil_defaultlib
INFO: [VRFC 10-311] analyzing module mac
INFO: [VRFC 10-2263] Analyzing SystemVerilog file "C:/Users/kpcha/Desktop/College/DSD/Ver2_5/Ver2_5.srcs/sources_1/new/matrix_cont.sv" into library xil_defaultlib
INFO: [VRFC 10-311] analyzing module matrix_cont
INFO: [VRFC 10-2263] Analyzing SystemVerilog file "C:/Users/kpcha/Desktop/College/DSD/Ver2_5/Ver2_5.srcs/sources_1/new/simd_array.v" into library xil_defaultlib
INFO: [VRFC 10-311] analyzing module simd_array
INFO: [VRFC 10-2263] Analyzing SystemVerilog file "C:/Users/kpcha/Desktop/College/DSD/Ver2_5/Ver2_5.srcs/sources_1/new/vector_lane.v" into library xil_defaultlib
INFO: [VRFC 10-311] analyzing module vector_lane
INFO: [VRFC 10-2263] Analyzing SystemVerilog file "C:/Users/kpcha/Desktop/College/DSD/Ver2_5/Ver2_5.srcs/sim_1/new/tb.v" into library xil_defaultlib
INFO: [VRFC 10-311] analyzing module tb_matrix_cont
INFO: [VRFC 10-2263] Analyzing Verilog file "C:/Users/kpcha/Desktop/College/DSD/Ver2_5/Ver2_5.sim/sim_1/behav/xsim/glbl.v" into library xil_defaultlib
INFO: [VRFC 10-311] analyzing module glbl
INFO: [USF-XSim-69] 'compile' step finished in '2' seconds
INFO: [USF-XSim-3] XSim::Elaborate design
INFO: [USF-XSim-61] Executing 'ELABORATE' step in 'C:/Users/kpcha/Desktop/College/DSD/Ver2_5/Ver2_5.sim/sim_1/behav/xsim'
"xelab --incr --debug typical --relax --mt 2 -L xil_defaultlib -L uvm -L unisims_ver -L unimacro_ver -L secureip --snapshot tb_matrix_cont_behav xil_defaultlib.tb_matrix_cont xil_defaultlib.glbl -log elaborate.log"
Vivado Simulator v2025.1.0
Copyright 1986-2022 Xilinx, Inc. All Rights Reserved.
Copyright 2022-2025 Advanced Micro Devices, Inc. All Rights Reserved.
Running: C:/Xilinx/2025.1/Vivado/bin/unwrapped/win64.o/xelab.exe --incr --debug typical --relax --mt 2 -L xil_defaultlib -L uvm -L unisims_ver -L unimacro_ver -L secureip --snapshot tb_matrix_cont_behav xil_defaultlib.tb_matrix_cont xil_defaultlib.glbl -log elaborate.log 
Using 2 slave threads.
Starting static elaboration
Pass Through NonSizing Optimizer
Completed static elaboration
Starting simulation data flow analysis
Completed simulation data flow analysis
Time Resolution for simulation is 1ps
Compiling module xil_defaultlib.accel_fsm
Compiling module xil_defaultlib.mac(ACC=40)
Compiling module xil_defaultlib.vector_lane(ACC=40)
Compiling module xil_defaultlib.simd_array(ACC=40)
Compiling module xil_defaultlib.accel_top(ACC=40)
Compiling module xil_defaultlib.matrix_cont(LANES=64,MAX_DIM=64,...
Compiling module xil_defaultlib.tb_matrix_cont
Compiling module xil_defaultlib.glbl
Built simulation snapshot tb_matrix_cont_behav
INFO: [USF-XSim-69] 'elaborate' step finished in '2' seconds
INFO: [USF-XSim-4] XSim::Simulate design
INFO: [USF-XSim-61] Executing 'SIMULATE' step in 'C:/Users/kpcha/Desktop/College/DSD/Ver2_5/Ver2_5.sim/sim_1/behav/xsim'
INFO: [USF-XSim-98] *** Running xsim
   with args "tb_matrix_cont_behav -key {Behavioral:sim_1:Functional:tb_matrix_cont} -tclbatch {tb_matrix_cont.tcl} -log {simulate.log}"
INFO: [USF-XSim-8] Loading simulator feature
Time resolution is 1 ps
source tb_matrix_cont.tcl
# set curr_wave [current_wave_config]
# if { [string length $curr_wave] == 0 } {
#   if { [llength [get_objects]] > 0} {
#     add_wave /
#     set_property needs_save false [current_wave_config]
#   } else {
#      send_msg_id Add_Wave-1 WARNING "No top level signals found. Simulator will start without a wave window. If you want to open a wave window go to 'File->New Waveform Configuration' or type 'create_wave_config' in the TCL console."
#   }
# }
WARNING: [Wavedata 42-489] Can't add object "/tb_matrix_cont/C" to the wave window because it has 163840 bits, which exceeds the display limit of 65536 bits.  To change the display limit, use the command "set_property display_limit <new limit> [current_wave_config]".
# run 12us
T1=12 expected=12
T2=-15 expected=-15
T3=-32768 expected=-32768
T4=64 expected=64
T5=-64 expected=-64
T6=0 expected=0
T7C00=-2 expected=-2
T7C01=5 expected=5
T7C10=0 expected=0
T7C11=-10 expected=-10
T8C00=-8 expected=-8
T8C01=9 expected=9
T8C10=2 expected=2
T8C11=-2 expected=-2
T9C00=-6 expected=-6
T9C01=12 expected=12
T9C10=-15 expected=-15
T9C11=3 expected=3
T10=0 expected=0
T11C0=21 expected=21
T11C1=28 expected=28
xsim: Time (s): cpu = 00:00:03 ; elapsed = 00:00:06 . Memory (MB): peak = 4189.906 ; gain = 0.000
INFO: [USF-XSim-96] XSim completed. Design snapshot 'tb_matrix_cont_behav' loaded.
INFO: [USF-XSim-97] XSim simulation ran for 12us
launch_simulation: Time (s): cpu = 00:00:03 ; elapsed = 00:00:11 . Memory (MB): peak = 4189.906 ; gain = 0.000
relaunch_sim
Command: launch_simulation -step compile -simset sim_1 -mode behavioral
INFO: [Vivado 12-12493] Simulation top is 'tb_matrix_cont'
INFO: [Vivado 12-5682] Launching behavioral simulation in 'C:/Users/kpcha/Desktop/College/DSD/Ver2_5/Ver2_5.sim/sim_1/behav/xsim'
INFO: [SIM-utils-51] Simulation object is 'sim_1'
INFO: [USF-XSim-2] XSim::Compile design
INFO: [USF-XSim-61] Executing 'COMPILE and ANALYZE' step in 'C:/Users/kpcha/Desktop/College/DSD/Ver2_5/Ver2_5.sim/sim_1/behav/xsim'
"xvlog --incr --relax -L uvm -prj tb_matrix_cont_vlog.prj"
INFO: [USF-XSim-69] 'compile' step finished in '2' seconds
Command: launch_simulation -step elaborate -simset sim_1 -mode behavioral
INFO: [Vivado 12-12493] Simulation top is 'tb_matrix_cont'
INFO: [Vivado 12-5682] Launching behavioral simulation in 'C:/Users/kpcha/Desktop/College/DSD/Ver2_5/Ver2_5.sim/sim_1/behav/xsim'
INFO: [SIM-utils-51] Simulation object is 'sim_1'
INFO: [USF-XSim-3] XSim::Elaborate design
INFO: [USF-XSim-61] Executing 'ELABORATE' step in 'C:/Users/kpcha/Desktop/College/DSD/Ver2_5/Ver2_5.sim/sim_1/behav/xsim'
"xelab --incr --debug typical --relax --mt 2 -L xil_defaultlib -L uvm -L unisims_ver -L unimacro_ver -L secureip --snapshot tb_matrix_cont_behav xil_defaultlib.tb_matrix_cont xil_defaultlib.glbl -log elaborate.log"
Vivado Simulator v2025.1.0
Copyright 1986-2022 Xilinx, Inc. All Rights Reserved.
Copyright 2022-2025 Advanced Micro Devices, Inc. All Rights Reserved.
Running: C:/Xilinx/2025.1/Vivado/bin/unwrapped/win64.o/xelab.exe --incr --debug typical --relax --mt 2 -L xil_defaultlib -L uvm -L unisims_ver -L unimacro_ver -L secureip --snapshot tb_matrix_cont_behav xil_defaultlib.tb_matrix_cont xil_defaultlib.glbl -log elaborate.log 
Using 2 slave threads.
Starting static elaboration
Pass Through NonSizing Optimizer
Completed static elaboration
INFO: [XSIM 43-4323] No Change in HDL. Linking previously generated obj files to create kernel
INFO: [USF-XSim-69] 'elaborate' step finished in '2' seconds
Time resolution is 1 ps
T1=12 expected=12
T2=-15 expected=-15
T3=-32768 expected=-32768
T4=64 expected=64
T5=-64 expected=-64
T6=0 expected=0
T7C00=-2 expected=-2
T7C01=5 expected=5
T7C10=0 expected=0
T7C11=-10 expected=-10
T8C00=-8 expected=-8
T8C01=9 expected=9
T8C10=2 expected=2
T8C11=-2 expected=-2
T9C00=-6 expected=-6
T9C01=12 expected=12
T9C10=-15 expected=-15
T9C11=3 expected=3
T10=0 expected=0
T11C0=21 expected=21
T11C1=28 expected=28
relaunch_sim: Time (s): cpu = 00:00:01 ; elapsed = 00:00:07 . Memory (MB): peak = 4189.906 ; gain = 0.000
set_property display_limit 2621440 [current_wave_config]
relaunch_sim
Command: launch_simulation -step compile -simset sim_1 -mode behavioral
INFO: [Vivado 12-12493] Simulation top is 'tb_matrix_cont'
INFO: [Vivado 12-5682] Launching behavioral simulation in 'C:/Users/kpcha/Desktop/College/DSD/Ver2_5/Ver2_5.sim/sim_1/behav/xsim'
INFO: [SIM-utils-51] Simulation object is 'sim_1'
INFO: [USF-XSim-2] XSim::Compile design
INFO: [USF-XSim-61] Executing 'COMPILE and ANALYZE' step in 'C:/Users/kpcha/Desktop/College/DSD/Ver2_5/Ver2_5.sim/sim_1/behav/xsim'
"xvlog --incr --relax -L uvm -prj tb_matrix_cont_vlog.prj"
INFO: [USF-XSim-69] 'compile' step finished in '1' seconds
Command: launch_simulation -step elaborate -simset sim_1 -mode behavioral
INFO: [Vivado 12-12493] Simulation top is 'tb_matrix_cont'
INFO: [Vivado 12-5682] Launching behavioral simulation in 'C:/Users/kpcha/Desktop/College/DSD/Ver2_5/Ver2_5.sim/sim_1/behav/xsim'
INFO: [SIM-utils-51] Simulation object is 'sim_1'
INFO: [USF-XSim-3] XSim::Elaborate design
INFO: [USF-XSim-61] Executing 'ELABORATE' step in 'C:/Users/kpcha/Desktop/College/DSD/Ver2_5/Ver2_5.sim/sim_1/behav/xsim'
"xelab --incr --debug typical --relax --mt 2 -L xil_defaultlib -L uvm -L unisims_ver -L unimacro_ver -L secureip --snapshot tb_matrix_cont_behav xil_defaultlib.tb_matrix_cont xil_defaultlib.glbl -log elaborate.log"
Vivado Simulator v2025.1.0
Copyright 1986-2022 Xilinx, Inc. All Rights Reserved.
Copyright 2022-2025 Advanced Micro Devices, Inc. All Rights Reserved.
Running: C:/Xilinx/2025.1/Vivado/bin/unwrapped/win64.o/xelab.exe --incr --debug typical --relax --mt 2 -L xil_defaultlib -L uvm -L unisims_ver -L unimacro_ver -L secureip --snapshot tb_matrix_cont_behav xil_defaultlib.tb_matrix_cont xil_defaultlib.glbl -log elaborate.log 
Using 2 slave threads.
Starting static elaboration
Pass Through NonSizing Optimizer
Completed static elaboration
INFO: [XSIM 43-4323] No Change in HDL. Linking previously generated obj files to create kernel
INFO: [USF-XSim-69] 'elaborate' step finished in '1' seconds
Time resolution is 1 ps
T1=12 expected=12
T2=-15 expected=-15
T3=-32768 expected=-32768
T4=64 expected=64
T5=-64 expected=-64
T6=0 expected=0
T7C00=-2 expected=-2
T7C01=5 expected=5
T7C10=0 expected=0
T7C11=-10 expected=-10
T8C00=-8 expected=-8
T8C01=9 expected=9
T8C10=2 expected=2
T8C11=-2 expected=-2
T9C00=-6 expected=-6
T9C01=12 expected=12
T9C10=-15 expected=-15
T9C11=3 expected=3
T10=0 expected=0
T11C0=21 expected=21
T11C1=28 expected=28
relaunch_xsim_kernel: Time (s): cpu = 00:00:01 ; elapsed = 00:00:06 . Memory (MB): peak = 4189.906 ; gain = 0.000
relaunch_sim: Time (s): cpu = 00:00:01 ; elapsed = 00:00:09 . Memory (MB): peak = 4189.906 ; gain = 0.000
run 10 ms
T12C00=64 expected=64
T12C63=64 expected=64
$finish called at time : 51085 ns : File "C:/Users/kpcha/Desktop/College/DSD/Ver2_5/Ver2_5.srcs/sim_1/new/tb.v" Line 287
relaunch_sim
Command: launch_simulation -step compile -simset sim_1 -mode behavioral
INFO: [Vivado 12-12493] Simulation top is 'tb_matrix_cont'
INFO: [Vivado 12-5682] Launching behavioral simulation in 'C:/Users/kpcha/Desktop/College/DSD/Ver2_5/Ver2_5.sim/sim_1/behav/xsim'
INFO: [SIM-utils-51] Simulation object is 'sim_1'
INFO: [USF-XSim-2] XSim::Compile design
INFO: [USF-XSim-61] Executing 'COMPILE and ANALYZE' step in 'C:/Users/kpcha/Desktop/College/DSD/Ver2_5/Ver2_5.sim/sim_1/behav/xsim'
"xvlog --incr --relax -L uvm -prj tb_matrix_cont_vlog.prj"
INFO: [USF-XSim-69] 'compile' step finished in '2' seconds
Command: launch_simulation -step elaborate -simset sim_1 -mode behavioral
INFO: [Vivado 12-12493] Simulation top is 'tb_matrix_cont'
INFO: [Vivado 12-5682] Launching behavioral simulation in 'C:/Users/kpcha/Desktop/College/DSD/Ver2_5/Ver2_5.sim/sim_1/behav/xsim'
INFO: [SIM-utils-51] Simulation object is 'sim_1'
INFO: [USF-XSim-3] XSim::Elaborate design
INFO: [USF-XSim-61] Executing 'ELABORATE' step in 'C:/Users/kpcha/Desktop/College/DSD/Ver2_5/Ver2_5.sim/sim_1/behav/xsim'
"xelab --incr --debug typical --relax --mt 2 -L xil_defaultlib -L uvm -L unisims_ver -L unimacro_ver -L secureip --snapshot tb_matrix_cont_behav xil_defaultlib.tb_matrix_cont xil_defaultlib.glbl -log elaborate.log"
Vivado Simulator v2025.1.0
Copyright 1986-2022 Xilinx, Inc. All Rights Reserved.
Copyright 2022-2025 Advanced Micro Devices, Inc. All Rights Reserved.
Running: C:/Xilinx/2025.1/Vivado/bin/unwrapped/win64.o/xelab.exe --incr --debug typical --relax --mt 2 -L xil_defaultlib -L uvm -L unisims_ver -L unimacro_ver -L secureip --snapshot tb_matrix_cont_behav xil_defaultlib.tb_matrix_cont xil_defaultlib.glbl -log elaborate.log 
Using 2 slave threads.
Starting static elaboration
Pass Through NonSizing Optimizer
Completed static elaboration
INFO: [XSIM 43-4323] No Change in HDL. Linking previously generated obj files to create kernel
INFO: [USF-XSim-69] 'elaborate' step finished in '2' seconds
Time resolution is 1 ps
T1=12 expected=12
T2=-15 expected=-15
T3=-32768 expected=-32768
T4=64 expected=64
T5=-64 expected=-64
T6=0 expected=0
T7C00=-2 expected=-2
T7C01=5 expected=5
T7C10=0 expected=0
T7C11=-10 expected=-10
T8C00=-8 expected=-8
T8C01=9 expected=9
T8C10=2 expected=2
T8C11=-2 expected=-2
T9C00=-6 expected=-6
T9C01=12 expected=12
T9C10=-15 expected=-15
T9C11=3 expected=3
T10=0 expected=0
T11C0=21 expected=21
T11C1=28 expected=28
run: Time (s): cpu = 00:00:01 ; elapsed = 00:00:06 . Memory (MB): peak = 4189.906 ; gain = 0.000
relaunch_xsim_kernel: Time (s): cpu = 00:00:01 ; elapsed = 00:00:11 . Memory (MB): peak = 4189.906 ; gain = 0.000
relaunch_sim: Time (s): cpu = 00:00:02 ; elapsed = 00:00:16 . Memory (MB): peak = 4189.906 ; gain = 0.000
relaunch_sim
Command: launch_simulation -step compile -simset sim_1 -mode behavioral
INFO: [Vivado 12-12493] Simulation top is 'tb_matrix_cont'
INFO: [Vivado 12-5682] Launching behavioral simulation in 'C:/Users/kpcha/Desktop/College/DSD/Ver2_5/Ver2_5.sim/sim_1/behav/xsim'
INFO: [SIM-utils-51] Simulation object is 'sim_1'
INFO: [USF-XSim-2] XSim::Compile design
INFO: [USF-XSim-61] Executing 'COMPILE and ANALYZE' step in 'C:/Users/kpcha/Desktop/College/DSD/Ver2_5/Ver2_5.sim/sim_1/behav/xsim'
"xvlog --incr --relax -L uvm -prj tb_matrix_cont_vlog.prj"
INFO: [USF-XSim-69] 'compile' step finished in '2' seconds
Command: launch_simulation -step elaborate -simset sim_1 -mode behavioral
INFO: [Vivado 12-12493] Simulation top is 'tb_matrix_cont'
INFO: [Vivado 12-5682] Launching behavioral simulation in 'C:/Users/kpcha/Desktop/College/DSD/Ver2_5/Ver2_5.sim/sim_1/behav/xsim'
INFO: [SIM-utils-51] Simulation object is 'sim_1'
INFO: [USF-XSim-3] XSim::Elaborate design
INFO: [USF-XSim-61] Executing 'ELABORATE' step in 'C:/Users/kpcha/Desktop/College/DSD/Ver2_5/Ver2_5.sim/sim_1/behav/xsim'
"xelab --incr --debug typical --relax --mt 2 -L xil_defaultlib -L uvm -L unisims_ver -L unimacro_ver -L secureip --snapshot tb_matrix_cont_behav xil_defaultlib.tb_matrix_cont xil_defaultlib.glbl -log elaborate.log"
Vivado Simulator v2025.1.0
Copyright 1986-2022 Xilinx, Inc. All Rights Reserved.
Copyright 2022-2025 Advanced Micro Devices, Inc. All Rights Reserved.
Running: C:/Xilinx/2025.1/Vivado/bin/unwrapped/win64.o/xelab.exe --incr --debug typical --relax --mt 2 -L xil_defaultlib -L uvm -L unisims_ver -L unimacro_ver -L secureip --snapshot tb_matrix_cont_behav xil_defaultlib.tb_matrix_cont xil_defaultlib.glbl -log elaborate.log 
Using 2 slave threads.
Starting static elaboration
Pass Through NonSizing Optimizer
Completed static elaboration
INFO: [XSIM 43-4323] No Change in HDL. Linking previously generated obj files to create kernel
INFO: [USF-XSim-69] 'elaborate' step finished in '1' seconds
Time resolution is 1 ps
T1=12 expected=12
T2=-15 expected=-15
T3=-32768 expected=-32768
T4=64 expected=64
T5=-64 expected=-64
T6=0 expected=0
T7C00=-2 expected=-2
T7C01=5 expected=5
T7C10=0 expected=0
T7C11=-10 expected=-10
T8C00=-8 expected=-8
T8C01=9 expected=9
T8C10=2 expected=2
T8C11=-2 expected=-2
T9C00=-6 expected=-6
T9C01=12 expected=12
T9C10=-15 expected=-15
T9C11=3 expected=3
T10=0 expected=0
T11C0=21 expected=21
T11C1=28 expected=28
relaunch_xsim_kernel: Time (s): cpu = 00:00:01 ; elapsed = 00:00:05 . Memory (MB): peak = 4189.906 ; gain = 0.000
relaunch_sim: Time (s): cpu = 00:00:02 ; elapsed = 00:00:09 . Memory (MB): peak = 4189.906 ; gain = 0.000
run 10 ms
T12C00=64 expected=64
T12C63=64 expected=64
$finish called at time : 51085 ns : File "C:/Users/kpcha/Desktop/College/DSD/Ver2_5/Ver2_5.srcs/sim_1/new/tb.v" Line 287
