Vivado Simulator v2025.1.0
Copyright 1986-2022 Xilinx, Inc. All Rights Reserved.
Copyright 2022-2025 Advanced Micro Devices, Inc. All Rights Reserved.
Running: C:/Xilinx/2025.1/Vivado/bin/unwrapped/win64.o/xelab.exe --incr --debug typical --relax --mt 2 -L xil_defaultlib -L blk_mem_gen_v8_4_11 -L uvm -L unisims_ver -L unimacro_ver -L secureip -L xpm --snapshot tb_uart_tensor_bridge_behav xil_defaultlib.tb_uart_tensor_bridge xil_defaultlib.glbl -log elaborate.log 
Using 2 slave threads.
Starting static elaboration
Pass Through NonSizing Optimizer
Completed static elaboration
Starting simulation data flow analysis
Completed simulation data flow analysis
Time Resolution for simulation is 1ps
Compiling module xil_defaultlib.uart_rx(CLKS_PER_BIT=10)
Compiling module xil_defaultlib.uart_tx(CLKS_PER_BIT=10)
Compiling module blk_mem_gen_v8_4_11.blk_mem_gen_v8_4_11_output_stage...
Compiling module blk_mem_gen_v8_4_11.blk_mem_gen_v8_4_11_softecc_outp...
Compiling module blk_mem_gen_v8_4_11.blk_mem_gen_v8_4_11_mem_module(C...
Compiling module blk_mem_gen_v8_4_11.blk_mem_gen_v8_4_11(C_FAMILY="ar...
Compiling module xil_defaultlib.bram_A
Compiling module blk_mem_gen_v8_4_11.blk_mem_gen_v8_4_11_mem_module(C...
Compiling module blk_mem_gen_v8_4_11.blk_mem_gen_v8_4_11(C_FAMILY="ar...
Compiling module xil_defaultlib.bram_B
Compiling module blk_mem_gen_v8_4_11.blk_mem_gen_v8_4_11_output_stage...
Compiling module blk_mem_gen_v8_4_11.blk_mem_gen_v8_4_11_softecc_outp...
Compiling module blk_mem_gen_v8_4_11.blk_mem_gen_v8_4_11_mem_module(C...
Compiling module blk_mem_gen_v8_4_11.blk_mem_gen_v8_4_11(C_FAMILY="ar...
Compiling module xil_defaultlib.bram_C
Compiling module xil_defaultlib.accel_fsm
Compiling module xil_defaultlib.mac
Compiling module xil_defaultlib.vector_lane(ACC=38)
Compiling module xil_defaultlib.simd_array_default
Compiling module xil_defaultlib.tile_buf
Compiling module xil_defaultlib.accel_top_default
Compiling module xil_defaultlib.matrix_cont(LANES=64,TILE_R=8,TI...
Compiling module xil_defaultlib.tensor_top(MAX_DIM=64,MAX_DEPTH=...
Compiling module xil_defaultlib.uart_tensor_bridge(CLKS_PER_BIT=...
Compiling module xil_defaultlib.tb_uart_tensor_bridge
Compiling module xil_defaultlib.glbl
Built simulation snapshot tb_uart_tensor_bridge_behav
