Time resolution is 1 ps
Block Memory Generator module tb_uart_tensor_bridge.u_dut.u_tensor.u_bram_A.inst.native_mem_module.blk_mem_gen_v8_4_11_inst is using a behavioral model for simulation which will not precisely model memory collision behavior.
Block Memory Generator module tb_uart_tensor_bridge.u_dut.u_tensor.u_bram_B.inst.native_mem_module.blk_mem_gen_v8_4_11_inst is using a behavioral model for simulation which will not precisely model memory collision behavior.
Block Memory Generator module tb_uart_tensor_bridge.u_dut.u_tensor.u_bram_C.inst.native_mem_module.blk_mem_gen_v8_4_11_inst is using a behavioral model for simulation which will not precisely model memory collision behavior.
blk_mem_gen_v8_4_11 collision detected at time: 5295000, Instance: tb_uart_tensor_bridge.u_dut.u_tensor.u_bram_A.inst.native_mem_module.blk_mem_gen_v8_4_11_inst, A write address: 0, B read address: 0
blk_mem_gen_v8_4_11 collision detected at time: 29375000, Instance: tb_uart_tensor_bridge.u_dut.u_tensor.u_bram_B.inst.native_mem_module.blk_mem_gen_v8_4_11_inst, A write address: 0, B read address: 0
blk_mem_gen_v8_4_11 collision detected at time: 54505000, Instance: tb_uart_tensor_bridge.u_dut.u_tensor.u_bram_C.inst.native_mem_module.blk_mem_gen_v8_4_11_inst, A write address: 0, B read address: 0
blk_mem_gen_v8_4_11 collision detected at time: 713795000, Instance: tb_uart_tensor_bridge.u_dut.u_tensor.u_bram_C.inst.native_mem_module.blk_mem_gen_v8_4_11_inst, A write address: 0, B read address: 0
Test 0 ok  op=000 M=2 K=2 N=2 D=1
blk_mem_gen_v8_4_11 collision detected at time: 768075000, Instance: tb_uart_tensor_bridge.u_dut.u_tensor.u_bram_C.inst.native_mem_module.blk_mem_gen_v8_4_11_inst, A write address: 41, B read address: 41
Test 1 ok  op=001 M=1 K=1 N=1 D=1
blk_mem_gen_v8_4_11 collision detected at time: 1490115000, Instance: tb_uart_tensor_bridge.u_dut.u_tensor.u_bram_C.inst.native_mem_module.blk_mem_gen_v8_4_11_inst, A write address: 0, B read address: 0
blk_mem_gen_v8_4_11 collision detected at time: 2147475000, Instance: tb_uart_tensor_bridge.u_dut.u_tensor.u_bram_C.inst.native_mem_module.blk_mem_gen_v8_4_11_inst, A write address: 0, B read address: 0
Test 2 ok  op=010 M=2 K=2 N=2 D=1
blk_mem_gen_v8_4_11 collision detected at time: 2237875000, Instance: tb_uart_tensor_bridge.u_dut.u_tensor.u_bram_C.inst.native_mem_module.blk_mem_gen_v8_4_11_inst, A write address: 41, B read address: 41
blk_mem_gen_v8_4_11 collision detected at time: 2894855000, Instance: tb_uart_tensor_bridge.u_dut.u_tensor.u_bram_C.inst.native_mem_module.blk_mem_gen_v8_4_11_inst, A write address: 41, B read address: 41
Test 3 ok  op=011 M=2 K=2 N=2 D=1
blk_mem_gen_v8_4_11 collision detected at time: 2972945000, Instance: tb_uart_tensor_bridge.u_dut.u_tensor.u_bram_C.inst.native_mem_module.blk_mem_gen_v8_4_11_inst, A write address: 41, B read address: 41
blk_mem_gen_v8_4_11 collision detected at time: 3633785000, Instance: tb_uart_tensor_bridge.u_dut.u_tensor.u_bram_C.inst.native_mem_module.blk_mem_gen_v8_4_11_inst, A write address: 41, B read address: 41
Test 4 ok  op=100 M=2 K=3 N=3 D=1
blk_mem_gen_v8_4_11 collision detected at time: 3716125000, Instance: tb_uart_tensor_bridge.u_dut.u_tensor.u_bram_C.inst.native_mem_module.blk_mem_gen_v8_4_11_inst, A write address: 42, B read address: 42
Test 5 ok  op=101 M=2 K=2 N=2 D=1
blk_mem_gen_v8_4_11 collision detected at time: 4439375000, Instance: tb_uart_tensor_bridge.u_dut.u_tensor.u_bram_B.inst.native_mem_module.blk_mem_gen_v8_4_11_inst, A write address: 0, B read address: 0
blk_mem_gen_v8_4_11 collision detected at time: 4465155000, Instance: tb_uart_tensor_bridge.u_dut.u_tensor.u_bram_C.inst.native_mem_module.blk_mem_gen_v8_4_11_inst, A write address: 41, B read address: 41
blk_mem_gen_v8_4_11 collision detected at time: 5124065000, Instance: tb_uart_tensor_bridge.u_dut.u_tensor.u_bram_C.inst.native_mem_module.blk_mem_gen_v8_4_11_inst, A write address: 41, B read address: 41
Test 6 ok  op=000 M=2 K=2 N=2 D=1
blk_mem_gen_v8_4_11 collision detected at time: 5310515000, Instance: tb_uart_tensor_bridge.u_dut.u_tensor.u_bram_C.inst.native_mem_module.blk_mem_gen_v8_4_11_inst, A write address: 41, B read address: 41
blk_mem_gen_v8_4_11 collision detected at time: 5967495000, Instance: tb_uart_tensor_bridge.u_dut.u_tensor.u_bram_C.inst.native_mem_module.blk_mem_gen_v8_4_11_inst, A write address: 41, B read address: 41
Test 7 ok  op=001 M=3 K=1 N=4 D=1
blk_mem_gen_v8_4_11 collision detected at time: 6219725000, Instance: tb_uart_tensor_bridge.u_dut.u_tensor.u_bram_C.inst.native_mem_module.blk_mem_gen_v8_4_11_inst, A write address: 83, B read address: 83
Test 8 ok  op=000 M=2 K=4 N=4 D=1
blk_mem_gen_v8_4_11 collision detected at time: 7028625000, Instance: tb_uart_tensor_bridge.u_dut.u_tensor.u_bram_C.inst.native_mem_module.blk_mem_gen_v8_4_11_inst, A write address: 43, B read address: 43
Test 9 ok  op=100 M=3 K=4 N=2 D=1
blk_mem_gen_v8_4_11 collision detected at time: 7846585000, Instance: tb_uart_tensor_bridge.u_dut.u_tensor.u_bram_C.inst.native_mem_module.blk_mem_gen_v8_4_11_inst, A write address: 81, B read address: 81
blk_mem_gen_v8_4_11 collision detected at time: 8508955000, Instance: tb_uart_tensor_bridge.u_dut.u_tensor.u_bram_C.inst.native_mem_module.blk_mem_gen_v8_4_11_inst, A write address: 81, B read address: 81
Test 10 ok  op=101 M=4 K=2 N=4 D=1
blk_mem_gen_v8_4_11 collision detected at time: 8652685000, Instance: tb_uart_tensor_bridge.u_dut.u_tensor.u_bram_B.inst.native_mem_module.blk_mem_gen_v8_4_11_inst, A write address: 0, B read address: 0
blk_mem_gen_v8_4_11 collision detected at time: 8842305000, Instance: tb_uart_tensor_bridge.u_dut.u_tensor.u_bram_C.inst.native_mem_module.blk_mem_gen_v8_4_11_inst, A write address: c3, B read address: c3
blk_mem_gen_v8_4_11 collision detected at time: 9498525000, Instance: tb_uart_tensor_bridge.u_dut.u_tensor.u_bram_C.inst.native_mem_module.blk_mem_gen_v8_4_11_inst, A write address: c3, B read address: c3
Test 11 ok  op=010 M=4 K=3 N=4 D=1
blk_mem_gen_v8_4_11 collision detected at time: 9711175000, Instance: tb_uart_tensor_bridge.u_dut.u_tensor.u_bram_C.inst.native_mem_module.blk_mem_gen_v8_4_11_inst, A write address: c3, B read address: c3
