Vivado Simulator v2025.1.0
Copyright 1986-2022 Xilinx, Inc. All Rights Reserved.
Copyright 2022-2025 Advanced Micro Devices, Inc. All Rights Reserved.
Running: C:/Xilinx/2025.1/Vivado/bin/unwrapped/win64.o/xelab.exe --incr --debug typical --relax --mt 2 -L xil_defaultlib -L uvm -L unisims_ver -L unimacro_ver -L secureip --snapshot tb_tensor_top_fpga_behav xil_defaultlib.tb_tensor_top_fpga xil_defaultlib.glbl -log elaborate.log 
Using 2 slave threads.
Starting static elaboration
Pass Through NonSizing Optimizer
WARNING: [VRFC 10-3091] actual bit length 7 differs from formal bit length 5 for port 'M_len' [C:/Users/kpcha/Desktop/College/DSD/BRAM_Tensor_Final_Ver1/BRAM_Tensor_Final_Ver1.srcs/sim_1/new/tb_BRAM.v:61]
WARNING: [VRFC 10-3091] actual bit length 7 differs from formal bit length 5 for port 'K_len' [C:/Users/kpcha/Desktop/College/DSD/BRAM_Tensor_Final_Ver1/BRAM_Tensor_Final_Ver1.srcs/sim_1/new/tb_BRAM.v:62]
WARNING: [VRFC 10-3091] actual bit length 7 differs from formal bit length 5 for port 'N_len' [C:/Users/kpcha/Desktop/College/DSD/BRAM_Tensor_Final_Ver1/BRAM_Tensor_Final_Ver1.srcs/sim_1/new/tb_BRAM.v:63]
WARNING: [VRFC 10-3091] actual bit length 12 differs from formal bit length 8 for port 'addr_a_ext' [C:/Users/kpcha/Desktop/College/DSD/BRAM_Tensor_Final_Ver1/BRAM_Tensor_Final_Ver1.srcs/sim_1/new/tb_BRAM.v:66]
WARNING: [VRFC 10-3091] actual bit length 12 differs from formal bit length 8 for port 'addr_b_ext' [C:/Users/kpcha/Desktop/College/DSD/BRAM_Tensor_Final_Ver1/BRAM_Tensor_Final_Ver1.srcs/sim_1/new/tb_BRAM.v:70]
WARNING: [VRFC 10-3091] actual bit length 12 differs from formal bit length 8 for port 'addr_c_ext' [C:/Users/kpcha/Desktop/College/DSD/BRAM_Tensor_Final_Ver1/BRAM_Tensor_Final_Ver1.srcs/sim_1/new/tb_BRAM.v:73]
WARNING: [VRFC 10-3091] actual bit length 40 differs from formal bit length 36 for port 'dout_c_ext' [C:/Users/kpcha/Desktop/College/DSD/BRAM_Tensor_Final_Ver1/BRAM_Tensor_Final_Ver1.srcs/sim_1/new/tb_BRAM.v:74]
Completed static elaboration
Starting simulation data flow analysis
Completed simulation data flow analysis
Time Resolution for simulation is 1ps
Compiling module xil_defaultlib.tensor_bram_default
Compiling module xil_defaultlib.tensor_bram(WIDTH=36)
Compiling module xil_defaultlib.accel_fsm
Compiling module xil_defaultlib.mac(ACC=36)
Compiling module xil_defaultlib.vector_lane(ACC=36,N_MAX=16)
Compiling module xil_defaultlib.simd_array(ACC=36,N_MAX=16,LANES...
Compiling module xil_defaultlib.accel_top(ACC=36,N_MAX=16,LANES=...
Compiling module xil_defaultlib.matrix_cont(N_MAX=16,LANES=8,TIL...
Compiling module xil_defaultlib.tensor_top_default
Compiling module xil_defaultlib.tb_tensor_top_fpga
Compiling module xil_defaultlib.glbl
Built simulation snapshot tb_tensor_top_fpga_behav
