Time resolution is 1 ps
ERROR (0,0): DUT=X GOLD=149854803
ERROR (0,1): DUT=X GOLD=201471537
ERROR (0,2): DUT=X GOLD=-146794494
ERROR (0,3): DUT=X GOLD=139118637
ERROR (0,4): DUT=X GOLD=138788955
ERROR (0,5): DUT=X GOLD=90805890
ERROR (0,6): DUT=X GOLD=-167987313
ERROR (0,7): DUT=X GOLD=-4959564
Test 0 done
ERROR (0,0): DUT=X GOLD=105365
ERROR (0,1): DUT=Z GOLD=105365
ERROR (0,2): DUT=Z GOLD=105365
ERROR (0,3): DUT=Z GOLD=105365
ERROR (0,4): DUT=Z GOLD=105365
ERROR (0,5): DUT=Z GOLD=105365
ERROR (0,6): DUT=Z GOLD=105365
ERROR (1,0): DUT=Z GOLD=-53584
ERROR (1,1): DUT=X GOLD=-53584
ERROR (1,2): DUT=X GOLD=-53584
ERROR (1,3): DUT=X GOLD=-53584
ERROR (1,4): DUT=X GOLD=-53584
ERROR (1,5): DUT=X GOLD=-53584
ERROR (1,6): DUT=X GOLD=-53584
ERROR (2,0): DUT=X GOLD=40325
ERROR (2,1): DUT=X GOLD=40325
ERROR (2,2): DUT=X GOLD=40325
ERROR (2,3): DUT=X GOLD=40325
ERROR (2,4): DUT=X GOLD=40325
ERROR (2,5): DUT=X GOLD=40325
ERROR (2,6): DUT=X GOLD=40325
Test 1 done
ERROR (0,0): DUT=X GOLD=-41767
ERROR (0,1): DUT=Z GOLD=22957
ERROR (0,2): DUT=Z GOLD=32000
ERROR (0,3): DUT=Z GOLD=25728
ERROR (0,4): DUT=Z GOLD=-52337
ERROR (0,5): DUT=Z GOLD=16555
ERROR (0,6): DUT=Z GOLD=-5363
ERROR (1,0): DUT=Z GOLD=35433
ERROR (1,1): DUT=Z GOLD=25432
ERROR (1,2): DUT=Z GOLD=-12501
ERROR (1,3): DUT=Z GOLD=-36801
ERROR (1,4): DUT=Z GOLD=-37630
ERROR (1,5): DUT=Z GOLD=9385
ERROR (1,6): DUT=Z GOLD=8700
ERROR (2,0): DUT=Z GOLD=-27197
ERROR (2,1): DUT=X GOLD=-38784
ERROR (2,2): DUT=X GOLD=-13523
ERROR (2,3): DUT=X GOLD=-45225
ERROR (2,4): DUT=X GOLD=6524
ERROR (2,5): DUT=X GOLD=7005
ERROR (2,6): DUT=X GOLD=16981
ERROR (3,0): DUT=X GOLD=17818
ERROR (3,1): DUT=X GOLD=8845
ERROR (3,2): DUT=X GOLD=-49028
ERROR (3,3): DUT=X GOLD=-13395
ERROR (3,4): DUT=X GOLD=-16203
ERROR (3,5): DUT=X GOLD=-6384
ERROR (3,6): DUT=X GOLD=-44259
ERROR (4,0): DUT=X GOLD=34634
ERROR (4,1): DUT=Z GOLD=-24328
ERROR (4,2): DUT=Z GOLD=-60154
ERROR (4,3): DUT=Z GOLD=8471
ERROR (4,4): DUT=Z GOLD=2024
ERROR (4,5): DUT=Z GOLD=2731
ERROR (4,6): DUT=Z GOLD=-18907
Test 2 done
