INFO: [VRFC 10-2263] Analyzing SystemVerilog file "C:/Users/kpcha/Desktop/College/DSD/Ver2_6/Ver2_6.srcs/sources_1/new/accel_fsm.v" into library xil_defaultlib
INFO: [VRFC 10-311] analyzing module accel_fsm
INFO: [VRFC 10-2263] Analyzing SystemVerilog file "C:/Users/kpcha/Desktop/College/DSD/Ver2_6/Ver2_6.srcs/sources_1/new/accel_top.v" into library xil_defaultlib
INFO: [VRFC 10-311] analyzing module accel_top
INFO: [VRFC 10-2263] Analyzing SystemVerilog file "C:/Users/kpcha/Desktop/College/DSD/Ver2_6/Ver2_6.srcs/sources_1/new/mac.v" into library xil_defaultlib
INFO: [VRFC 10-311] analyzing module mac
INFO: [VRFC 10-2263] Analyzing SystemVerilog file "C:/Users/kpcha/Desktop/College/DSD/Ver2_6/Ver2_6.srcs/sources_1/new/matrix_cont.sv" into library xil_defaultlib
INFO: [VRFC 10-311] analyzing module matrix_cont
INFO: [VRFC 10-2263] Analyzing SystemVerilog file "C:/Users/kpcha/Desktop/College/DSD/Ver2_6/Ver2_6.srcs/sources_1/new/simd_array.v" into library xil_defaultlib
INFO: [VRFC 10-311] analyzing module simd_array
INFO: [VRFC 10-2263] Analyzing SystemVerilog file "C:/Users/kpcha/Desktop/College/DSD/Ver2_6/Ver2_6.srcs/sources_1/new/vector_lane.v" into library xil_defaultlib
INFO: [VRFC 10-311] analyzing module vector_lane
INFO: [VRFC 10-2263] Analyzing SystemVerilog file "C:/Users/kpcha/Desktop/College/DSD/Ver2_6/Ver2_6.srcs/sources_1/new/tensor_top.v" into library xil_defaultlib
INFO: [VRFC 10-311] analyzing module tensor_top
INFO: [VRFC 10-2263] Analyzing SystemVerilog file "C:/Users/kpcha/Desktop/College/DSD/Ver2_6/Ver2_6.srcs/sources_1/imports/files/uart_tensor_ctrl.v" into library xil_defaultlib
INFO: [VRFC 10-311] analyzing module uart_tensor_ctrl
INFO: [VRFC 10-2263] Analyzing SystemVerilog file "C:/Users/kpcha/Desktop/College/DSD/Ver2_6/Ver2_6.srcs/sources_1/imports/files/fpga_top.v" into library xil_defaultlib
INFO: [VRFC 10-311] analyzing module fpga_top
INFO: [VRFC 10-2263] Analyzing SystemVerilog file "C:/Users/kpcha/Desktop/College/DSD/Ver2_6/Ver2_6.srcs/sources_1/imports/files/uart_trx.v" into library xil_defaultlib
INFO: [VRFC 10-311] analyzing module uart_rx
INFO: [VRFC 10-311] analyzing module uart_tx
INFO: [VRFC 10-2263] Analyzing SystemVerilog file "C:/Users/kpcha/Desktop/College/DSD/Ver2_6/Ver2_6.srcs/sim_1/new/tb.v" into library xil_defaultlib
INFO: [VRFC 10-311] analyzing module tb_tensor_top_random
INFO: [VRFC 10-2263] Analyzing SystemVerilog file "C:/Users/kpcha/Desktop/College/DSD/Ver2_6/Ver2_6.srcs/sim_1/new/tb_BRAM.v" into library xil_defaultlib
INFO: [VRFC 10-311] analyzing module tb_tensor_top_bram_random
INFO: [VRFC 10-2263] Analyzing SystemVerilog file "C:/Users/kpcha/Desktop/College/DSD/Ver2_6/Ver2_6.srcs/sim_1/new/tb_uart.v" into library xil_defaultlib
INFO: [VRFC 10-311] analyzing module tb_fpga_top_uart_random
