Time resolution is 1 ps
Block Memory Generator module tb_uart_tensor_bridge.u_dut.u_tensor.u_bram_A.inst.native_mem_module.blk_mem_gen_v8_4_11_inst is using a behavioral model for simulation which will not precisely model memory collision behavior.
Block Memory Generator module tb_uart_tensor_bridge.u_dut.u_tensor.u_bram_B.inst.native_mem_module.blk_mem_gen_v8_4_11_inst is using a behavioral model for simulation which will not precisely model memory collision behavior.
Block Memory Generator module tb_uart_tensor_bridge.u_dut.u_tensor.u_bram_C.inst.native_mem_module.blk_mem_gen_v8_4_11_inst is using a behavioral model for simulation which will not precisely model memory collision behavior.
blk_mem_gen_v8_4_11 collision detected at time: 5295000, Instance: tb_uart_tensor_bridge.u_dut.u_tensor.u_bram_A.inst.native_mem_module.blk_mem_gen_v8_4_11_inst, A write address: 0, B read address: 0
blk_mem_gen_v8_4_11 collision detected at time: 29375000, Instance: tb_uart_tensor_bridge.u_dut.u_tensor.u_bram_B.inst.native_mem_module.blk_mem_gen_v8_4_11_inst, A write address: 0, B read address: 0
blk_mem_gen_v8_4_11 collision detected at time: 54505000, Instance: tb_uart_tensor_bridge.u_dut.u_tensor.u_bram_C.inst.native_mem_module.blk_mem_gen_v8_4_11_inst, A write address: 0, B read address: 0
blk_mem_gen_v8_4_11 collision detected at time: 65305000, Instance: tb_uart_tensor_bridge.u_dut.u_tensor.u_bram_C.inst.native_mem_module.blk_mem_gen_v8_4_11_inst, A write address: 0, B read address: 0
Test 0 ok  op=000 M=2 K=2 N=2 D=1
blk_mem_gen_v8_4_11 collision detected at time: 117425000, Instance: tb_uart_tensor_bridge.u_dut.u_tensor.u_bram_C.inst.native_mem_module.blk_mem_gen_v8_4_11_inst, A write address: 11, B read address: 11
Test 1 ok  op=001 M=1 K=1 N=1 D=1
blk_mem_gen_v8_4_11 collision detected at time: 191455000, Instance: tb_uart_tensor_bridge.u_dut.u_tensor.u_bram_C.inst.native_mem_module.blk_mem_gen_v8_4_11_inst, A write address: 0, B read address: 0
blk_mem_gen_v8_4_11 collision detected at time: 202005000, Instance: tb_uart_tensor_bridge.u_dut.u_tensor.u_bram_C.inst.native_mem_module.blk_mem_gen_v8_4_11_inst, A write address: 0, B read address: 0
Test 2 ok  op=010 M=2 K=2 N=2 D=1
blk_mem_gen_v8_4_11 collision detected at time: 290245000, Instance: tb_uart_tensor_bridge.u_dut.u_tensor.u_bram_C.inst.native_mem_module.blk_mem_gen_v8_4_11_inst, A write address: 11, B read address: 11
blk_mem_gen_v8_4_11 collision detected at time: 300775000, Instance: tb_uart_tensor_bridge.u_dut.u_tensor.u_bram_C.inst.native_mem_module.blk_mem_gen_v8_4_11_inst, A write address: 11, B read address: 11
Test 3 ok  op=011 M=2 K=2 N=2 D=1
blk_mem_gen_v8_4_11 collision detected at time: 376825000, Instance: tb_uart_tensor_bridge.u_dut.u_tensor.u_bram_C.inst.native_mem_module.blk_mem_gen_v8_4_11_inst, A write address: 11, B read address: 11
blk_mem_gen_v8_4_11 collision detected at time: 387855000, Instance: tb_uart_tensor_bridge.u_dut.u_tensor.u_bram_C.inst.native_mem_module.blk_mem_gen_v8_4_11_inst, A write address: 11, B read address: 11
Test 4 ok  op=100 M=2 K=3 N=3 D=1
blk_mem_gen_v8_4_11 collision detected at time: 468155000, Instance: tb_uart_tensor_bridge.u_dut.u_tensor.u_bram_C.inst.native_mem_module.blk_mem_gen_v8_4_11_inst, A write address: 12, B read address: 12
Test 5 ok  op=101 M=2 K=2 N=2 D=1
blk_mem_gen_v8_4_11 collision detected at time: 541715000, Instance: tb_uart_tensor_bridge.u_dut.u_tensor.u_bram_B.inst.native_mem_module.blk_mem_gen_v8_4_11_inst, A write address: 0, B read address: 0
blk_mem_gen_v8_4_11 collision detected at time: 567015000, Instance: tb_uart_tensor_bridge.u_dut.u_tensor.u_bram_C.inst.native_mem_module.blk_mem_gen_v8_4_11_inst, A write address: 11, B read address: 11
blk_mem_gen_v8_4_11 collision detected at time: 577795000, Instance: tb_uart_tensor_bridge.u_dut.u_tensor.u_bram_C.inst.native_mem_module.blk_mem_gen_v8_4_11_inst, A write address: 11, B read address: 11
Test 6 ok  op=000 M=2 K=2 N=2 D=1
blk_mem_gen_v8_4_11 collision detected at time: 634565000, Instance: tb_uart_tensor_bridge.u_dut.u_tensor.u_bram_A.inst.native_mem_module.blk_mem_gen_v8_4_11_inst, A write address: 11, B read address: 11
blk_mem_gen_v8_4_11 collision detected at time: 665885000, Instance: tb_uart_tensor_bridge.u_dut.u_tensor.u_bram_C.inst.native_mem_module.blk_mem_gen_v8_4_11_inst, A write address: 11, B read address: 11
Test 7 ok  op=100 M=4 K=2 N=1 D=1
blk_mem_gen_v8_4_11 collision detected at time: 776385000, Instance: tb_uart_tensor_bridge.u_dut.u_tensor.u_bram_A.inst.native_mem_module.blk_mem_gen_v8_4_11_inst, A write address: 31, B read address: 31
blk_mem_gen_v8_4_11 collision detected at time: 788425000, Instance: tb_uart_tensor_bridge.u_dut.u_tensor.u_bram_B.inst.native_mem_module.blk_mem_gen_v8_4_11_inst, A write address: 0, B read address: 0
blk_mem_gen_v8_4_11 collision detected at time: 826075000, Instance: tb_uart_tensor_bridge.u_dut.u_tensor.u_bram_C.inst.native_mem_module.blk_mem_gen_v8_4_11_inst, A write address: 30, B read address: 30
blk_mem_gen_v8_4_11 collision detected at time: 837825000, Instance: tb_uart_tensor_bridge.u_dut.u_tensor.u_bram_C.inst.native_mem_module.blk_mem_gen_v8_4_11_inst, A write address: 30, B read address: 30
Test 8 ok  op=000 M=4 K=3 N=2 D=1
blk_mem_gen_v8_4_11 collision detected at time: 958825000, Instance: tb_uart_tensor_bridge.u_dut.u_tensor.u_bram_C.inst.native_mem_module.blk_mem_gen_v8_4_11_inst, A write address: 31, B read address: 31
Test 9 ok  op=011 M=1 K=3 N=4 D=1
blk_mem_gen_v8_4_11 collision detected at time: 1086005000, Instance: tb_uart_tensor_bridge.u_dut.u_tensor.u_bram_B.inst.native_mem_module.blk_mem_gen_v8_4_11_inst, A write address: 13, B read address: 13
blk_mem_gen_v8_4_11 collision detected at time: 1117185000, Instance: tb_uart_tensor_bridge.u_dut.u_tensor.u_bram_C.inst.native_mem_module.blk_mem_gen_v8_4_11_inst, A write address: 3, B read address: 3
blk_mem_gen_v8_4_11 collision detected at time: 1128295000, Instance: tb_uart_tensor_bridge.u_dut.u_tensor.u_bram_C.inst.native_mem_module.blk_mem_gen_v8_4_11_inst, A write address: 3, B read address: 3
Test 10 ok  op=000 M=2 K=3 N=4 D=1
blk_mem_gen_v8_4_11 collision detected at time: 1249025000, Instance: tb_uart_tensor_bridge.u_dut.u_tensor.u_bram_C.inst.native_mem_module.blk_mem_gen_v8_4_11_inst, A write address: 13, B read address: 13
blk_mem_gen_v8_4_11 collision detected at time: 1259595000, Instance: tb_uart_tensor_bridge.u_dut.u_tensor.u_bram_C.inst.native_mem_module.blk_mem_gen_v8_4_11_inst, A write address: 13, B read address: 13
Test 11 ok  op=000 M=4 K=1 N=4 D=1
blk_mem_gen_v8_4_11 collision detected at time: 1404065000, Instance: tb_uart_tensor_bridge.u_dut.u_tensor.u_bram_C.inst.native_mem_module.blk_mem_gen_v8_4_11_inst, A write address: 33, B read address: 33
Test 12 ok  op=101 M=1 K=4 N=1 D=1
blk_mem_gen_v8_4_11 collision detected at time: 1447655000, Instance: tb_uart_tensor_bridge.u_dut.u_tensor.u_bram_C.inst.native_mem_module.blk_mem_gen_v8_4_11_inst, A write address: 0, B read address: 0
blk_mem_gen_v8_4_11 collision detected at time: 1458705000, Instance: tb_uart_tensor_bridge.u_dut.u_tensor.u_bram_C.inst.native_mem_module.blk_mem_gen_v8_4_11_inst, A write address: 0, B read address: 0
Test 13 ok  op=100 M=1 K=3 N=3 D=1
blk_mem_gen_v8_4_11 collision detected at time: 1519525000, Instance: tb_uart_tensor_bridge.u_dut.u_tensor.u_bram_A.inst.native_mem_module.blk_mem_gen_v8_4_11_inst, A write address: 12, B read address: 12
blk_mem_gen_v8_4_11 collision detected at time: 1544675000, Instance: tb_uart_tensor_bridge.u_dut.u_tensor.u_bram_C.inst.native_mem_module.blk_mem_gen_v8_4_11_inst, A write address: 2, B read address: 2
blk_mem_gen_v8_4_11 collision detected at time: 1555765000, Instance: tb_uart_tensor_bridge.u_dut.u_tensor.u_bram_C.inst.native_mem_module.blk_mem_gen_v8_4_11_inst, A write address: 2, B read address: 2
Test 14 ok  op=101 M=3 K=3 N=3 D=1
blk_mem_gen_v8_4_11 collision detected at time: 1642345000, Instance: tb_uart_tensor_bridge.u_dut.u_tensor.u_bram_B.inst.native_mem_module.blk_mem_gen_v8_4_11_inst, A write address: 0, B read address: 0
blk_mem_gen_v8_4_11 collision detected at time: 1768765000, Instance: tb_uart_tensor_bridge.u_dut.u_tensor.u_bram_A.inst.native_mem_module.blk_mem_gen_v8_4_11_inst, A write address: 23, B read address: 23
blk_mem_gen_v8_4_11 collision detected at time: 1782195000, Instance: tb_uart_tensor_bridge.u_dut.u_tensor.u_bram_C.inst.native_mem_module.blk_mem_gen_v8_4_11_inst, A write address: 22, B read address: 22
blk_mem_gen_v8_4_11 collision detected at time: 1793025000, Instance: tb_uart_tensor_bridge.u_dut.u_tensor.u_bram_C.inst.native_mem_module.blk_mem_gen_v8_4_11_inst, A write address: 22, B read address: 22
Test 15 ok  op=011 M=3 K=1 N=4 D=1
blk_mem_gen_v8_4_11 collision detected at time: 1987245000, Instance: tb_uart_tensor_bridge.u_dut.u_tensor.u_bram_A.inst.native_mem_module.blk_mem_gen_v8_4_11_inst, A write address: 33, B read address: 33
blk_mem_gen_v8_4_11 collision detected at time: 1994665000, Instance: tb_uart_tensor_bridge.u_dut.u_tensor.u_bram_C.inst.native_mem_module.blk_mem_gen_v8_4_11_inst, A write address: 23, B read address: 23
Test 16 ok  op=100 M=4 K=4 N=2 D=1
blk_mem_gen_v8_4_11 collision detected at time: 2103965000, Instance: tb_uart_tensor_bridge.u_dut.u_tensor.u_bram_C.inst.native_mem_module.blk_mem_gen_v8_4_11_inst, A write address: 31, B read address: 31
Test 17 ok  op=100 M=2 K=2 N=1 D=1
blk_mem_gen_v8_4_11 collision detected at time: 2142875000, Instance: tb_uart_tensor_bridge.u_dut.u_tensor.u_bram_B.inst.native_mem_module.blk_mem_gen_v8_4_11_inst, A write address: 0, B read address: 0
blk_mem_gen_v8_4_11 collision detected at time: 2174185000, Instance: tb_uart_tensor_bridge.u_dut.u_tensor.u_bram_C.inst.native_mem_module.blk_mem_gen_v8_4_11_inst, A write address: 10, B read address: 10
blk_mem_gen_v8_4_11 collision detected at time: 2184695000, Instance: tb_uart_tensor_bridge.u_dut.u_tensor.u_bram_C.inst.native_mem_module.blk_mem_gen_v8_4_11_inst, A write address: 10, B read address: 10
Test 18 ok  op=010 M=3 K=3 N=1 D=1
blk_mem_gen_v8_4_11 collision detected at time: 2241305000, Instance: tb_uart_tensor_bridge.u_dut.u_tensor.u_bram_C.inst.native_mem_module.blk_mem_gen_v8_4_11_inst, A write address: 20, B read address: 20
Test 19 ok  op=000 M=1 K=1 N=3 D=1
blk_mem_gen_v8_4_11 collision detected at time: 2307405000, Instance: tb_uart_tensor_bridge.u_dut.u_tensor.u_bram_C.inst.native_mem_module.blk_mem_gen_v8_4_11_inst, A write address: 2, B read address: 2
blk_mem_gen_v8_4_11 collision detected at time: 2317995000, Instance: tb_uart_tensor_bridge.u_dut.u_tensor.u_bram_C.inst.native_mem_module.blk_mem_gen_v8_4_11_inst, A write address: 2, B read address: 2
Test 20 ok  op=101 M=1 K=4 N=4 D=1
blk_mem_gen_v8_4_11 collision detected at time: 2362815000, Instance: tb_uart_tensor_bridge.u_dut.u_tensor.u_bram_B.inst.native_mem_module.blk_mem_gen_v8_4_11_inst, A write address: 0, B read address: 0
blk_mem_gen_v8_4_11 collision detected at time: 2381955000, Instance: tb_uart_tensor_bridge.u_dut.u_tensor.u_bram_C.inst.native_mem_module.blk_mem_gen_v8_4_11_inst, A write address: 3, B read address: 3
Test 21 ok  op=010 M=1 K=2 N=2 D=1
blk_mem_gen_v8_4_11 collision detected at time: 2488355000, Instance: tb_uart_tensor_bridge.u_dut.u_tensor.u_bram_C.inst.native_mem_module.blk_mem_gen_v8_4_11_inst, A write address: 1, B read address: 1
blk_mem_gen_v8_4_11 collision detected at time: 2498925000, Instance: tb_uart_tensor_bridge.u_dut.u_tensor.u_bram_C.inst.native_mem_module.blk_mem_gen_v8_4_11_inst, A write address: 1, B read address: 1
Test 22 ok  op=001 M=2 K=3 N=3 D=1
blk_mem_gen_v8_4_11 collision detected at time: 2579345000, Instance: tb_uart_tensor_bridge.u_dut.u_tensor.u_bram_C.inst.native_mem_module.blk_mem_gen_v8_4_11_inst, A write address: 12, B read address: 12
Test 23 ok  op=001 M=2 K=3 N=1 D=1
blk_mem_gen_v8_4_11 collision detected at time: 2685745000, Instance: tb_uart_tensor_bridge.u_dut.u_tensor.u_bram_C.inst.native_mem_module.blk_mem_gen_v8_4_11_inst, A write address: 10, B read address: 10
blk_mem_gen_v8_4_11 collision detected at time: 2696255000, Instance: tb_uart_tensor_bridge.u_dut.u_tensor.u_bram_C.inst.native_mem_module.blk_mem_gen_v8_4_11_inst, A write address: 10, B read address: 10
Test 24 ok  op=011 M=3 K=2 N=2 D=1
blk_mem_gen_v8_4_11 collision detected at time: 2765255000, Instance: tb_uart_tensor_bridge.u_dut.u_tensor.u_bram_C.inst.native_mem_module.blk_mem_gen_v8_4_11_inst, A write address: 21, B read address: 21
Test 25 ok  op=001 M=1 K=1 N=1 D=1
blk_mem_gen_v8_4_11 collision detected at time: 2863205000, Instance: tb_uart_tensor_bridge.u_dut.u_tensor.u_bram_C.inst.native_mem_module.blk_mem_gen_v8_4_11_inst, A write address: 0, B read address: 0
blk_mem_gen_v8_4_11 collision detected at time: 2874255000, Instance: tb_uart_tensor_bridge.u_dut.u_tensor.u_bram_C.inst.native_mem_module.blk_mem_gen_v8_4_11_inst, A write address: 0, B read address: 0
Test 26 ok  op=100 M=4 K=3 N=4 D=1
blk_mem_gen_v8_4_11 collision detected at time: 3060015000, Instance: tb_uart_tensor_bridge.u_dut.u_tensor.u_bram_B.inst.native_mem_module.blk_mem_gen_v8_4_11_inst, A write address: 0, B read address: 0
blk_mem_gen_v8_4_11 collision detected at time: 3109735000, Instance: tb_uart_tensor_bridge.u_dut.u_tensor.u_bram_C.inst.native_mem_module.blk_mem_gen_v8_4_11_inst, A write address: 33, B read address: 33
Test 27 ok  op=000 M=2 K=4 N=2 D=1
blk_mem_gen_v8_4_11 collision detected at time: 3243665000, Instance: tb_uart_tensor_bridge.u_dut.u_tensor.u_bram_A.inst.native_mem_module.blk_mem_gen_v8_4_11_inst, A write address: 13, B read address: 13
blk_mem_gen_v8_4_11 collision detected at time: 3256925000, Instance: tb_uart_tensor_bridge.u_dut.u_tensor.u_bram_C.inst.native_mem_module.blk_mem_gen_v8_4_11_inst, A write address: 11, B read address: 11
blk_mem_gen_v8_4_11 collision detected at time: 3267455000, Instance: tb_uart_tensor_bridge.u_dut.u_tensor.u_bram_C.inst.native_mem_module.blk_mem_gen_v8_4_11_inst, A write address: 11, B read address: 11
Test 28 ok  op=001 M=2 K=1 N=4 D=1
blk_mem_gen_v8_4_11 collision detected at time: 3412205000, Instance: tb_uart_tensor_bridge.u_dut.u_tensor.u_bram_C.inst.native_mem_module.blk_mem_gen_v8_4_11_inst, A write address: 13, B read address: 13
Test 29 ok  op=000 M=3 K=2 N=3 D=1
blk_mem_gen_v8_4_11 collision detected at time: 3576815000, Instance: tb_uart_tensor_bridge.u_dut.u_tensor.u_bram_C.inst.native_mem_module.blk_mem_gen_v8_4_11_inst, A write address: 22, B read address: 22
Test 30 ok  op=001 M=2 K=4 N=3 D=1
blk_mem_gen_v8_4_11 collision detected at time: 3739715000, Instance: tb_uart_tensor_bridge.u_dut.u_tensor.u_bram_C.inst.native_mem_module.blk_mem_gen_v8_4_11_inst, A write address: 12, B read address: 12
Test 31 ok  op=001 M=4 K=2 N=2 D=1
blk_mem_gen_v8_4_11 collision detected at time: 3931965000, Instance: tb_uart_tensor_bridge.u_dut.u_tensor.u_bram_C.inst.native_mem_module.blk_mem_gen_v8_4_11_inst, A write address: 31, B read address: 31
Test 32 ok  op=010 M=3 K=1 N=3 D=1
blk_mem_gen_v8_4_11 collision detected at time: 4113835000, Instance: tb_uart_tensor_bridge.u_dut.u_tensor.u_bram_C.inst.native_mem_module.blk_mem_gen_v8_4_11_inst, A write address: 22, B read address: 22
Test 33 ok  op=000 M=2 K=3 N=3 D=1
blk_mem_gen_v8_4_11 collision detected at time: 4251925000, Instance: tb_uart_tensor_bridge.u_dut.u_tensor.u_bram_A.inst.native_mem_module.blk_mem_gen_v8_4_11_inst, A write address: 12, B read address: 12
blk_mem_gen_v8_4_11 collision detected at time: 4318145000, Instance: tb_uart_tensor_bridge.u_dut.u_tensor.u_bram_B.inst.native_mem_module.blk_mem_gen_v8_4_11_inst, A write address: 23, B read address: 23
blk_mem_gen_v8_4_11 collision detected at time: 4325395000, Instance: tb_uart_tensor_bridge.u_dut.u_tensor.u_bram_C.inst.native_mem_module.blk_mem_gen_v8_4_11_inst, A write address: 12, B read address: 12
blk_mem_gen_v8_4_11 collision detected at time: 4335945000, Instance: tb_uart_tensor_bridge.u_dut.u_tensor.u_bram_C.inst.native_mem_module.blk_mem_gen_v8_4_11_inst, A write address: 12, B read address: 12
Test 34 ok  op=001 M=3 K=4 N=4 D=1
blk_mem_gen_v8_4_11 collision detected at time: 4477825000, Instance: tb_uart_tensor_bridge.u_dut.u_tensor.u_bram_C.inst.native_mem_module.blk_mem_gen_v8_4_11_inst, A write address: 23, B read address: 23
Test 35 ok  op=010 M=1 K=3 N=3 D=1
blk_mem_gen_v8_4_11 collision detected at time: 4573995000, Instance: tb_uart_tensor_bridge.u_dut.u_tensor.u_bram_C.inst.native_mem_module.blk_mem_gen_v8_4_11_inst, A write address: 2, B read address: 2
Test 36 ok  op=000 M=2 K=3 N=1 D=1
blk_mem_gen_v8_4_11 collision detected at time: 4620855000, Instance: tb_uart_tensor_bridge.u_dut.u_tensor.u_bram_C.inst.native_mem_module.blk_mem_gen_v8_4_11_inst, A write address: 10, B read address: 10
blk_mem_gen_v8_4_11 collision detected at time: 4631615000, Instance: tb_uart_tensor_bridge.u_dut.u_tensor.u_bram_C.inst.native_mem_module.blk_mem_gen_v8_4_11_inst, A write address: 10, B read address: 10
Test 37 ok  op=101 M=2 K=1 N=1 D=1
blk_mem_gen_v8_4_11 collision detected at time: 4660095000, Instance: tb_uart_tensor_bridge.u_dut.u_tensor.u_bram_B.inst.native_mem_module.blk_mem_gen_v8_4_11_inst, A write address: 0, B read address: 0
blk_mem_gen_v8_4_11 collision detected at time: 4727525000, Instance: tb_uart_tensor_bridge.u_dut.u_tensor.u_bram_C.inst.native_mem_module.blk_mem_gen_v8_4_11_inst, A write address: 10, B read address: 10
blk_mem_gen_v8_4_11 collision detected at time: 4738035000, Instance: tb_uart_tensor_bridge.u_dut.u_tensor.u_bram_C.inst.native_mem_module.blk_mem_gen_v8_4_11_inst, A write address: 10, B read address: 10
Test 38 ok  op=001 M=2 K=1 N=3 D=1
blk_mem_gen_v8_4_11 collision detected at time: 4842445000, Instance: tb_uart_tensor_bridge.u_dut.u_tensor.u_bram_C.inst.native_mem_module.blk_mem_gen_v8_4_11_inst, A write address: 12, B read address: 12
Test 39 ok  op=011 M=4 K=1 N=1 D=1
blk_mem_gen_v8_4_11 collision detected at time: 4990085000, Instance: tb_uart_tensor_bridge.u_dut.u_tensor.u_bram_C.inst.native_mem_module.blk_mem_gen_v8_4_11_inst, A write address: 30, B read address: 30
blk_mem_gen_v8_4_11 collision detected at time: 5000835000, Instance: tb_uart_tensor_bridge.u_dut.u_tensor.u_bram_C.inst.native_mem_module.blk_mem_gen_v8_4_11_inst, A write address: 30, B read address: 30
Test 40 ok  op=010 M=4 K=1 N=2 D=1
blk_mem_gen_v8_4_11 collision detected at time: 5085715000, Instance: tb_uart_tensor_bridge.u_dut.u_tensor.u_bram_C.inst.native_mem_module.blk_mem_gen_v8_4_11_inst, A write address: 31, B read address: 31
Test 41 ok  op=010 M=1 K=3 N=1 D=1
blk_mem_gen_v8_4_11 collision detected at time: 5255745000, Instance: tb_uart_tensor_bridge.u_dut.u_tensor.u_bram_C.inst.native_mem_module.blk_mem_gen_v8_4_11_inst, A write address: 0, B read address: 0
blk_mem_gen_v8_4_11 collision detected at time: 5266295000, Instance: tb_uart_tensor_bridge.u_dut.u_tensor.u_bram_C.inst.native_mem_module.blk_mem_gen_v8_4_11_inst, A write address: 0, B read address: 0
Test 42 ok  op=001 M=4 K=2 N=3 D=1
blk_mem_gen_v8_4_11 collision detected at time: 5396465000, Instance: tb_uart_tensor_bridge.u_dut.u_tensor.u_bram_C.inst.native_mem_module.blk_mem_gen_v8_4_11_inst, A write address: 32, B read address: 32
Test 43 ok  op=101 M=1 K=3 N=4 D=1
blk_mem_gen_v8_4_11 collision detected at time: 5451395000, Instance: tb_uart_tensor_bridge.u_dut.u_tensor.u_bram_B.inst.native_mem_module.blk_mem_gen_v8_4_11_inst, A write address: 0, B read address: 0
blk_mem_gen_v8_4_11 collision detected at time: 5494615000, Instance: tb_uart_tensor_bridge.u_dut.u_tensor.u_bram_C.inst.native_mem_module.blk_mem_gen_v8_4_11_inst, A write address: 3, B read address: 3
Test 44 ok  op=010 M=2 K=1 N=2 D=1
blk_mem_gen_v8_4_11 collision detected at time: 5581335000, Instance: tb_uart_tensor_bridge.u_dut.u_tensor.u_bram_C.inst.native_mem_module.blk_mem_gen_v8_4_11_inst, A write address: 11, B read address: 11
blk_mem_gen_v8_4_11 collision detected at time: 5592365000, Instance: tb_uart_tensor_bridge.u_dut.u_tensor.u_bram_C.inst.native_mem_module.blk_mem_gen_v8_4_11_inst, A write address: 11, B read address: 11
Test 45 ok  op=101 M=3 K=2 N=2 D=1
blk_mem_gen_v8_4_11 collision detected at time: 5654435000, Instance: tb_uart_tensor_bridge.u_dut.u_tensor.u_bram_B.inst.native_mem_module.blk_mem_gen_v8_4_11_inst, A write address: 0, B read address: 0
blk_mem_gen_v8_4_11 collision detected at time: 5746115000, Instance: tb_uart_tensor_bridge.u_dut.u_tensor.u_bram_C.inst.native_mem_module.blk_mem_gen_v8_4_11_inst, A write address: 21, B read address: 21
Test 46 ok  op=010 M=2 K=4 N=4 D=1
blk_mem_gen_v8_4_11 collision detected at time: 5865115000, Instance: tb_uart_tensor_bridge.u_dut.u_tensor.u_bram_C.inst.native_mem_module.blk_mem_gen_v8_4_11_inst, A write address: 13, B read address: 13
Test 47 ok  op=010 M=3 K=3 N=1 D=1
blk_mem_gen_v8_4_11 collision detected at time: 5932205000, Instance: tb_uart_tensor_bridge.u_dut.u_tensor.u_bram_C.inst.native_mem_module.blk_mem_gen_v8_4_11_inst, A write address: 20, B read address: 20
Test 48 ok  op=011 M=1 K=1 N=2 D=1
blk_mem_gen_v8_4_11 collision detected at time: 6014235000, Instance: tb_uart_tensor_bridge.u_dut.u_tensor.u_bram_C.inst.native_mem_module.blk_mem_gen_v8_4_11_inst, A write address: 1, B read address: 1
blk_mem_gen_v8_4_11 collision detected at time: 6025055000, Instance: tb_uart_tensor_bridge.u_dut.u_tensor.u_bram_C.inst.native_mem_module.blk_mem_gen_v8_4_11_inst, A write address: 1, B read address: 1
Test 49 ok  op=100 M=4 K=2 N=2 D=1
blk_mem_gen_v8_4_11 collision detected at time: 6157455000, Instance: tb_uart_tensor_bridge.u_dut.u_tensor.u_bram_A.inst.native_mem_module.blk_mem_gen_v8_4_11_inst, A write address: 31, B read address: 31
blk_mem_gen_v8_4_11 collision detected at time: 6171035000, Instance: tb_uart_tensor_bridge.u_dut.u_tensor.u_bram_C.inst.native_mem_module.blk_mem_gen_v8_4_11_inst, A write address: 31, B read address: 31
Test 50 ok  op=100 M=4 K=3 N=1 D=1
blk_mem_gen_v8_4_11 collision detected at time: 6227535000, Instance: tb_uart_tensor_bridge.u_dut.u_tensor.u_bram_B.inst.native_mem_module.blk_mem_gen_v8_4_11_inst, A write address: 0, B read address: 0
blk_mem_gen_v8_4_11 collision detected at time: 6319365000, Instance: tb_uart_tensor_bridge.u_dut.u_tensor.u_bram_C.inst.native_mem_module.blk_mem_gen_v8_4_11_inst, A write address: 30, B read address: 30
Test 51 ok  op=010 M=2 K=3 N=4 D=1
blk_mem_gen_v8_4_11 collision detected at time: 6438215000, Instance: tb_uart_tensor_bridge.u_dut.u_tensor.u_bram_C.inst.native_mem_module.blk_mem_gen_v8_4_11_inst, A write address: 13, B read address: 13
Test 52 ok  op=000 M=2 K=2 N=1 D=1
blk_mem_gen_v8_4_11 collision detected at time: 6495485000, Instance: tb_uart_tensor_bridge.u_dut.u_tensor.u_bram_A.inst.native_mem_module.blk_mem_gen_v8_4_11_inst, A write address: 11, B read address: 11
blk_mem_gen_v8_4_11 collision detected at time: 6526795000, Instance: tb_uart_tensor_bridge.u_dut.u_tensor.u_bram_C.inst.native_mem_module.blk_mem_gen_v8_4_11_inst, A write address: 10, B read address: 10
blk_mem_gen_v8_4_11 collision detected at time: 6537805000, Instance: tb_uart_tensor_bridge.u_dut.u_tensor.u_bram_C.inst.native_mem_module.blk_mem_gen_v8_4_11_inst, A write address: 10, B read address: 10
Test 53 ok  op=100 M=3 K=3 N=1 D=1
blk_mem_gen_v8_4_11 collision detected at time: 6582875000, Instance: tb_uart_tensor_bridge.u_dut.u_tensor.u_bram_C.inst.native_mem_module.blk_mem_gen_v8_4_11_inst, A write address: 20, B read address: 20
Test 54 ok  op=101 M=2 K=2 N=1 D=1
blk_mem_gen_v8_4_11 collision detected at time: 6621955000, Instance: tb_uart_tensor_bridge.u_dut.u_tensor.u_bram_B.inst.native_mem_module.blk_mem_gen_v8_4_11_inst, A write address: 0, B read address: 0
blk_mem_gen_v8_4_11 collision detected at time: 6641225000, Instance: tb_uart_tensor_bridge.u_dut.u_tensor.u_bram_C.inst.native_mem_module.blk_mem_gen_v8_4_11_inst, A write address: 10, B read address: 10
Test 55 ok  op=000 M=1 K=1 N=3 D=1
blk_mem_gen_v8_4_11 collision detected at time: 6694375000, Instance: tb_uart_tensor_bridge.u_dut.u_tensor.u_bram_A.inst.native_mem_module.blk_mem_gen_v8_4_11_inst, A write address: 10, B read address: 10
blk_mem_gen_v8_4_11 collision detected at time: 6719525000, Instance: tb_uart_tensor_bridge.u_dut.u_tensor.u_bram_C.inst.native_mem_module.blk_mem_gen_v8_4_11_inst, A write address: 2, B read address: 2
Test 56 ok  op=010 M=3 K=4 N=1 D=1
blk_mem_gen_v8_4_11 collision detected at time: 6786785000, Instance: tb_uart_tensor_bridge.u_dut.u_tensor.u_bram_C.inst.native_mem_module.blk_mem_gen_v8_4_11_inst, A write address: 20, B read address: 20
Test 57 ok  op=001 M=2 K=3 N=1 D=1
blk_mem_gen_v8_4_11 collision detected at time: 6874985000, Instance: tb_uart_tensor_bridge.u_dut.u_tensor.u_bram_C.inst.native_mem_module.blk_mem_gen_v8_4_11_inst, A write address: 10, B read address: 10
Test 58 ok  op=000 M=1 K=3 N=2 D=1
blk_mem_gen_v8_4_11 collision detected at time: 6938555000, Instance: tb_uart_tensor_bridge.u_dut.u_tensor.u_bram_A.inst.native_mem_module.blk_mem_gen_v8_4_11_inst, A write address: 12, B read address: 12
blk_mem_gen_v8_4_11 collision detected at time: 6981755000, Instance: tb_uart_tensor_bridge.u_dut.u_tensor.u_bram_C.inst.native_mem_module.blk_mem_gen_v8_4_11_inst, A write address: 1, B read address: 1
blk_mem_gen_v8_4_11 collision detected at time: 6993075000, Instance: tb_uart_tensor_bridge.u_dut.u_tensor.u_bram_C.inst.native_mem_module.blk_mem_gen_v8_4_11_inst, A write address: 1, B read address: 1
Test 59 ok  op=101 M=4 K=2 N=3 D=1
blk_mem_gen_v8_4_11 collision detected at time: 7104355000, Instance: tb_uart_tensor_bridge.u_dut.u_tensor.u_bram_B.inst.native_mem_module.blk_mem_gen_v8_4_11_inst, A write address: 0, B read address: 0
blk_mem_gen_v8_4_11 collision detected at time: 7136005000, Instance: tb_uart_tensor_bridge.u_dut.u_tensor.u_bram_C.inst.native_mem_module.blk_mem_gen_v8_4_11_inst, A write address: 32, B read address: 32
Test 60 ok  op=001 M=3 K=4 N=1 D=1
blk_mem_gen_v8_4_11 collision detected at time: 7184725000, Instance: tb_uart_tensor_bridge.u_dut.u_tensor.u_bram_C.inst.native_mem_module.blk_mem_gen_v8_4_11_inst, A write address: 20, B read address: 20
Test 61 ok  op=101 M=1 K=1 N=1 D=1
blk_mem_gen_v8_4_11 collision detected at time: 7215415000, Instance: tb_uart_tensor_bridge.u_dut.u_tensor.u_bram_B.inst.native_mem_module.blk_mem_gen_v8_4_11_inst, A write address: 0, B read address: 0
blk_mem_gen_v8_4_11 collision detected at time: 7258605000, Instance: tb_uart_tensor_bridge.u_dut.u_tensor.u_bram_C.inst.native_mem_module.blk_mem_gen_v8_4_11_inst, A write address: 0, B read address: 0
blk_mem_gen_v8_4_11 collision detected at time: 7269155000, Instance: tb_uart_tensor_bridge.u_dut.u_tensor.u_bram_C.inst.native_mem_module.blk_mem_gen_v8_4_11_inst, A write address: 0, B read address: 0
Test 62 ok  op=001 M=4 K=2 N=1 D=1
blk_mem_gen_v8_4_11 collision detected at time: 7358265000, Instance: tb_uart_tensor_bridge.u_dut.u_tensor.u_bram_C.inst.native_mem_module.blk_mem_gen_v8_4_11_inst, A write address: 30, B read address: 30
Test 63 ok  op=100 M=2 K=4 N=2 D=1
blk_mem_gen_v8_4_11 collision detected at time: 7450085000, Instance: tb_uart_tensor_bridge.u_dut.u_tensor.u_bram_A.inst.native_mem_module.blk_mem_gen_v8_4_11_inst, A write address: 13, B read address: 13
blk_mem_gen_v8_4_11 collision detected at time: 7457325000, Instance: tb_uart_tensor_bridge.u_dut.u_tensor.u_bram_C.inst.native_mem_module.blk_mem_gen_v8_4_11_inst, A write address: 11, B read address: 11
blk_mem_gen_v8_4_11 collision detected at time: 7468105000, Instance: tb_uart_tensor_bridge.u_dut.u_tensor.u_bram_C.inst.native_mem_module.blk_mem_gen_v8_4_11_inst, A write address: 11, B read address: 11
Test 64 ok  op=101 M=2 K=1 N=4 D=1
blk_mem_gen_v8_4_11 collision detected at time: 7545395000, Instance: tb_uart_tensor_bridge.u_dut.u_tensor.u_bram_B.inst.native_mem_module.blk_mem_gen_v8_4_11_inst, A write address: 0, B read address: 0
blk_mem_gen_v8_4_11 collision detected at time: 7648975000, Instance: tb_uart_tensor_bridge.u_dut.u_tensor.u_bram_C.inst.native_mem_module.blk_mem_gen_v8_4_11_inst, A write address: 13, B read address: 13
Test 65 ok  op=001 M=3 K=3 N=3 D=1
blk_mem_gen_v8_4_11 collision detected at time: 7837165000, Instance: tb_uart_tensor_bridge.u_dut.u_tensor.u_bram_C.inst.native_mem_module.blk_mem_gen_v8_4_11_inst, A write address: 22, B read address: 22
Test 66 ok  op=011 M=4 K=2 N=2 D=1
blk_mem_gen_v8_4_11 collision detected at time: 7932935000, Instance: tb_uart_tensor_bridge.u_dut.u_tensor.u_bram_C.inst.native_mem_module.blk_mem_gen_v8_4_11_inst, A write address: 31, B read address: 31
Test 67 ok  op=011 M=1 K=2 N=1 D=1
blk_mem_gen_v8_4_11 collision detected at time: 8041715000, Instance: tb_uart_tensor_bridge.u_dut.u_tensor.u_bram_A.inst.native_mem_module.blk_mem_gen_v8_4_11_inst, A write address: 13, B read address: 13
blk_mem_gen_v8_4_11 collision detected at time: 8047735000, Instance: tb_uart_tensor_bridge.u_dut.u_tensor.u_bram_B.inst.native_mem_module.blk_mem_gen_v8_4_11_inst, A write address: 13, B read address: 13
blk_mem_gen_v8_4_11 collision detected at time: 8102965000, Instance: tb_uart_tensor_bridge.u_dut.u_tensor.u_bram_C.inst.native_mem_module.blk_mem_gen_v8_4_11_inst, A write address: 0, B read address: 0
blk_mem_gen_v8_4_11 collision detected at time: 8113515000, Instance: tb_uart_tensor_bridge.u_dut.u_tensor.u_bram_C.inst.native_mem_module.blk_mem_gen_v8_4_11_inst, A write address: 0, B read address: 0
Test 68 ok  op=001 M=3 K=3 N=4 D=1
blk_mem_gen_v8_4_11 collision detected at time: 8291695000, Instance: tb_uart_tensor_bridge.u_dut.u_tensor.u_bram_C.inst.native_mem_module.blk_mem_gen_v8_4_11_inst, A write address: 23, B read address: 23
blk_mem_gen_v8_4_11 collision detected at time: 8303545000, Instance: tb_uart_tensor_bridge.u_dut.u_tensor.u_bram_C.inst.native_mem_module.blk_mem_gen_v8_4_11_inst, A write address: 23, B read address: 23
Test 69 ok  op=101 M=3 K=2 N=4 D=1
blk_mem_gen_v8_4_11 collision detected at time: 8479675000, Instance: tb_uart_tensor_bridge.u_dut.u_tensor.u_bram_B.inst.native_mem_module.blk_mem_gen_v8_4_11_inst, A write address: 0, B read address: 0
blk_mem_gen_v8_4_11 collision detected at time: 8517195000, Instance: tb_uart_tensor_bridge.u_dut.u_tensor.u_bram_C.inst.native_mem_module.blk_mem_gen_v8_4_11_inst, A write address: 23, B read address: 23
Test 70 ok  op=000 M=4 K=3 N=2 D=1
blk_mem_gen_v8_4_11 collision detected at time: 8710275000, Instance: tb_uart_tensor_bridge.u_dut.u_tensor.u_bram_C.inst.native_mem_module.blk_mem_gen_v8_4_11_inst, A write address: 31, B read address: 31
Test 71 ok  op=010 M=3 K=3 N=3 D=1
blk_mem_gen_v8_4_11 collision detected at time: 8874085000, Instance: tb_uart_tensor_bridge.u_dut.u_tensor.u_bram_C.inst.native_mem_module.blk_mem_gen_v8_4_11_inst, A write address: 22, B read address: 22
Test 72 ok  op=011 M=3 K=3 N=2 D=1
blk_mem_gen_v8_4_11 collision detected at time: 9013615000, Instance: tb_uart_tensor_bridge.u_dut.u_tensor.u_bram_C.inst.native_mem_module.blk_mem_gen_v8_4_11_inst, A write address: 21, B read address: 21
Test 73 ok  op=010 M=2 K=2 N=3 D=1
blk_mem_gen_v8_4_11 collision detected at time: 9152445000, Instance: tb_uart_tensor_bridge.u_dut.u_tensor.u_bram_C.inst.native_mem_module.blk_mem_gen_v8_4_11_inst, A write address: 12, B read address: 12
blk_mem_gen_v8_4_11 collision detected at time: 9162995000, Instance: tb_uart_tensor_bridge.u_dut.u_tensor.u_bram_C.inst.native_mem_module.blk_mem_gen_v8_4_11_inst, A write address: 12, B read address: 12
Test 74 ok  op=001 M=2 K=4 N=3 D=1
blk_mem_gen_v8_4_11 collision detected at time: 9302235000, Instance: tb_uart_tensor_bridge.u_dut.u_tensor.u_bram_A.inst.native_mem_module.blk_mem_gen_v8_4_11_inst, A write address: 13, B read address: 13
blk_mem_gen_v8_4_11 collision detected at time: 9308255000, Instance: tb_uart_tensor_bridge.u_dut.u_tensor.u_bram_B.inst.native_mem_module.blk_mem_gen_v8_4_11_inst, A write address: 13, B read address: 13
blk_mem_gen_v8_4_11 collision detected at time: 9411825000, Instance: tb_uart_tensor_bridge.u_dut.u_tensor.u_bram_C.inst.native_mem_module.blk_mem_gen_v8_4_11_inst, A write address: 12, B read address: 12
blk_mem_gen_v8_4_11 collision detected at time: 9422375000, Instance: tb_uart_tensor_bridge.u_dut.u_tensor.u_bram_C.inst.native_mem_module.blk_mem_gen_v8_4_11_inst, A write address: 12, B read address: 12
Test 75 ok  op=011 M=4 K=2 N=4 D=1
blk_mem_gen_v8_4_11 collision detected at time: 9649595000, Instance: tb_uart_tensor_bridge.u_dut.u_tensor.u_bram_A.inst.native_mem_module.blk_mem_gen_v8_4_11_inst, A write address: 33, B read address: 33
blk_mem_gen_v8_4_11 collision detected at time: 9657175000, Instance: tb_uart_tensor_bridge.u_dut.u_tensor.u_bram_C.inst.native_mem_module.blk_mem_gen_v8_4_11_inst, A write address: 33, B read address: 33
blk_mem_gen_v8_4_11 collision detected at time: 9669485000, Instance: tb_uart_tensor_bridge.u_dut.u_tensor.u_bram_C.inst.native_mem_module.blk_mem_gen_v8_4_11_inst, A write address: 33, B read address: 33
Test 76 ok  op=100 M=4 K=4 N=4 D=1
blk_mem_gen_v8_4_11 collision detected at time: 9811835000, Instance: tb_uart_tensor_bridge.u_dut.u_tensor.u_bram_B.inst.native_mem_module.blk_mem_gen_v8_4_11_inst, A write address: 0, B read address: 0
blk_mem_gen_v8_4_11 collision detected at time: 9986415000, Instance: tb_uart_tensor_bridge.u_dut.u_tensor.u_bram_A.inst.native_mem_module.blk_mem_gen_v8_4_11_inst, A write address: 33, B read address: 33
blk_mem_gen_v8_4_11 collision detected at time: 10000015000, Instance: tb_uart_tensor_bridge.u_dut.u_tensor.u_bram_C.inst.native_mem_module.blk_mem_gen_v8_4_11_inst, A write address: 33, B read address: 33
blk_mem_gen_v8_4_11 collision detected at time: 10010825000, Instance: tb_uart_tensor_bridge.u_dut.u_tensor.u_bram_C.inst.native_mem_module.blk_mem_gen_v8_4_11_inst, A write address: 33, B read address: 33
