INFO: [VRFC 10-2263] Analyzing SystemVerilog file "C:/Users/kpcha/Desktop/College/DSD/Ver2_6/Ver2_6.srcs/sources_1/new/tile_buf.sv" into library xil_defaultlib
INFO: [VRFC 10-311] analyzing module tile_buf
INFO: [VRFC 10-2263] Analyzing SystemVerilog file "C:/Users/kpcha/Desktop/College/DSD/Ver2_6/Ver2_6.srcs/sources_1/imports/new/accel_fsm.v" into library xil_defaultlib
INFO: [VRFC 10-311] analyzing module accel_fsm
INFO: [VRFC 10-2263] Analyzing SystemVerilog file "C:/Users/kpcha/Desktop/College/DSD/Ver2_6/Ver2_6.srcs/sources_1/imports/new/uart_rx.sv" into library xil_defaultlib
INFO: [VRFC 10-311] analyzing module uart_rx
INFO: [VRFC 10-2263] Analyzing SystemVerilog file "C:/Users/kpcha/Desktop/College/DSD/Ver2_6/Ver2_6.srcs/sources_1/imports/new/accel_top.v" into library xil_defaultlib
INFO: [VRFC 10-311] analyzing module accel_top
INFO: [VRFC 10-2263] Analyzing SystemVerilog file "C:/Users/kpcha/Desktop/College/DSD/Ver2_6/Ver2_6.srcs/sources_1/imports/new/tensor_top.v" into library xil_defaultlib
INFO: [VRFC 10-311] analyzing module tensor_top
INFO: [VRFC 10-2263] Analyzing SystemVerilog file "C:/Users/kpcha/Desktop/College/DSD/Ver2_6/Ver2_6.srcs/sources_1/imports/new/uart_tx.sv" into library xil_defaultlib
INFO: [VRFC 10-311] analyzing module uart_tx
INFO: [VRFC 10-2263] Analyzing SystemVerilog file "C:/Users/kpcha/Desktop/College/DSD/Ver2_6/Ver2_6.srcs/sources_1/imports/new/simd_array.v" into library xil_defaultlib
INFO: [VRFC 10-311] analyzing module simd_array
INFO: [VRFC 10-2263] Analyzing SystemVerilog file "C:/Users/kpcha/Desktop/College/DSD/Ver2_6/Ver2_6.srcs/sources_1/imports/new/mac.v" into library xil_defaultlib
INFO: [VRFC 10-311] analyzing module mac
INFO: [VRFC 10-2263] Analyzing SystemVerilog file "C:/Users/kpcha/Desktop/College/DSD/Ver2_6/Ver2_6.srcs/sources_1/imports/new/vector_lane.v" into library xil_defaultlib
INFO: [VRFC 10-311] analyzing module vector_lane
INFO: [VRFC 10-2263] Analyzing SystemVerilog file "C:/Users/kpcha/Desktop/College/DSD/Ver2_6/Ver2_6.srcs/sources_1/imports/new/matrix_cont.sv" into library xil_defaultlib
INFO: [VRFC 10-311] analyzing module matrix_cont
INFO: [VRFC 10-2263] Analyzing SystemVerilog file "C:/Users/kpcha/Desktop/College/DSD/Ver2_6/Ver2_6.srcs/sources_1/imports/new/uart_tensor_bridge.sv" into library xil_defaultlib
INFO: [VRFC 10-311] analyzing module uart_tensor_bridge
INFO: [VRFC 10-2263] Analyzing SystemVerilog file "C:/Users/kpcha/Desktop/College/DSD/Ver2_6/Ver2_6.srcs/sim_1/new/tb.v" into library xil_defaultlib
INFO: [VRFC 10-311] analyzing module tb_tensor_top_random
INFO: [VRFC 10-2263] Analyzing SystemVerilog file "C:/Users/kpcha/Desktop/College/DSD/Ver2_6/Ver2_6.srcs/sim_1/new/tb_BRAM.v" into library xil_defaultlib
INFO: [VRFC 10-311] analyzing module tb_tensor_top_bram_random
INFO: [VRFC 10-2263] Analyzing SystemVerilog file "C:/Users/kpcha/Desktop/College/DSD/Ver2_6/Ver2_6.srcs/sim_1/new/tb_uart.v" into library xil_defaultlib
INFO: [VRFC 10-311] analyzing module tb_uart_tensor_bridge
