
*** Running vivado
    with args -log uart_tensor_bridge.vds -m64 -product Vivado -mode batch -messageDb vivado.pb -notrace -source uart_tensor_bridge.tcl


WARNING: Default location for XILINX_HLS not found

****** Vivado v2025.1 (64-bit)
  **** SW Build 6140274 on Thu May 22 00:12:29 MDT 2025
  **** IP Build 6138677 on Thu May 22 03:10:11 MDT 2025
  **** SharedData Build 6139179 on Tue May 20 17:58:58 MDT 2025
  **** Start of session at: Tue Mar 31 23:37:10 2026
    ** Copyright 1986-2022 Xilinx, Inc. All Rights Reserved.
    ** Copyright 2022-2025 Advanced Micro Devices, Inc. All Rights Reserved.

source uart_tensor_bridge.tcl -notrace
Command: read_checkpoint -auto_incremental -incremental C:/Users/kpcha/Desktop/College/DSD/Ver2_6/Ver2_6.srcs/utils_1/imports/synth_1/tensor_top.dcp
INFO: [Vivado 12-5825] Read reference checkpoint from C:/Users/kpcha/Desktop/College/DSD/Ver2_6/Ver2_6.srcs/utils_1/imports/synth_1/tensor_top.dcp for incremental synthesis
INFO: [Vivado 12-7989] Please ensure there are no constraint changes
Command: synth_design -top uart_tensor_bridge -part xc7a100tcsg324-1
Starting synth_design
Attempting to get a license for feature 'Synthesis' and/or device 'xc7a100t'
INFO: [Common 17-349] Got license for feature 'Synthesis' and/or device 'xc7a100t'
INFO: [Device 21-403] Loading part xc7a100tcsg324-1
INFO: [Synth 8-7079] Multithreading enabled for synth_design using a maximum of 2 processes.
INFO: [Synth 8-7078] Launching helper process for spawning children vivado processes
INFO: [Synth 8-7075] Helper process launched with PID 27240
---------------------------------------------------------------------------------
Starting RTL Elaboration : Time (s): cpu = 00:00:05 ; elapsed = 00:00:06 . Memory (MB): peak = 1201.809 ; gain = 493.664
---------------------------------------------------------------------------------
INFO: [Synth 8-6157] synthesizing module 'uart_tensor_bridge' [C:/Users/kpcha/Desktop/College/DSD/Ver2_6/Ver2_6.srcs/sources_1/imports/new/uart_tensor_bridge.sv:3]
INFO: [Synth 8-6157] synthesizing module 'uart_rx' [C:/Users/kpcha/Desktop/College/DSD/Ver2_6/Ver2_6.srcs/sources_1/imports/new/uart_rx.sv:3]
	Parameter CLKS_PER_BIT bound to: 868 - type: integer 
INFO: [Synth 8-6155] done synthesizing module 'uart_rx' (0#1) [C:/Users/kpcha/Desktop/College/DSD/Ver2_6/Ver2_6.srcs/sources_1/imports/new/uart_rx.sv:3]
INFO: [Synth 8-6157] synthesizing module 'uart_tx' [C:/Users/kpcha/Desktop/College/DSD/Ver2_6/Ver2_6.srcs/sources_1/imports/new/uart_tx.sv:3]
	Parameter CLKS_PER_BIT bound to: 868 - type: integer 
INFO: [Synth 8-155] case statement is not full and has no default [C:/Users/kpcha/Desktop/College/DSD/Ver2_6/Ver2_6.srcs/sources_1/imports/new/uart_tx.sv:40]
INFO: [Synth 8-6155] done synthesizing module 'uart_tx' (0#1) [C:/Users/kpcha/Desktop/College/DSD/Ver2_6/Ver2_6.srcs/sources_1/imports/new/uart_tx.sv:3]
INFO: [Synth 8-6157] synthesizing module 'tensor_top' [C:/Users/kpcha/Desktop/College/DSD/Ver2_6/Ver2_6.srcs/sources_1/imports/new/tensor_top.v:3]
	Parameter WIDTH bound to: 16 - type: integer 
	Parameter MAX_DIM bound to: 64 - type: integer 
	Parameter MAX_DEPTH bound to: 16 - type: integer 
	Parameter N_MAX bound to: 64 - type: integer 
	Parameter LANES bound to: 64 - type: integer 
	Parameter TILE_R bound to: 8 - type: integer 
	Parameter TILE_C bound to: 8 - type: integer 
	Parameter ACC bound to: 38 - type: integer 
	Parameter DEPTH bound to: 65536 - type: integer 
INFO: [Synth 8-638] synthesizing module 'bram_A' [c:/Users/kpcha/Desktop/College/DSD/Ver2_6/Ver2_6.gen/sources_1/ip/bram_A/synth/bram_A.vhd:76]
	Parameter C_FAMILY bound to: artix7 - type: string 
	Parameter C_XDEVICEFAMILY bound to: artix7 - type: string 
	Parameter C_ELABORATION_DIR bound to: ./ - type: string 
	Parameter C_INTERFACE_TYPE bound to: 0 - type: integer 
	Parameter C_AXI_TYPE bound to: 1 - type: integer 
	Parameter C_AXI_SLAVE_TYPE bound to: 0 - type: integer 
	Parameter C_USE_BRAM_BLOCK bound to: 0 - type: integer 
	Parameter C_ENABLE_32BIT_ADDRESS bound to: 0 - type: integer 
	Parameter C_CTRL_ECC_ALGO bound to: NONE - type: string 
	Parameter C_HAS_AXI_ID bound to: 0 - type: integer 
	Parameter C_AXI_ID_WIDTH bound to: 4 - type: integer 
	Parameter C_MEM_TYPE bound to: 2 - type: integer 
	Parameter C_BYTE_SIZE bound to: 9 - type: integer 
	Parameter C_ALGORITHM bound to: 1 - type: integer 
	Parameter C_PRIM_TYPE bound to: 1 - type: integer 
	Parameter C_LOAD_INIT_FILE bound to: 0 - type: integer 
	Parameter C_INIT_FILE_NAME bound to: no_coe_file_loaded - type: string 
	Parameter C_INIT_FILE bound to: bram_A.mem - type: string 
	Parameter C_USE_DEFAULT_DATA bound to: 0 - type: integer 
	Parameter C_DEFAULT_DATA bound to: 0 - type: string 
	Parameter C_HAS_RSTA bound to: 0 - type: integer 
	Parameter C_RST_PRIORITY_A bound to: CE - type: string 
	Parameter C_RSTRAM_A bound to: 0 - type: integer 
	Parameter C_INITA_VAL bound to: 0 - type: string 
	Parameter C_HAS_ENA bound to: 1 - type: integer 
	Parameter C_HAS_REGCEA bound to: 0 - type: integer 
	Parameter C_USE_BYTE_WEA bound to: 0 - type: integer 
	Parameter C_WEA_WIDTH bound to: 1 - type: integer 
	Parameter C_WRITE_MODE_A bound to: NO_CHANGE - type: string 
	Parameter C_WRITE_WIDTH_A bound to: 16 - type: integer 
	Parameter C_READ_WIDTH_A bound to: 16 - type: integer 
	Parameter C_WRITE_DEPTH_A bound to: 65536 - type: integer 
	Parameter C_READ_DEPTH_A bound to: 65536 - type: integer 
	Parameter C_ADDRA_WIDTH bound to: 16 - type: integer 
	Parameter C_HAS_RSTB bound to: 0 - type: integer 
	Parameter C_RST_PRIORITY_B bound to: CE - type: string 
	Parameter C_RSTRAM_B bound to: 0 - type: integer 
	Parameter C_INITB_VAL bound to: 0 - type: string 
	Parameter C_HAS_ENB bound to: 1 - type: integer 
	Parameter C_HAS_REGCEB bound to: 0 - type: integer 
	Parameter C_USE_BYTE_WEB bound to: 0 - type: integer 
	Parameter C_WEB_WIDTH bound to: 1 - type: integer 
	Parameter C_WRITE_MODE_B bound to: NO_CHANGE - type: string 
	Parameter C_WRITE_WIDTH_B bound to: 16 - type: integer 
	Parameter C_READ_WIDTH_B bound to: 16 - type: integer 
	Parameter C_WRITE_DEPTH_B bound to: 65536 - type: integer 
	Parameter C_READ_DEPTH_B bound to: 65536 - type: integer 
	Parameter C_ADDRB_WIDTH bound to: 16 - type: integer 
	Parameter C_HAS_MEM_OUTPUT_REGS_A bound to: 0 - type: integer 
	Parameter C_HAS_MEM_OUTPUT_REGS_B bound to: 0 - type: integer 
	Parameter C_HAS_MUX_OUTPUT_REGS_A bound to: 0 - type: integer 
	Parameter C_HAS_MUX_OUTPUT_REGS_B bound to: 0 - type: integer 
	Parameter C_MUX_PIPELINE_STAGES bound to: 0 - type: integer 
	Parameter C_HAS_SOFTECC_INPUT_REGS_A bound to: 0 - type: integer 
	Parameter C_HAS_SOFTECC_OUTPUT_REGS_B bound to: 0 - type: integer 
	Parameter C_USE_SOFTECC bound to: 0 - type: integer 
	Parameter C_USE_ECC bound to: 0 - type: integer 
	Parameter C_EN_ECC_PIPE bound to: 0 - type: integer 
	Parameter C_READ_LATENCY_A bound to: 1 - type: integer 
	Parameter C_READ_LATENCY_B bound to: 1 - type: integer 
	Parameter C_HAS_INJECTERR bound to: 0 - type: integer 
	Parameter C_SIM_COLLISION_CHECK bound to: ALL - type: string 
	Parameter C_COMMON_CLK bound to: 1 - type: integer 
	Parameter C_DISABLE_WARN_BHV_COLL bound to: 0 - type: integer 
	Parameter C_EN_SLEEP_PIN bound to: 0 - type: integer 
	Parameter C_USE_URAM bound to: 0 - type: integer 
	Parameter C_EN_RDADDRA_CHG bound to: 0 - type: integer 
	Parameter C_EN_RDADDRB_CHG bound to: 0 - type: integer 
	Parameter C_EN_DEEPSLEEP_PIN bound to: 0 - type: integer 
	Parameter C_EN_SHUTDOWN_PIN bound to: 0 - type: integer 
	Parameter C_EN_SAFETY_CKT bound to: 0 - type: integer 
	Parameter C_DISABLE_WARN_BHV_RANGE bound to: 0 - type: integer 
	Parameter C_COUNT_36K_BRAM bound to: 30 - type: string 
	Parameter C_COUNT_18K_BRAM bound to: 0 - type: string 
	Parameter C_EST_POWER_SUMMARY bound to: Estimated Power for IP     :     32.670952 mW - type: string 
INFO: [Synth 8-3491] module 'blk_mem_gen_v8_4_11' declared at 'c:/Users/kpcha/Desktop/College/DSD/Ver2_6/Ver2_6.gen/sources_1/ip/bram_A/hdl/blk_mem_gen_v8_4_vhsyn_rfs.vhd:195209' bound to instance 'U0' of component 'blk_mem_gen_v8_4_11' [c:/Users/kpcha/Desktop/College/DSD/Ver2_6/Ver2_6.gen/sources_1/ip/bram_A/synth/bram_A.vhd:252]
INFO: [Synth 8-256] done synthesizing module 'bram_A' (0#1) [c:/Users/kpcha/Desktop/College/DSD/Ver2_6/Ver2_6.gen/sources_1/ip/bram_A/synth/bram_A.vhd:76]
INFO: [Synth 8-638] synthesizing module 'bram_B' [c:/Users/kpcha/Desktop/College/DSD/Ver2_6/Ver2_6.gen/sources_1/ip/bram_B/synth/bram_B.vhd:76]
	Parameter C_FAMILY bound to: artix7 - type: string 
	Parameter C_XDEVICEFAMILY bound to: artix7 - type: string 
	Parameter C_ELABORATION_DIR bound to: ./ - type: string 
	Parameter C_INTERFACE_TYPE bound to: 0 - type: integer 
	Parameter C_AXI_TYPE bound to: 1 - type: integer 
	Parameter C_AXI_SLAVE_TYPE bound to: 0 - type: integer 
	Parameter C_USE_BRAM_BLOCK bound to: 0 - type: integer 
	Parameter C_ENABLE_32BIT_ADDRESS bound to: 0 - type: integer 
	Parameter C_CTRL_ECC_ALGO bound to: NONE - type: string 
	Parameter C_HAS_AXI_ID bound to: 0 - type: integer 
	Parameter C_AXI_ID_WIDTH bound to: 4 - type: integer 
	Parameter C_MEM_TYPE bound to: 2 - type: integer 
	Parameter C_BYTE_SIZE bound to: 9 - type: integer 
	Parameter C_ALGORITHM bound to: 1 - type: integer 
	Parameter C_PRIM_TYPE bound to: 1 - type: integer 
	Parameter C_LOAD_INIT_FILE bound to: 0 - type: integer 
	Parameter C_INIT_FILE_NAME bound to: no_coe_file_loaded - type: string 
	Parameter C_INIT_FILE bound to: bram_B.mem - type: string 
	Parameter C_USE_DEFAULT_DATA bound to: 0 - type: integer 
	Parameter C_DEFAULT_DATA bound to: 0 - type: string 
	Parameter C_HAS_RSTA bound to: 0 - type: integer 
	Parameter C_RST_PRIORITY_A bound to: CE - type: string 
	Parameter C_RSTRAM_A bound to: 0 - type: integer 
	Parameter C_INITA_VAL bound to: 0 - type: string 
	Parameter C_HAS_ENA bound to: 1 - type: integer 
	Parameter C_HAS_REGCEA bound to: 0 - type: integer 
	Parameter C_USE_BYTE_WEA bound to: 0 - type: integer 
	Parameter C_WEA_WIDTH bound to: 1 - type: integer 
	Parameter C_WRITE_MODE_A bound to: NO_CHANGE - type: string 
	Parameter C_WRITE_WIDTH_A bound to: 16 - type: integer 
	Parameter C_READ_WIDTH_A bound to: 16 - type: integer 
	Parameter C_WRITE_DEPTH_A bound to: 65536 - type: integer 
	Parameter C_READ_DEPTH_A bound to: 65536 - type: integer 
	Parameter C_ADDRA_WIDTH bound to: 16 - type: integer 
	Parameter C_HAS_RSTB bound to: 0 - type: integer 
	Parameter C_RST_PRIORITY_B bound to: CE - type: string 
	Parameter C_RSTRAM_B bound to: 0 - type: integer 
	Parameter C_INITB_VAL bound to: 0 - type: string 
	Parameter C_HAS_ENB bound to: 1 - type: integer 
	Parameter C_HAS_REGCEB bound to: 0 - type: integer 
	Parameter C_USE_BYTE_WEB bound to: 0 - type: integer 
	Parameter C_WEB_WIDTH bound to: 1 - type: integer 
	Parameter C_WRITE_MODE_B bound to: NO_CHANGE - type: string 
	Parameter C_WRITE_WIDTH_B bound to: 16 - type: integer 
	Parameter C_READ_WIDTH_B bound to: 16 - type: integer 
	Parameter C_WRITE_DEPTH_B bound to: 65536 - type: integer 
	Parameter C_READ_DEPTH_B bound to: 65536 - type: integer 
	Parameter C_ADDRB_WIDTH bound to: 16 - type: integer 
	Parameter C_HAS_MEM_OUTPUT_REGS_A bound to: 0 - type: integer 
	Parameter C_HAS_MEM_OUTPUT_REGS_B bound to: 0 - type: integer 
	Parameter C_HAS_MUX_OUTPUT_REGS_A bound to: 0 - type: integer 
	Parameter C_HAS_MUX_OUTPUT_REGS_B bound to: 0 - type: integer 
	Parameter C_MUX_PIPELINE_STAGES bound to: 0 - type: integer 
	Parameter C_HAS_SOFTECC_INPUT_REGS_A bound to: 0 - type: integer 
	Parameter C_HAS_SOFTECC_OUTPUT_REGS_B bound to: 0 - type: integer 
	Parameter C_USE_SOFTECC bound to: 0 - type: integer 
	Parameter C_USE_ECC bound to: 0 - type: integer 
	Parameter C_EN_ECC_PIPE bound to: 0 - type: integer 
	Parameter C_READ_LATENCY_A bound to: 1 - type: integer 
	Parameter C_READ_LATENCY_B bound to: 1 - type: integer 
	Parameter C_HAS_INJECTERR bound to: 0 - type: integer 
	Parameter C_SIM_COLLISION_CHECK bound to: ALL - type: string 
	Parameter C_COMMON_CLK bound to: 1 - type: integer 
	Parameter C_DISABLE_WARN_BHV_COLL bound to: 0 - type: integer 
	Parameter C_EN_SLEEP_PIN bound to: 0 - type: integer 
	Parameter C_USE_URAM bound to: 0 - type: integer 
	Parameter C_EN_RDADDRA_CHG bound to: 0 - type: integer 
	Parameter C_EN_RDADDRB_CHG bound to: 0 - type: integer 
	Parameter C_EN_DEEPSLEEP_PIN bound to: 0 - type: integer 
	Parameter C_EN_SHUTDOWN_PIN bound to: 0 - type: integer 
	Parameter C_EN_SAFETY_CKT bound to: 0 - type: integer 
	Parameter C_DISABLE_WARN_BHV_RANGE bound to: 0 - type: integer 
	Parameter C_COUNT_36K_BRAM bound to: 30 - type: string 
	Parameter C_COUNT_18K_BRAM bound to: 0 - type: string 
	Parameter C_EST_POWER_SUMMARY bound to: Estimated Power for IP     :     32.670952 mW - type: string 
INFO: [Synth 8-3491] module 'blk_mem_gen_v8_4_11' declared at 'c:/Users/kpcha/Desktop/College/DSD/Ver2_6/Ver2_6.gen/sources_1/ip/bram_A/hdl/blk_mem_gen_v8_4_vhsyn_rfs.vhd:195209' bound to instance 'U0' of component 'blk_mem_gen_v8_4_11' [c:/Users/kpcha/Desktop/College/DSD/Ver2_6/Ver2_6.gen/sources_1/ip/bram_B/synth/bram_B.vhd:252]
INFO: [Synth 8-256] done synthesizing module 'bram_B' (0#1) [c:/Users/kpcha/Desktop/College/DSD/Ver2_6/Ver2_6.gen/sources_1/ip/bram_B/synth/bram_B.vhd:76]
INFO: [Synth 8-638] synthesizing module 'bram_C' [c:/Users/kpcha/Desktop/College/DSD/Ver2_6/Ver2_6.gen/sources_1/ip/bram_C/synth/bram_C.vhd:76]
	Parameter C_FAMILY bound to: artix7 - type: string 
	Parameter C_XDEVICEFAMILY bound to: artix7 - type: string 
	Parameter C_ELABORATION_DIR bound to: ./ - type: string 
	Parameter C_INTERFACE_TYPE bound to: 0 - type: integer 
	Parameter C_AXI_TYPE bound to: 1 - type: integer 
	Parameter C_AXI_SLAVE_TYPE bound to: 0 - type: integer 
	Parameter C_USE_BRAM_BLOCK bound to: 0 - type: integer 
	Parameter C_ENABLE_32BIT_ADDRESS bound to: 0 - type: integer 
	Parameter C_CTRL_ECC_ALGO bound to: NONE - type: string 
	Parameter C_HAS_AXI_ID bound to: 0 - type: integer 
	Parameter C_AXI_ID_WIDTH bound to: 4 - type: integer 
	Parameter C_MEM_TYPE bound to: 2 - type: integer 
	Parameter C_BYTE_SIZE bound to: 9 - type: integer 
	Parameter C_ALGORITHM bound to: 1 - type: integer 
	Parameter C_PRIM_TYPE bound to: 1 - type: integer 
	Parameter C_LOAD_INIT_FILE bound to: 0 - type: integer 
	Parameter C_INIT_FILE_NAME bound to: no_coe_file_loaded - type: string 
	Parameter C_INIT_FILE bound to: bram_C.mem - type: string 
	Parameter C_USE_DEFAULT_DATA bound to: 0 - type: integer 
	Parameter C_DEFAULT_DATA bound to: 0 - type: string 
	Parameter C_HAS_RSTA bound to: 0 - type: integer 
	Parameter C_RST_PRIORITY_A bound to: CE - type: string 
	Parameter C_RSTRAM_A bound to: 0 - type: integer 
	Parameter C_INITA_VAL bound to: 0 - type: string 
	Parameter C_HAS_ENA bound to: 1 - type: integer 
	Parameter C_HAS_REGCEA bound to: 0 - type: integer 
	Parameter C_USE_BYTE_WEA bound to: 0 - type: integer 
	Parameter C_WEA_WIDTH bound to: 1 - type: integer 
	Parameter C_WRITE_MODE_A bound to: NO_CHANGE - type: string 
	Parameter C_WRITE_WIDTH_A bound to: 38 - type: integer 
	Parameter C_READ_WIDTH_A bound to: 38 - type: integer 
	Parameter C_WRITE_DEPTH_A bound to: 65536 - type: integer 
	Parameter C_READ_DEPTH_A bound to: 65536 - type: integer 
	Parameter C_ADDRA_WIDTH bound to: 16 - type: integer 
	Parameter C_HAS_RSTB bound to: 0 - type: integer 
	Parameter C_RST_PRIORITY_B bound to: CE - type: string 
	Parameter C_RSTRAM_B bound to: 0 - type: integer 
	Parameter C_INITB_VAL bound to: 0 - type: string 
	Parameter C_HAS_ENB bound to: 1 - type: integer 
	Parameter C_HAS_REGCEB bound to: 0 - type: integer 
	Parameter C_USE_BYTE_WEB bound to: 0 - type: integer 
	Parameter C_WEB_WIDTH bound to: 1 - type: integer 
	Parameter C_WRITE_MODE_B bound to: NO_CHANGE - type: string 
	Parameter C_WRITE_WIDTH_B bound to: 38 - type: integer 
	Parameter C_READ_WIDTH_B bound to: 38 - type: integer 
	Parameter C_WRITE_DEPTH_B bound to: 65536 - type: integer 
	Parameter C_READ_DEPTH_B bound to: 65536 - type: integer 
	Parameter C_ADDRB_WIDTH bound to: 16 - type: integer 
	Parameter C_HAS_MEM_OUTPUT_REGS_A bound to: 0 - type: integer 
	Parameter C_HAS_MEM_OUTPUT_REGS_B bound to: 0 - type: integer 
	Parameter C_HAS_MUX_OUTPUT_REGS_A bound to: 0 - type: integer 
	Parameter C_HAS_MUX_OUTPUT_REGS_B bound to: 0 - type: integer 
	Parameter C_MUX_PIPELINE_STAGES bound to: 0 - type: integer 
	Parameter C_HAS_SOFTECC_INPUT_REGS_A bound to: 0 - type: integer 
	Parameter C_HAS_SOFTECC_OUTPUT_REGS_B bound to: 0 - type: integer 
	Parameter C_USE_SOFTECC bound to: 0 - type: integer 
	Parameter C_USE_ECC bound to: 0 - type: integer 
	Parameter C_EN_ECC_PIPE bound to: 0 - type: integer 
	Parameter C_READ_LATENCY_A bound to: 1 - type: integer 
	Parameter C_READ_LATENCY_B bound to: 1 - type: integer 
	Parameter C_HAS_INJECTERR bound to: 0 - type: integer 
	Parameter C_SIM_COLLISION_CHECK bound to: ALL - type: string 
	Parameter C_COMMON_CLK bound to: 1 - type: integer 
	Parameter C_DISABLE_WARN_BHV_COLL bound to: 0 - type: integer 
	Parameter C_EN_SLEEP_PIN bound to: 0 - type: integer 
	Parameter C_USE_URAM bound to: 0 - type: integer 
	Parameter C_EN_RDADDRA_CHG bound to: 0 - type: integer 
	Parameter C_EN_RDADDRB_CHG bound to: 0 - type: integer 
	Parameter C_EN_DEEPSLEEP_PIN bound to: 0 - type: integer 
	Parameter C_EN_SHUTDOWN_PIN bound to: 0 - type: integer 
	Parameter C_EN_SAFETY_CKT bound to: 0 - type: integer 
	Parameter C_DISABLE_WARN_BHV_RANGE bound to: 0 - type: integer 
	Parameter C_COUNT_36K_BRAM bound to: 68 - type: string 
	Parameter C_COUNT_18K_BRAM bound to: 0 - type: string 
	Parameter C_EST_POWER_SUMMARY bound to: Estimated Power for IP     :     25.941502 mW - type: string 
INFO: [Synth 8-3491] module 'blk_mem_gen_v8_4_11' declared at 'c:/Users/kpcha/Desktop/College/DSD/Ver2_6/Ver2_6.gen/sources_1/ip/bram_A/hdl/blk_mem_gen_v8_4_vhsyn_rfs.vhd:195209' bound to instance 'U0' of component 'blk_mem_gen_v8_4_11' [c:/Users/kpcha/Desktop/College/DSD/Ver2_6/Ver2_6.gen/sources_1/ip/bram_C/synth/bram_C.vhd:252]
INFO: [Synth 8-256] done synthesizing module 'bram_C' (0#1) [c:/Users/kpcha/Desktop/College/DSD/Ver2_6/Ver2_6.gen/sources_1/ip/bram_C/synth/bram_C.vhd:76]
INFO: [Synth 8-6157] synthesizing module 'matrix_cont' [C:/Users/kpcha/Desktop/College/DSD/Ver2_6/Ver2_6.srcs/sources_1/imports/new/matrix_cont.sv:3]
	Parameter WIDTH bound to: 16 - type: integer 
	Parameter N_MAX bound to: 64 - type: integer 
	Parameter LANES bound to: 64 - type: integer 
	Parameter TILE_R bound to: 8 - type: integer 
	Parameter TILE_C bound to: 8 - type: integer 
	Parameter MAX_DIM bound to: 64 - type: integer 
	Parameter MAX_DEPTH bound to: 16 - type: integer 
	Parameter ACC bound to: 38 - type: integer 
INFO: [Synth 8-6157] synthesizing module 'accel_top' [C:/Users/kpcha/Desktop/College/DSD/Ver2_6/Ver2_6.srcs/sources_1/imports/new/accel_top.v:3]
	Parameter WIDTH bound to: 16 - type: integer 
	Parameter ACC bound to: 38 - type: integer 
	Parameter N_MAX bound to: 64 - type: integer 
	Parameter LANES bound to: 64 - type: integer 
INFO: [Synth 8-6157] synthesizing module 'tile_buf' [C:/Users/kpcha/Desktop/College/DSD/Ver2_6/Ver2_6.srcs/sources_1/new/tile_buf.sv:3]
	Parameter WIDTH bound to: 16 - type: integer 
	Parameter DEPTH bound to: 64 - type: integer 
INFO: [Synth 8-6155] done synthesizing module 'tile_buf' (0#1) [C:/Users/kpcha/Desktop/College/DSD/Ver2_6/Ver2_6.srcs/sources_1/new/tile_buf.sv:3]
INFO: [Synth 8-6157] synthesizing module 'accel_fsm' [C:/Users/kpcha/Desktop/College/DSD/Ver2_6/Ver2_6.srcs/sources_1/imports/new/accel_fsm.v:3]
INFO: [Synth 8-6155] done synthesizing module 'accel_fsm' (0#1) [C:/Users/kpcha/Desktop/College/DSD/Ver2_6/Ver2_6.srcs/sources_1/imports/new/accel_fsm.v:3]
INFO: [Synth 8-6157] synthesizing module 'simd_array' [C:/Users/kpcha/Desktop/College/DSD/Ver2_6/Ver2_6.srcs/sources_1/imports/new/simd_array.v:3]
	Parameter WIDTH bound to: 16 - type: integer 
	Parameter ACC bound to: 38 - type: integer 
	Parameter N_MAX bound to: 64 - type: integer 
	Parameter LANES bound to: 64 - type: integer 
INFO: [Synth 8-6157] synthesizing module 'vector_lane' [C:/Users/kpcha/Desktop/College/DSD/Ver2_6/Ver2_6.srcs/sources_1/imports/new/vector_lane.v:3]
	Parameter WIDTH bound to: 16 - type: integer 
	Parameter ACC bound to: 38 - type: integer 
	Parameter N_MAX bound to: 64 - type: integer 
INFO: [Synth 8-6157] synthesizing module 'mac' [C:/Users/kpcha/Desktop/College/DSD/Ver2_6/Ver2_6.srcs/sources_1/imports/new/mac.v:3]
	Parameter WIDTH bound to: 16 - type: integer 
	Parameter ACC bound to: 38 - type: integer 
INFO: [Synth 8-6155] done synthesizing module 'mac' (0#1) [C:/Users/kpcha/Desktop/College/DSD/Ver2_6/Ver2_6.srcs/sources_1/imports/new/mac.v:3]
INFO: [Synth 8-6155] done synthesizing module 'vector_lane' (0#1) [C:/Users/kpcha/Desktop/College/DSD/Ver2_6/Ver2_6.srcs/sources_1/imports/new/vector_lane.v:3]
INFO: [Synth 8-6155] done synthesizing module 'simd_array' (0#1) [C:/Users/kpcha/Desktop/College/DSD/Ver2_6/Ver2_6.srcs/sources_1/imports/new/simd_array.v:3]
INFO: [Synth 8-6155] done synthesizing module 'accel_top' (0#1) [C:/Users/kpcha/Desktop/College/DSD/Ver2_6/Ver2_6.srcs/sources_1/imports/new/accel_top.v:3]
INFO: [Synth 8-6155] done synthesizing module 'matrix_cont' (0#1) [C:/Users/kpcha/Desktop/College/DSD/Ver2_6/Ver2_6.srcs/sources_1/imports/new/matrix_cont.sv:3]
INFO: [Synth 8-226] default block is never used [C:/Users/kpcha/Desktop/College/DSD/Ver2_6/Ver2_6.srcs/sources_1/imports/new/tensor_top.v:149]
INFO: [Synth 8-6155] done synthesizing module 'tensor_top' (0#1) [C:/Users/kpcha/Desktop/College/DSD/Ver2_6/Ver2_6.srcs/sources_1/imports/new/tensor_top.v:3]
INFO: [Synth 8-6155] done synthesizing module 'uart_tensor_bridge' (0#1) [C:/Users/kpcha/Desktop/College/DSD/Ver2_6/Ver2_6.srcs/sources_1/imports/new/uart_tensor_bridge.sv:3]
WARNING: [Synth 8-7129] Port CLKB in module blk_mem_output_block__parameterized0 is either unconnected or has no load
WARNING: [Synth 8-7129] Port SBITERR_I in module blk_mem_output_block__parameterized0 is either unconnected or has no load
WARNING: [Synth 8-7129] Port DBITERR_I in module blk_mem_output_block__parameterized0 is either unconnected or has no load
WARNING: [Synth 8-7129] Port RDADDRECC_I[15] in module blk_mem_output_block__parameterized0 is either unconnected or has no load
WARNING: [Synth 8-7129] Port RDADDRECC_I[14] in module blk_mem_output_block__parameterized0 is either unconnected or has no load
WARNING: [Synth 8-7129] Port RDADDRECC_I[13] in module blk_mem_output_block__parameterized0 is either unconnected or has no load
WARNING: [Synth 8-7129] Port RDADDRECC_I[12] in module blk_mem_output_block__parameterized0 is either unconnected or has no load
WARNING: [Synth 8-7129] Port RDADDRECC_I[11] in module blk_mem_output_block__parameterized0 is either unconnected or has no load
WARNING: [Synth 8-7129] Port RDADDRECC_I[10] in module blk_mem_output_block__parameterized0 is either unconnected or has no load
WARNING: [Synth 8-7129] Port RDADDRECC_I[9] in module blk_mem_output_block__parameterized0 is either unconnected or has no load
WARNING: [Synth 8-7129] Port RDADDRECC_I[8] in module blk_mem_output_block__parameterized0 is either unconnected or has no load
WARNING: [Synth 8-7129] Port RDADDRECC_I[7] in module blk_mem_output_block__parameterized0 is either unconnected or has no load
WARNING: [Synth 8-7129] Port RDADDRECC_I[6] in module blk_mem_output_block__parameterized0 is either unconnected or has no load
WARNING: [Synth 8-7129] Port RDADDRECC_I[5] in module blk_mem_output_block__parameterized0 is either unconnected or has no load
WARNING: [Synth 8-7129] Port RDADDRECC_I[4] in module blk_mem_output_block__parameterized0 is either unconnected or has no load
WARNING: [Synth 8-7129] Port RDADDRECC_I[3] in module blk_mem_output_block__parameterized0 is either unconnected or has no load
WARNING: [Synth 8-7129] Port RDADDRECC_I[2] in module blk_mem_output_block__parameterized0 is either unconnected or has no load
WARNING: [Synth 8-7129] Port RDADDRECC_I[1] in module blk_mem_output_block__parameterized0 is either unconnected or has no load
WARNING: [Synth 8-7129] Port RDADDRECC_I[0] in module blk_mem_output_block__parameterized0 is either unconnected or has no load
WARNING: [Synth 8-7129] Port SBITERR in module blk_mem_gen_prim_wrapper__parameterized87 is either unconnected or has no load
WARNING: [Synth 8-7129] Port DBITERR in module blk_mem_gen_prim_wrapper__parameterized87 is either unconnected or has no load
WARNING: [Synth 8-7129] Port SSRA in module blk_mem_gen_prim_wrapper__parameterized87 is either unconnected or has no load
WARNING: [Synth 8-7129] Port SSRB in module blk_mem_gen_prim_wrapper__parameterized87 is either unconnected or has no load
WARNING: [Synth 8-7129] Port SLEEP in module blk_mem_gen_prim_wrapper__parameterized87 is either unconnected or has no load
WARNING: [Synth 8-7129] Port INJECTSBITERR in module blk_mem_gen_prim_wrapper__parameterized87 is either unconnected or has no load
WARNING: [Synth 8-7129] Port INJECTDBITERR in module blk_mem_gen_prim_wrapper__parameterized87 is either unconnected or has no load
WARNING: [Synth 8-7129] Port ECCPIPECE in module blk_mem_gen_prim_wrapper__parameterized87 is either unconnected or has no load
WARNING: [Synth 8-7129] Port SBITERR in module blk_mem_gen_prim_wrapper__parameterized86 is either unconnected or has no load
WARNING: [Synth 8-7129] Port DBITERR in module blk_mem_gen_prim_wrapper__parameterized86 is either unconnected or has no load
WARNING: [Synth 8-7129] Port SSRA in module blk_mem_gen_prim_wrapper__parameterized86 is either unconnected or has no load
WARNING: [Synth 8-7129] Port SSRB in module blk_mem_gen_prim_wrapper__parameterized86 is either unconnected or has no load
WARNING: [Synth 8-7129] Port SLEEP in module blk_mem_gen_prim_wrapper__parameterized86 is either unconnected or has no load
WARNING: [Synth 8-7129] Port INJECTSBITERR in module blk_mem_gen_prim_wrapper__parameterized86 is either unconnected or has no load
WARNING: [Synth 8-7129] Port INJECTDBITERR in module blk_mem_gen_prim_wrapper__parameterized86 is either unconnected or has no load
WARNING: [Synth 8-7129] Port ECCPIPECE in module blk_mem_gen_prim_wrapper__parameterized86 is either unconnected or has no load
WARNING: [Synth 8-7129] Port SBITERR in module blk_mem_gen_prim_wrapper__parameterized85 is either unconnected or has no load
WARNING: [Synth 8-7129] Port DBITERR in module blk_mem_gen_prim_wrapper__parameterized85 is either unconnected or has no load
WARNING: [Synth 8-7129] Port SSRA in module blk_mem_gen_prim_wrapper__parameterized85 is either unconnected or has no load
WARNING: [Synth 8-7129] Port SSRB in module blk_mem_gen_prim_wrapper__parameterized85 is either unconnected or has no load
WARNING: [Synth 8-7129] Port SLEEP in module blk_mem_gen_prim_wrapper__parameterized85 is either unconnected or has no load
WARNING: [Synth 8-7129] Port INJECTSBITERR in module blk_mem_gen_prim_wrapper__parameterized85 is either unconnected or has no load
WARNING: [Synth 8-7129] Port INJECTDBITERR in module blk_mem_gen_prim_wrapper__parameterized85 is either unconnected or has no load
WARNING: [Synth 8-7129] Port ECCPIPECE in module blk_mem_gen_prim_wrapper__parameterized85 is either unconnected or has no load
WARNING: [Synth 8-7129] Port SBITERR in module blk_mem_gen_prim_wrapper__parameterized84 is either unconnected or has no load
WARNING: [Synth 8-7129] Port DBITERR in module blk_mem_gen_prim_wrapper__parameterized84 is either unconnected or has no load
WARNING: [Synth 8-7129] Port SSRA in module blk_mem_gen_prim_wrapper__parameterized84 is either unconnected or has no load
WARNING: [Synth 8-7129] Port SSRB in module blk_mem_gen_prim_wrapper__parameterized84 is either unconnected or has no load
WARNING: [Synth 8-7129] Port SLEEP in module blk_mem_gen_prim_wrapper__parameterized84 is either unconnected or has no load
WARNING: [Synth 8-7129] Port INJECTSBITERR in module blk_mem_gen_prim_wrapper__parameterized84 is either unconnected or has no load
WARNING: [Synth 8-7129] Port INJECTDBITERR in module blk_mem_gen_prim_wrapper__parameterized84 is either unconnected or has no load
WARNING: [Synth 8-7129] Port ECCPIPECE in module blk_mem_gen_prim_wrapper__parameterized84 is either unconnected or has no load
WARNING: [Synth 8-7129] Port SBITERR in module blk_mem_gen_prim_wrapper__parameterized83 is either unconnected or has no load
WARNING: [Synth 8-7129] Port DBITERR in module blk_mem_gen_prim_wrapper__parameterized83 is either unconnected or has no load
WARNING: [Synth 8-7129] Port SSRA in module blk_mem_gen_prim_wrapper__parameterized83 is either unconnected or has no load
WARNING: [Synth 8-7129] Port SSRB in module blk_mem_gen_prim_wrapper__parameterized83 is either unconnected or has no load
WARNING: [Synth 8-7129] Port SLEEP in module blk_mem_gen_prim_wrapper__parameterized83 is either unconnected or has no load
WARNING: [Synth 8-7129] Port INJECTSBITERR in module blk_mem_gen_prim_wrapper__parameterized83 is either unconnected or has no load
WARNING: [Synth 8-7129] Port INJECTDBITERR in module blk_mem_gen_prim_wrapper__parameterized83 is either unconnected or has no load
WARNING: [Synth 8-7129] Port ECCPIPECE in module blk_mem_gen_prim_wrapper__parameterized83 is either unconnected or has no load
WARNING: [Synth 8-7129] Port SBITERR in module blk_mem_gen_prim_wrapper__parameterized82 is either unconnected or has no load
WARNING: [Synth 8-7129] Port DBITERR in module blk_mem_gen_prim_wrapper__parameterized82 is either unconnected or has no load
WARNING: [Synth 8-7129] Port SSRA in module blk_mem_gen_prim_wrapper__parameterized82 is either unconnected or has no load
WARNING: [Synth 8-7129] Port SSRB in module blk_mem_gen_prim_wrapper__parameterized82 is either unconnected or has no load
WARNING: [Synth 8-7129] Port SLEEP in module blk_mem_gen_prim_wrapper__parameterized82 is either unconnected or has no load
WARNING: [Synth 8-7129] Port INJECTSBITERR in module blk_mem_gen_prim_wrapper__parameterized82 is either unconnected or has no load
WARNING: [Synth 8-7129] Port INJECTDBITERR in module blk_mem_gen_prim_wrapper__parameterized82 is either unconnected or has no load
WARNING: [Synth 8-7129] Port ECCPIPECE in module blk_mem_gen_prim_wrapper__parameterized82 is either unconnected or has no load
WARNING: [Synth 8-7129] Port SBITERR in module blk_mem_gen_prim_wrapper__parameterized81 is either unconnected or has no load
WARNING: [Synth 8-7129] Port DBITERR in module blk_mem_gen_prim_wrapper__parameterized81 is either unconnected or has no load
WARNING: [Synth 8-7129] Port SSRA in module blk_mem_gen_prim_wrapper__parameterized81 is either unconnected or has no load
WARNING: [Synth 8-7129] Port SSRB in module blk_mem_gen_prim_wrapper__parameterized81 is either unconnected or has no load
WARNING: [Synth 8-7129] Port SLEEP in module blk_mem_gen_prim_wrapper__parameterized81 is either unconnected or has no load
WARNING: [Synth 8-7129] Port INJECTSBITERR in module blk_mem_gen_prim_wrapper__parameterized81 is either unconnected or has no load
WARNING: [Synth 8-7129] Port INJECTDBITERR in module blk_mem_gen_prim_wrapper__parameterized81 is either unconnected or has no load
WARNING: [Synth 8-7129] Port ECCPIPECE in module blk_mem_gen_prim_wrapper__parameterized81 is either unconnected or has no load
WARNING: [Synth 8-7129] Port SBITERR in module blk_mem_gen_prim_wrapper__parameterized80 is either unconnected or has no load
WARNING: [Synth 8-7129] Port DBITERR in module blk_mem_gen_prim_wrapper__parameterized80 is either unconnected or has no load
WARNING: [Synth 8-7129] Port SSRA in module blk_mem_gen_prim_wrapper__parameterized80 is either unconnected or has no load
WARNING: [Synth 8-7129] Port SSRB in module blk_mem_gen_prim_wrapper__parameterized80 is either unconnected or has no load
WARNING: [Synth 8-7129] Port SLEEP in module blk_mem_gen_prim_wrapper__parameterized80 is either unconnected or has no load
WARNING: [Synth 8-7129] Port INJECTSBITERR in module blk_mem_gen_prim_wrapper__parameterized80 is either unconnected or has no load
WARNING: [Synth 8-7129] Port INJECTDBITERR in module blk_mem_gen_prim_wrapper__parameterized80 is either unconnected or has no load
WARNING: [Synth 8-7129] Port ECCPIPECE in module blk_mem_gen_prim_wrapper__parameterized80 is either unconnected or has no load
WARNING: [Synth 8-7129] Port SBITERR in module blk_mem_gen_prim_wrapper__parameterized79 is either unconnected or has no load
WARNING: [Synth 8-7129] Port DBITERR in module blk_mem_gen_prim_wrapper__parameterized79 is either unconnected or has no load
WARNING: [Synth 8-7129] Port SSRA in module blk_mem_gen_prim_wrapper__parameterized79 is either unconnected or has no load
WARNING: [Synth 8-7129] Port SSRB in module blk_mem_gen_prim_wrapper__parameterized79 is either unconnected or has no load
WARNING: [Synth 8-7129] Port SLEEP in module blk_mem_gen_prim_wrapper__parameterized79 is either unconnected or has no load
WARNING: [Synth 8-7129] Port INJECTSBITERR in module blk_mem_gen_prim_wrapper__parameterized79 is either unconnected or has no load
WARNING: [Synth 8-7129] Port INJECTDBITERR in module blk_mem_gen_prim_wrapper__parameterized79 is either unconnected or has no load
WARNING: [Synth 8-7129] Port ECCPIPECE in module blk_mem_gen_prim_wrapper__parameterized79 is either unconnected or has no load
WARNING: [Synth 8-7129] Port SBITERR in module blk_mem_gen_prim_wrapper__parameterized78 is either unconnected or has no load
WARNING: [Synth 8-7129] Port DBITERR in module blk_mem_gen_prim_wrapper__parameterized78 is either unconnected or has no load
WARNING: [Synth 8-7129] Port SSRA in module blk_mem_gen_prim_wrapper__parameterized78 is either unconnected or has no load
WARNING: [Synth 8-7129] Port SSRB in module blk_mem_gen_prim_wrapper__parameterized78 is either unconnected or has no load
WARNING: [Synth 8-7129] Port SLEEP in module blk_mem_gen_prim_wrapper__parameterized78 is either unconnected or has no load
WARNING: [Synth 8-7129] Port INJECTSBITERR in module blk_mem_gen_prim_wrapper__parameterized78 is either unconnected or has no load
WARNING: [Synth 8-7129] Port INJECTDBITERR in module blk_mem_gen_prim_wrapper__parameterized78 is either unconnected or has no load
WARNING: [Synth 8-7129] Port ECCPIPECE in module blk_mem_gen_prim_wrapper__parameterized78 is either unconnected or has no load
WARNING: [Synth 8-7129] Port SBITERR in module blk_mem_gen_prim_wrapper__parameterized77 is either unconnected or has no load
INFO: [Common 17-14] Message 'Synth 8-7129' appears 100 times and further instances of the messages will be disabled. Use the Tcl command set_msg_config to change the current settings.
---------------------------------------------------------------------------------
Finished RTL Elaboration : Time (s): cpu = 00:00:23 ; elapsed = 00:00:25 . Memory (MB): peak = 1769.273 ; gain = 1061.129
---------------------------------------------------------------------------------
---------------------------------------------------------------------------------
Start Handling Custom Attributes
---------------------------------------------------------------------------------
---------------------------------------------------------------------------------
Finished Handling Custom Attributes : Time (s): cpu = 00:00:23 ; elapsed = 00:00:26 . Memory (MB): peak = 1769.273 ; gain = 1061.129
---------------------------------------------------------------------------------
---------------------------------------------------------------------------------
Finished RTL Optimization Phase 1 : Time (s): cpu = 00:00:23 ; elapsed = 00:00:26 . Memory (MB): peak = 1769.273 ; gain = 1061.129
---------------------------------------------------------------------------------
Netlist sorting complete. Time (s): cpu = 00:00:01 ; elapsed = 00:00:00.389 . Memory (MB): peak = 1769.273 ; gain = 0.000
INFO: [Netlist 29-17] Analyzing 128 Unisim elements for replacement
INFO: [Netlist 29-28] Unisim Transformation completed in 0 CPU seconds
INFO: [Project 1-570] Preparing netlist for logic optimization

Processing XDC Constraints
Initializing timing engine
Parsing XDC File [C:/Users/kpcha/Desktop/College/DSD/Ver2_6/Ver2_6.srcs/constrs_1/new/temp.xdc]
Finished Parsing XDC File [C:/Users/kpcha/Desktop/College/DSD/Ver2_6/Ver2_6.srcs/constrs_1/new/temp.xdc]
INFO: [Project 1-236] Implementation specific constraints were found while reading constraint file [C:/Users/kpcha/Desktop/College/DSD/Ver2_6/Ver2_6.srcs/constrs_1/new/temp.xdc]. These constraints will be ignored for synthesis but will be used in implementation. Impacted constraints are listed in the file [.Xil/uart_tensor_bridge_propImpl.xdc].
Resolution: To avoid this warning, move constraints listed in [.Xil/uart_tensor_bridge_propImpl.xdc] to another XDC file and exclude this new file from synthesis with the used_in_synthesis property (File Properties dialog in GUI) and re-run elaboration/synthesis.
Parsing XDC File [C:/Users/kpcha/Desktop/College/DSD/Ver2_6/Ver2_6.runs/synth_1/dont_touch.xdc]
Finished Parsing XDC File [C:/Users/kpcha/Desktop/College/DSD/Ver2_6/Ver2_6.runs/synth_1/dont_touch.xdc]
Completed Processing XDC Constraints

Netlist sorting complete. Time (s): cpu = 00:00:00 ; elapsed = 00:00:00.006 . Memory (MB): peak = 1776.539 ; gain = 0.000
INFO: [Project 1-111] Unisim Transformation Summary:
No Unisim elements were transformed.

Constraint Validation Runtime : Time (s): cpu = 00:00:00 ; elapsed = 00:00:00.123 . Memory (MB): peak = 1776.539 ; gain = 0.000
---------------------------------------------------------------------------------
Finished Constraint Validation : Time (s): cpu = 00:00:35 ; elapsed = 00:00:38 . Memory (MB): peak = 1776.539 ; gain = 1068.395
---------------------------------------------------------------------------------
---------------------------------------------------------------------------------
Start Loading Part and Timing Information
---------------------------------------------------------------------------------
Loading part: xc7a100tcsg324-1
---------------------------------------------------------------------------------
Finished Loading Part and Timing Information : Time (s): cpu = 00:00:35 ; elapsed = 00:00:38 . Memory (MB): peak = 1776.539 ; gain = 1068.395
---------------------------------------------------------------------------------
---------------------------------------------------------------------------------
Start Applying 'set_property' XDC Constraints
---------------------------------------------------------------------------------
---------------------------------------------------------------------------------
Finished applying 'set_property' XDC Constraints : Time (s): cpu = 00:00:35 ; elapsed = 00:00:38 . Memory (MB): peak = 1776.539 ; gain = 1068.395
---------------------------------------------------------------------------------
---------------------------------------------------------------------------------
Start Preparing Guide Design
---------------------------------------------------------------------------------
---------------------------------------------------------------------------------
Finished Doing Graph Differ : Time (s): cpu = 00:00:37 ; elapsed = 00:00:41 . Memory (MB): peak = 1776.539 ; gain = 1068.395
---------------------------------------------------------------------------------
matrix_cont__GCB3accel_top__GC0tensor_top__GC0matrix_cont__GCB1matrix_cont__GCB4simd_array__GB2uart_tensor_bridge__GC0matrix_cont__GCB0matrix_cont__GCB2simd_array__GB1simd_array__GB0---------------------------------------------------------------------------------
Finished Preparing Guide Design : Time (s): cpu = 00:00:38 ; elapsed = 00:00:42 . Memory (MB): peak = 1776.539 ; gain = 1068.395
---------------------------------------------------------------------------------
---------------------------------------------------------------------------------
Finished RTL Optimization Phase 2 : Time (s): cpu = 00:00:38 ; elapsed = 00:00:42 . Memory (MB): peak = 1776.539 ; gain = 1068.395
---------------------------------------------------------------------------------
---------------------------------------------------------------------------------
Start Mimic Skeleton from Reference
---------------------------------------------------------------------------------
---------------------------------------------------------------------------------
Finished Mimic Skeleton from Reference : Time (s): cpu = 00:00:39 ; elapsed = 00:00:42 . Memory (MB): peak = 1776.539 ; gain = 1068.395
---------------------------------------------------------------------------------


Incremental Synthesis Report Summary:

1. Incremental synthesis run: yes

   Stitch points used : changed


2. Change Summary

Report Incremental Modules: 
+-+----------------+------------+----------+----------+
| |Changed Modules |Replication |Instances |Changed % |
+-+----------------+------------+----------+----------+
+-+----------------+------------+----------+----------+


   Full Design Size (number of cells) : 186802
   Resynthesis Design Size (number of cells) : 0
   Resynth % : 0.0000,  Reuse % : 100.0000

3. Reference Checkpoint Information

+---------------------------------------------------------------------------------------------------------------+
| DCP Location:  | C:/Users/kpcha/Desktop/College/DSD/Ver2_6/Ver2_6.srcs/utils_1/imports/synth_1/tensor_top.dcp |
+---------------------------------------------------------------------------------------------------------------+


+--------------------------------+------------------------------+
|         DCP Information        |             Value            |
+--------------------------------+------------------------------+
| Vivado Version                 |                    v2025.1 |
| DCP State                      |                              |
+--------------------------------+------------------------------+



Report RTL Partitions: 
+------+--------------------------------+------------+----------+
|      |RTL Partition                   |Replication |Instances |
+------+--------------------------------+------------+----------+
|1     |simd_array__GB0_#REUSE#         |           1|         0|
|2     |simd_array__GB1_#REUSE#         |           1|         0|
|3     |simd_array__GB2_#REUSE#         |           1|         0|
|4     |accel_top__GC0_#REUSE#          |           1|         0|
|5     |matrix_cont__GCB0_#REUSE#       |           1|         0|
|6     |matrix_cont__GCB1_#REUSE#       |           1|         0|
|7     |matrix_cont__GCB2_#REUSE#       |           1|         0|
|8     |matrix_cont__GCB3_#REUSE#       |           1|         0|
|9     |matrix_cont__GCB4_#REUSE#       |           1|         0|
|10    |tensor_top__GC0_#REUSE#         |           1|         0|
|11    |uart_tensor_bridge__GC0_#REUSE# |           1|         0|
+------+--------------------------------+------------+----------+
---------------------------------------------------------------------------------
Start RTL Component Statistics 
---------------------------------------------------------------------------------
Detailed RTL Component Info : 
---------------------------------------------------------------------------------
Finished RTL Component Statistics 
---------------------------------------------------------------------------------
---------------------------------------------------------------------------------
Start Part Resource Summary
---------------------------------------------------------------------------------
Part Resources:
DSPs: 240 (col length:80)
BRAMs: 270 (col length: RAMB18 80 RAMB36 40)
---------------------------------------------------------------------------------
Finished Part Resource Summary
---------------------------------------------------------------------------------
---------------------------------------------------------------------------------
Start Cross Boundary and Area Optimization
---------------------------------------------------------------------------------
WARNING: [Synth 8-7080] Parallel synthesis criteria is not met
WARNING: [Synth 8-7077] IncrSyn: subsequent runs will still be incremental as the reference run was parallel and that data is reused
---------------------------------------------------------------------------------
Finished Cross Boundary and Area Optimization : Time (s): cpu = 00:00:41 ; elapsed = 00:00:45 . Memory (MB): peak = 1776.539 ; gain = 1068.395
---------------------------------------------------------------------------------
---------------------------------------------------------------------------------
Start Stitch Unchanged AreaOpt Partitions
---------------------------------------------------------------------------------
---------------------------------------------------------------------------------
Finished Stitch Unchanged AreaOpt Partitions : Time (s): cpu = 00:00:41 ; elapsed = 00:00:46 . Memory (MB): peak = 1776.539 ; gain = 1068.395
---------------------------------------------------------------------------------
---------------------------------------------------------------------------------
Start Applying XDC Timing Constraints
---------------------------------------------------------------------------------
---------------------------------------------------------------------------------
Finished Applying XDC Timing Constraints : Time (s): cpu = 00:00:48 ; elapsed = 00:00:53 . Memory (MB): peak = 1776.539 ; gain = 1068.395
---------------------------------------------------------------------------------
---------------------------------------------------------------------------------
Start Timing Optimization
---------------------------------------------------------------------------------
---------------------------------------------------------------------------------
Finished Timing Optimization : Time (s): cpu = 00:00:49 ; elapsed = 00:00:53 . Memory (MB): peak = 1776.539 ; gain = 1068.395
---------------------------------------------------------------------------------
---------------------------------------------------------------------------------
Start Technology Mapping
---------------------------------------------------------------------------------
WARNING: [Synth 8-7080] Parallel synthesis criteria is not met
WARNING: [Synth 8-7077] IncrSyn: subsequent runs will still be incremental as the reference run was parallel and that data is reused
---------------------------------------------------------------------------------
Finished Technology Mapping : Time (s): cpu = 00:00:49 ; elapsed = 00:00:53 . Memory (MB): peak = 1776.539 ; gain = 1068.395
---------------------------------------------------------------------------------
---------------------------------------------------------------------------------
Start Stitch Unchanged Partitions
---------------------------------------------------------------------------------
---------------------------------------------------------------------------------
Finished Stitch Unchanged Partitions : Time (s): cpu = 00:00:49 ; elapsed = 00:00:54 . Memory (MB): peak = 1804.320 ; gain = 1096.176
---------------------------------------------------------------------------------
---------------------------------------------------------------------------------
Start IO Insertion
---------------------------------------------------------------------------------
---------------------------------------------------------------------------------
Start Flattening Before IO Insertion
---------------------------------------------------------------------------------
---------------------------------------------------------------------------------
Finished Flattening Before IO Insertion
---------------------------------------------------------------------------------
---------------------------------------------------------------------------------
Start Final Netlist Cleanup
---------------------------------------------------------------------------------
---------------------------------------------------------------------------------
Finished Final Netlist Cleanup
---------------------------------------------------------------------------------
---------------------------------------------------------------------------------
Finished IO Insertion : Time (s): cpu = 00:00:55 ; elapsed = 00:01:01 . Memory (MB): peak = 2027.145 ; gain = 1319.000
---------------------------------------------------------------------------------
---------------------------------------------------------------------------------
Start Renaming Generated Instances
---------------------------------------------------------------------------------
---------------------------------------------------------------------------------
Finished Renaming Generated Instances : Time (s): cpu = 00:00:55 ; elapsed = 00:01:01 . Memory (MB): peak = 2027.145 ; gain = 1319.000
---------------------------------------------------------------------------------
---------------------------------------------------------------------------------
Start Rebuilding User Hierarchy
---------------------------------------------------------------------------------
---------------------------------------------------------------------------------
Finished Rebuilding User Hierarchy : Time (s): cpu = 00:00:56 ; elapsed = 00:01:02 . Memory (MB): peak = 2027.145 ; gain = 1319.000
---------------------------------------------------------------------------------
---------------------------------------------------------------------------------
Start Renaming Generated Ports
---------------------------------------------------------------------------------
---------------------------------------------------------------------------------
Finished Renaming Generated Ports : Time (s): cpu = 00:00:57 ; elapsed = 00:01:02 . Memory (MB): peak = 2027.145 ; gain = 1319.000
---------------------------------------------------------------------------------
---------------------------------------------------------------------------------
Start Handling Custom Attributes
---------------------------------------------------------------------------------
---------------------------------------------------------------------------------
Finished Handling Custom Attributes : Time (s): cpu = 00:00:57 ; elapsed = 00:01:03 . Memory (MB): peak = 2027.145 ; gain = 1319.000
---------------------------------------------------------------------------------
---------------------------------------------------------------------------------
Start Renaming Generated Nets
---------------------------------------------------------------------------------
---------------------------------------------------------------------------------
Finished Renaming Generated Nets : Time (s): cpu = 00:00:57 ; elapsed = 00:01:03 . Memory (MB): peak = 2027.145 ; gain = 1319.000
---------------------------------------------------------------------------------
---------------------------------------------------------------------------------
Start Writing Synthesis Report
---------------------------------------------------------------------------------

DSP Final Report (the ' indicates corresponding REG is set)
+------------------+---------------+--------+--------+--------+--------+--------+------+------+------+------+-------+------+------+
|Module Name       | DSP Mapping   | A Size | B Size | C Size | D Size | P Size | AREG | BREG | CREG | DREG | ADREG | MREG | PREG | 
+------------------+---------------+--------+--------+--------+--------+--------+------+------+------+------+-------+------+------+
|matrix_cont       | A*B           | 30     | 7      | -      | -      | 24     | 0    | 0    | -    | -    | -     | 0    | 0    | 
|matrix_cont__GCB3 | (PCIN+A:B+C)' | 30     | 18     | -      | -      | 16     | 0    | 0    | -    | -    | -     | 0    | 1    | 
|vector_lane       | C+A'*B        | 30     | 18     | 48     | -      | 38     | 1    | 0    | 0    | -    | -     | 0    | 0    | 
|vector_lane       | C+A'*B        | 30     | 18     | 48     | -      | 38     | 1    | 0    | 0    | -    | -     | 0    | 0    | 
|vector_lane       | C+A'*B        | 30     | 18     | 48     | -      | 38     | 1    | 0    | 0    | -    | -     | 0    | 0    | 
|vector_lane       | C+A'*B        | 30     | 18     | 48     | -      | 38     | 1    | 0    | 0    | -    | -     | 0    | 0    | 
|vector_lane       | C+A'*B        | 30     | 18     | 48     | -      | 38     | 1    | 0    | 0    | -    | -     | 0    | 0    | 
|vector_lane       | C+A'*B        | 30     | 18     | 48     | -      | 38     | 1    | 0    | 0    | -    | -     | 0    | 0    | 
|vector_lane       | C+A'*B        | 30     | 18     | 48     | -      | 38     | 1    | 0    | 0    | -    | -     | 0    | 0    | 
|vector_lane       | C+A'*B        | 30     | 18     | 48     | -      | 38     | 1    | 0    | 0    | -    | -     | 0    | 0    | 
|vector_lane       | C+A'*B        | 30     | 18     | 48     | -      | 38     | 1    | 0    | 0    | -    | -     | 0    | 0    | 
|vector_lane       | C+A'*B        | 30     | 18     | 48     | -      | 38     | 1    | 0    | 0    | -    | -     | 0    | 0    | 
|vector_lane       | C+A'*B        | 30     | 18     | 48     | -      | 38     | 1    | 0    | 0    | -    | -     | 0    | 0    | 
|vector_lane       | C+A'*B        | 30     | 18     | 48     | -      | 38     | 1    | 0    | 0    | -    | -     | 0    | 0    | 
|vector_lane       | C+A'*B        | 30     | 18     | 48     | -      | 38     | 1    | 0    | 0    | -    | -     | 0    | 0    | 
|vector_lane       | C+A'*B        | 30     | 18     | 48     | -      | 38     | 1    | 0    | 0    | -    | -     | 0    | 0    | 
|vector_lane       | C+A'*B        | 30     | 18     | 48     | -      | 38     | 1    | 0    | 0    | -    | -     | 0    | 0    | 
|vector_lane       | C+A'*B        | 30     | 18     | 48     | -      | 38     | 1    | 0    | 0    | -    | -     | 0    | 0    | 
|vector_lane       | C+A'*B        | 30     | 18     | 48     | -      | 38     | 1    | 0    | 0    | -    | -     | 0    | 0    | 
|vector_lane       | C+A'*B        | 30     | 18     | 48     | -      | 38     | 1    | 0    | 0    | -    | -     | 0    | 0    | 
|vector_lane       | C+A'*B        | 30     | 18     | 48     | -      | 38     | 1    | 0    | 0    | -    | -     | 0    | 0    | 
|vector_lane       | C+A'*B        | 30     | 18     | 48     | -      | 38     | 1    | 0    | 0    | -    | -     | 0    | 0    | 
|vector_lane       | C+A'*B        | 30     | 18     | 48     | -      | 38     | 1    | 0    | 0    | -    | -     | 0    | 0    | 
|vector_lane       | C+A'*B        | 30     | 18     | 48     | -      | 38     | 1    | 0    | 0    | -    | -     | 0    | 0    | 
|vector_lane       | C+A'*B        | 30     | 18     | 48     | -      | 38     | 1    | 0    | 0    | -    | -     | 0    | 0    | 
|vector_lane       | C+A'*B        | 30     | 18     | 48     | -      | 38     | 1    | 0    | 0    | -    | -     | 0    | 0    | 
|vector_lane       | C+A'*B        | 30     | 18     | 48     | -      | 38     | 1    | 0    | 0    | -    | -     | 0    | 0    | 
|vector_lane       | C+A'*B        | 30     | 18     | 48     | -      | 38     | 1    | 0    | 0    | -    | -     | 0    | 0    | 
|vector_lane       | C+A'*B        | 30     | 18     | 48     | -      | 38     | 1    | 0    | 0    | -    | -     | 0    | 0    | 
|vector_lane       | C+A'*B        | 30     | 18     | 48     | -      | 38     | 1    | 0    | 0    | -    | -     | 0    | 0    | 
|vector_lane       | C+A'*B        | 30     | 18     | 48     | -      | 38     | 1    | 0    | 0    | -    | -     | 0    | 0    | 
|vector_lane       | C+A'*B        | 30     | 18     | 48     | -      | 38     | 1    | 0    | 0    | -    | -     | 0    | 0    | 
|vector_lane       | C+A'*B        | 30     | 18     | 48     | -      | 38     | 1    | 0    | 0    | -    | -     | 0    | 0    | 
|vector_lane       | C+A'*B        | 30     | 18     | 48     | -      | 38     | 1    | 0    | 0    | -    | -     | 0    | 0    | 
|vector_lane       | C+A'*B        | 30     | 18     | 48     | -      | 38     | 1    | 0    | 0    | -    | -     | 0    | 0    | 
|vector_lane       | C+A'*B        | 30     | 18     | 48     | -      | 38     | 1    | 0    | 0    | -    | -     | 0    | 0    | 
|vector_lane       | C+A'*B        | 30     | 18     | 48     | -      | 38     | 1    | 0    | 0    | -    | -     | 0    | 0    | 
|vector_lane       | C+A'*B        | 30     | 18     | 48     | -      | 38     | 1    | 0    | 0    | -    | -     | 0    | 0    | 
|vector_lane       | C+A'*B        | 30     | 18     | 48     | -      | 38     | 1    | 0    | 0    | -    | -     | 0    | 0    | 
|vector_lane       | C+A'*B        | 30     | 18     | 48     | -      | 38     | 1    | 0    | 0    | -    | -     | 0    | 0    | 
|vector_lane       | C+A'*B        | 30     | 18     | 48     | -      | 38     | 1    | 0    | 0    | -    | -     | 0    | 0    | 
|vector_lane       | C+A'*B        | 30     | 18     | 48     | -      | 38     | 1    | 0    | 0    | -    | -     | 0    | 0    | 
|vector_lane       | C+A'*B        | 30     | 18     | 48     | -      | 38     | 1    | 0    | 0    | -    | -     | 0    | 0    | 
|vector_lane       | C+A'*B        | 30     | 18     | 48     | -      | 38     | 1    | 0    | 0    | -    | -     | 0    | 0    | 
|vector_lane       | C+A'*B        | 30     | 18     | 48     | -      | 38     | 1    | 0    | 0    | -    | -     | 0    | 0    | 
|vector_lane       | C+A'*B        | 30     | 18     | 48     | -      | 38     | 1    | 0    | 0    | -    | -     | 0    | 0    | 
|vector_lane       | C+A'*B        | 30     | 18     | 48     | -      | 38     | 1    | 0    | 0    | -    | -     | 0    | 0    | 
|vector_lane       | C+A'*B        | 30     | 18     | 48     | -      | 38     | 1    | 0    | 0    | -    | -     | 0    | 0    | 
|vector_lane       | C+A'*B        | 30     | 18     | 48     | -      | 38     | 1    | 0    | 0    | -    | -     | 0    | 0    | 
|vector_lane       | C+A'*B        | 30     | 18     | 48     | -      | 38     | 1    | 0    | 0    | -    | -     | 0    | 0    | 
|vector_lane       | C+A'*B        | 30     | 18     | 48     | -      | 38     | 1    | 0    | 0    | -    | -     | 0    | 0    | 
|vector_lane       | C+A'*B        | 30     | 18     | 48     | -      | 38     | 1    | 0    | 0    | -    | -     | 0    | 0    | 
|vector_lane       | C+A'*B        | 30     | 18     | 48     | -      | 38     | 1    | 0    | 0    | -    | -     | 0    | 0    | 
|vector_lane       | C+A'*B        | 30     | 18     | 48     | -      | 38     | 1    | 0    | 0    | -    | -     | 0    | 0    | 
|vector_lane       | C+A'*B        | 30     | 18     | 48     | -      | 38     | 1    | 0    | 0    | -    | -     | 0    | 0    | 
|vector_lane       | C+A'*B        | 30     | 18     | 48     | -      | 38     | 1    | 0    | 0    | -    | -     | 0    | 0    | 
|vector_lane       | C+A'*B        | 30     | 18     | 48     | -      | 38     | 1    | 0    | 0    | -    | -     | 0    | 0    | 
|vector_lane       | C+A'*B        | 30     | 18     | 48     | -      | 38     | 1    | 0    | 0    | -    | -     | 0    | 0    | 
|vector_lane       | C+A'*B        | 30     | 18     | 48     | -      | 38     | 1    | 0    | 0    | -    | -     | 0    | 0    | 
|vector_lane       | C+A'*B        | 30     | 18     | 48     | -      | 38     | 1    | 0    | 0    | -    | -     | 0    | 0    | 
|vector_lane       | C+A'*B        | 30     | 18     | 48     | -      | 38     | 1    | 0    | 0    | -    | -     | 0    | 0    | 
|vector_lane       | C+A'*B        | 30     | 18     | 48     | -      | 38     | 1    | 0    | 0    | -    | -     | 0    | 0    | 
|vector_lane       | C+A'*B        | 30     | 18     | 48     | -      | 38     | 1    | 0    | 0    | -    | -     | 0    | 0    | 
|vector_lane       | C+A'*B        | 30     | 18     | 48     | -      | 38     | 1    | 0    | 0    | -    | -     | 0    | 0    | 
|vector_lane       | C+A'*B        | 30     | 18     | 48     | -      | 38     | 1    | 0    | 0    | -    | -     | 0    | 0    | 
|vector_lane       | C+A'*B        | 30     | 18     | 48     | -      | 38     | 1    | 0    | 0    | -    | -     | 0    | 0    | 
+------------------+---------------+--------+--------+--------+--------+--------+------+------+------+------+-------+------+------+


Report BlackBoxes: 
+-+--------------+----------+
| |BlackBox name |Instances |
+-+--------------+----------+
+-+--------------+----------+

Report Cell Usage: 
+------+---------+------+
|      |Cell     |Count |
+------+---------+------+
|1     |BUFG     |     1|
|2     |CARRY4   |   718|
|3     |DSP48E1  |    66|
|4     |LUT1     |  1283|
|5     |LUT2     |  1237|
|6     |LUT3     |   458|
|7     |LUT4     |  1768|
|8     |LUT5     |   664|
|9     |LUT6     |  5046|
|10    |MUXF7    |   223|
|11    |MUXF8    |   108|
|12    |RAM64M   |   704|
|13    |RAMB36E1 |   128|
|14    |FDRE     |  9831|
|15    |FDSE     |     6|
|16    |IBUF     |     3|
|17    |OBUF     |     1|
+------+---------+------+
---------------------------------------------------------------------------------
Finished Writing Synthesis Report : Time (s): cpu = 00:00:57 ; elapsed = 00:01:03 . Memory (MB): peak = 2027.145 ; gain = 1319.000
---------------------------------------------------------------------------------
Synthesis finished with 0 errors, 0 critical warnings and 4 warnings.
Synthesis Optimization Runtime : Time (s): cpu = 00:00:27 ; elapsed = 00:00:56 . Memory (MB): peak = 2027.145 ; gain = 1311.734
Synthesis Optimization Complete : Time (s): cpu = 00:00:57 ; elapsed = 00:01:03 . Memory (MB): peak = 2027.145 ; gain = 1319.000
INFO: [Project 1-571] Translating synthesized netlist
Netlist sorting complete. Time (s): cpu = 00:00:00 ; elapsed = 00:00:00.320 . Memory (MB): peak = 2051.141 ; gain = 0.000
INFO: [Netlist 29-17] Analyzing 1947 Unisim elements for replacement
INFO: [Netlist 29-28] Unisim Transformation completed in 1 CPU seconds
INFO: [Project 1-570] Preparing netlist for logic optimization
INFO: [Opt 31-138] Pushed 0 inverter(s) to 0 load pin(s).
Netlist sorting complete. Time (s): cpu = 00:00:00 ; elapsed = 00:00:00.009 . Memory (MB): peak = 2060.836 ; gain = 0.000
INFO: [Project 1-111] Unisim Transformation Summary:
  A total of 704 instances were transformed.
  RAM64M => RAM64M (RAMD64E(x4)): 704 instances

Synth Design complete | Checksum: 45140f0b
INFO: [Common 17-83] Releasing license: Synthesis
53 Infos, 104 Warnings, 0 Critical Warnings and 0 Errors encountered.
synth_design completed successfully
synth_design: Time (s): cpu = 00:01:04 ; elapsed = 00:01:13 . Memory (MB): peak = 2060.836 ; gain = 1556.051
Write ShapeDB Complete: Time (s): cpu = 00:00:01 ; elapsed = 00:00:00.027 . Memory (MB): peak = 2060.836 ; gain = 0.000
INFO: [Common 17-1381] The checkpoint 'C:/Users/kpcha/Desktop/College/DSD/Ver2_6/Ver2_6.runs/synth_1/uart_tensor_bridge.dcp' has been generated.
INFO: [Vivado 12-24828] Executing command : report_utilization -file uart_tensor_bridge_utilization_synth.rpt -pb uart_tensor_bridge_utilization_synth.pb
INFO: [Common 17-206] Exiting Vivado at Tue Mar 31 23:38:35 2026...
