Copyright 1986-2022 Xilinx, Inc. All Rights Reserved. Copyright 2022-2025 Advanced Micro Devices, Inc. All Rights Reserved.
---------------------------------------------------------------------------------------------------------------------------------------------
| Tool Version : Vivado v.2025.1 (win64) Build 6140274 Thu May 22 00:12:29 MDT 2025
| Date         : Sun Mar 29 21:56:49 2026
| Host         : CherryVamsi running 64-bit major release  (build 9200)
| Command      : report_control_sets -verbose -file uart_tensor_bridge_control_sets_placed.rpt
| Design       : uart_tensor_bridge
| Device       : xc7a100t
---------------------------------------------------------------------------------------------------------------------------------------------

Control Set Information

Table of Contents
-----------------
1. Summary
2. Histogram
3. Flip-Flop Distribution
4. Detailed Control Set Information

1. Summary
----------

+----------------------------------------------------------+-------+
|                          Status                          | Count |
+----------------------------------------------------------+-------+
| Total control sets                                       |   100 |
|    Minimum number of control sets                        |   100 |
|    Addition due to synthesis replication                 |     0 |
|    Addition due to physical synthesis replication        |     0 |
| Unused register locations in slices containing registers |   149 |
+----------------------------------------------------------+-------+
* Control sets can be merged at opt_design using control_set_merge or merge_equivalent_drivers
** Run report_qor_suggestions for automated merging and remapping suggestions


2. Histogram
------------

+--------------------+-------+
|       Fanout       | Count |
+--------------------+-------+
| Total control sets |   100 |
| >= 0 to < 4        |     0 |
| >= 4 to < 6        |     4 |
| >= 6 to < 8        |    21 |
| >= 8 to < 10       |     6 |
| >= 10 to < 12      |     2 |
| >= 12 to < 14      |     0 |
| >= 14 to < 16      |     2 |
| >= 16              |    65 |
+--------------------+-------+
* Control sets can be remapped at either synth_design or opt_design


3. Flip-Flop Distribution
-------------------------

+--------------+-----------------------+------------------------+-----------------+--------------+
| Clock Enable | Synchronous Set/Reset | Asynchronous Set/Reset | Total Registers | Total Slices |
+--------------+-----------------------+------------------------+-----------------+--------------+
| No           | No                    | No                     |              32 |           24 |
| No           | No                    | Yes                    |               0 |            0 |
| No           | Yes                   | No                     |              55 |           34 |
| Yes          | No                    | No                     |               0 |            0 |
| Yes          | No                    | Yes                    |               0 |            0 |
| Yes          | Yes                   | No                     |            2004 |          668 |
+--------------+-----------------------+------------------------+-----------------+--------------+


4. Detailed Control Set Information
-----------------------------------

+----------------+----------------------------------------------------------------------------+-------------------------------------------------------------------------+------------------+----------------+--------------+
|  Clock Signal  |                                Enable Signal                               |                             Set/Reset Signal                            | Slice Load Count | Bel Load Count | Bels / Slice |
+----------------+----------------------------------------------------------------------------+-------------------------------------------------------------------------+------------------+----------------+--------------+
|  clk_IBUF_BUFG | u_tx/E[0]                                                                  | u_tensor/matrix_engine/accel/fsm/rst_l                                  |                3 |              4 |         1.33 |
|  clk_IBUF_BUFG | u_tensor/matrix_engine/E[0]                                                | u_tensor/matrix_engine/accel/fsm/rst_l                                  |                1 |              4 |         4.00 |
|  clk_IBUF_BUFG | u_rx/FSM_sequential_state_reg[4][0]                                        | u_tensor/matrix_engine/accel/fsm/rst_l                                  |                4 |              5 |         1.25 |
|  clk_IBUF_BUFG | u_rx/FSM_onehot_r_SM_Main[4]_i_1_n_0                                       | u_tensor/matrix_engine/accel/fsm/rst_l                                  |                2 |              5 |         2.50 |
|  clk_IBUF_BUFG | u_tensor/matrix_engine/accel/simd/SIMD_LANES[4].lane/id01_out              | u_tensor/matrix_engine/accel/simd/SIMD_LANES[4].lane/id[5]_i_1__3_n_0   |                2 |              6 |         3.00 |
|  clk_IBUF_BUFG | u_rx/E[1]                                                                  | u_tensor/matrix_engine/accel/fsm/rst_l                                  |                4 |              6 |         1.50 |
|  clk_IBUF_BUFG | u_tensor/matrix_engine/accel/simd/SIMD_LANES[10].lane/id01_out             | u_tensor/matrix_engine/accel/simd/SIMD_LANES[10].lane/id[5]_i_1__9_n_0  |                1 |              6 |         6.00 |
|  clk_IBUF_BUFG | u_tensor/matrix_engine/accel/simd/SIMD_LANES[5].lane/id01_out              | u_tensor/matrix_engine/accel/simd/SIMD_LANES[5].lane/id[5]_i_1__4_n_0   |                1 |              6 |         6.00 |
|  clk_IBUF_BUFG | u_tensor/matrix_engine/accel/simd/SIMD_LANES[6].lane/id01_out              | u_tensor/matrix_engine/accel/simd/SIMD_LANES[6].lane/id[5]_i_1__5_n_0   |                2 |              6 |         3.00 |
|  clk_IBUF_BUFG | u_tensor/matrix_engine/accel/simd/SIMD_LANES[14].lane/id01_out             | u_tensor/matrix_engine/accel/simd/SIMD_LANES[14].lane/id[5]_i_1__13_n_0 |                2 |              6 |         3.00 |
|  clk_IBUF_BUFG | u_tensor/matrix_engine/accel/simd/SIMD_LANES[13].lane/id01_out             | u_tensor/matrix_engine/accel/simd/SIMD_LANES[13].lane/id[5]_i_1__12_n_0 |                3 |              6 |         2.00 |
|  clk_IBUF_BUFG | u_tensor/matrix_engine/accel/simd/SIMD_LANES[7].lane/id01_out              | u_tensor/matrix_engine/accel/simd/SIMD_LANES[7].lane/id[5]_i_1__6_n_0   |                3 |              6 |         2.00 |
|  clk_IBUF_BUFG | u_tensor/matrix_engine/accel/simd/SIMD_LANES[0].lane/id01_out              | u_tensor/matrix_engine/accel/simd/SIMD_LANES[0].lane/id[5]_i_1_n_0      |                1 |              6 |         6.00 |
|  clk_IBUF_BUFG | u_tensor/matrix_engine/accel/simd/SIMD_LANES[12].lane/id01_out             | u_tensor/matrix_engine/accel/simd/SIMD_LANES[12].lane/id[5]_i_1__11_n_0 |                2 |              6 |         3.00 |
|  clk_IBUF_BUFG | u_tensor/matrix_engine/accel/simd/SIMD_LANES[8].lane/id01_out              | u_tensor/matrix_engine/accel/simd/SIMD_LANES[8].lane/id[5]_i_1__7_n_0   |                3 |              6 |         2.00 |
|  clk_IBUF_BUFG | u_tensor/matrix_engine/accel/simd/SIMD_LANES[9].lane/id01_out              | u_tensor/matrix_engine/accel/simd/SIMD_LANES[9].lane/id[5]_i_1__8_n_0   |                2 |              6 |         3.00 |
|  clk_IBUF_BUFG | u_tensor/matrix_engine/accel/simd/SIMD_LANES[11].lane/id01_out             | u_tensor/matrix_engine/accel/simd/SIMD_LANES[11].lane/id[5]_i_1__10_n_0 |                2 |              6 |         3.00 |
|  clk_IBUF_BUFG | u_tensor/matrix_engine/accel/simd/SIMD_LANES[2].lane/id01_out              | u_tensor/matrix_engine/accel/simd/SIMD_LANES[2].lane/id[5]_i_1__1_n_0   |                1 |              6 |         6.00 |
|  clk_IBUF_BUFG | u_tensor/matrix_engine/accel/fsm/E[0]                                      | u_tensor/matrix_engine/accel/fsm/rst_l                                  |                3 |              6 |         2.00 |
|  clk_IBUF_BUFG | u_tensor/matrix_engine/accel/simd/SIMD_LANES[15].lane/id01_out             | u_tensor/matrix_engine/accel/simd/SIMD_LANES[15].lane/id[5]_i_1__14_n_0 |                1 |              6 |         6.00 |
|  clk_IBUF_BUFG | u_tensor/matrix_engine/accel/simd/SIMD_LANES[1].lane/id01_out              | u_tensor/matrix_engine/accel/simd/SIMD_LANES[1].lane/id[5]_i_1__0_n_0   |                3 |              6 |         2.00 |
|  clk_IBUF_BUFG | u_tensor/matrix_engine/accel/simd/SIMD_LANES[3].lane/id01_out              | u_tensor/matrix_engine/accel/simd/SIMD_LANES[3].lane/id[5]_i_1__2_n_0   |                2 |              6 |         3.00 |
|  clk_IBUF_BUFG | u_rx/FSM_sequential_state_reg[0][0]                                        | u_tensor/matrix_engine/accel/fsm/rst_l                                  |                3 |              7 |         2.33 |
|  clk_IBUF_BUFG | u_rx/o_RX_DV_reg_1[0]                                                      | u_tensor/matrix_engine/accel/fsm/rst_l                                  |                4 |              7 |         1.75 |
|  clk_IBUF_BUFG | u_rx/o_RX_DV_reg_2[0]                                                      | u_tensor/matrix_engine/accel/fsm/rst_l                                  |                2 |              7 |         3.50 |
|  clk_IBUF_BUFG | u_rx/E[0]                                                                  | u_tensor/matrix_engine/accel/fsm/rst_l                                  |                5 |              8 |         1.60 |
|  clk_IBUF_BUFG | u_tx/r_TX_Data[7]_i_1_n_0                                                  | u_tensor/matrix_engine/accel/fsm/rst_l                                  |                2 |              8 |         4.00 |
|  clk_IBUF_BUFG | u_rx/o_RX_DV_reg_0[1]                                                      | u_tensor/matrix_engine/accel/fsm/rst_l                                  |                5 |              8 |         1.60 |
|  clk_IBUF_BUFG | u_rx/o_RX_DV_reg_0[0]                                                      | u_tensor/matrix_engine/accel/fsm/rst_l                                  |                6 |              8 |         1.33 |
|  clk_IBUF_BUFG | u_rx/FSM_sequential_state_reg[4]_0[0]                                      | u_tensor/matrix_engine/accel/fsm/rst_l                                  |                3 |              8 |         2.67 |
|  clk_IBUF_BUFG | u_tensor/E[0]                                                              | u_tensor/matrix_engine/accel/fsm/rst_l                                  |                2 |              8 |         4.00 |
|  clk_IBUF_BUFG | u_rx/r_Clock_Count                                                         | u_tensor/matrix_engine/accel/fsm/rst_l                                  |                4 |             10 |         2.50 |
|  clk_IBUF_BUFG | u_tx/r_SM_Main__0[2]                                                       | u_tensor/matrix_engine/accel/fsm/rst_l                                  |                5 |             11 |         2.20 |
|  clk_IBUF_BUFG | u_tensor/matrix_engine/vec_len[6]_i_1_n_0                                  | u_tensor/matrix_engine/accel/fsm/rst_l                                  |                6 |             14 |         2.33 |
|  clk_IBUF_BUFG | addr_c_ext                                                                 | u_tensor/matrix_engine/accel/fsm/rst_l                                  |                8 |             14 |         1.75 |
|  clk_IBUF_BUFG | u_tensor/matrix_engine/addr_b_out[13]_i_1_n_0                              | u_tensor/matrix_engine/accel/fsm/rst_l                                  |                7 |             28 |         4.00 |
|  clk_IBUF_BUFG | we_b_ext                                                                   | u_tensor/matrix_engine/accel/fsm/rst_l                                  |               21 |             30 |         1.43 |
|  clk_IBUF_BUFG | we_a_ext                                                                   | u_tensor/matrix_engine/accel/fsm/rst_l                                  |               22 |             30 |         1.36 |
|  clk_IBUF_BUFG | u_tensor/matrix_engine/j                                                   | u_tensor/matrix_engine/accel/fsm/rst_l                                  |                6 |             30 |         5.00 |
|  clk_IBUF_BUFG | u_tensor/matrix_engine/i[31]_i_1_n_0                                       | u_tensor/matrix_engine/accel/fsm/rst_l                                  |                6 |             30 |         5.00 |
|  clk_IBUF_BUFG | u_tensor/matrix_engine/load_lane[0]_i_1_n_0                                | u_tensor/matrix_engine/accel/fsm/rst_l                                  |                8 |             32 |         4.00 |
|  clk_IBUF_BUFG | u_tensor/matrix_engine/accel/fsm/FSM_onehot_state_reg[2]_0[0]              | u_tensor/matrix_engine/accel/fsm/rst_l                                  |               10 |             32 |         3.20 |
|  clk_IBUF_BUFG | u_tensor/matrix_engine/load_k[0]_i_1_n_0                                   | u_tensor/matrix_engine/accel/fsm/rst_l                                  |                8 |             32 |         4.00 |
|  clk_IBUF_BUFG | u_tensor/matrix_engine/k_base[31]_i_1_n_0                                  | u_tensor/matrix_engine/accel/fsm/rst_l                                  |                6 |             32 |         5.33 |
|  clk_IBUF_BUFG | u_tensor/matrix_engine/d_base                                              | u_tensor/matrix_engine/accel/fsm/rst_l                                  |                6 |             32 |         5.33 |
|  clk_IBUF_BUFG | u_tensor/matrix_engine/clear_addr[31]_i_1_n_0                              | u_tensor/matrix_engine/accel/fsm/rst_l                                  |                7 |             32 |         4.57 |
|  clk_IBUF_BUFG |                                                                            |                                                                         |               24 |             32 |         1.33 |
|  clk_IBUF_BUFG | u_tensor/matrix_engine/accel/simd/SIMD_LANES[10].lane/id01_out             | u_tensor/matrix_engine/accel/fsm/accel_start_reg                        |               14 |             38 |         2.71 |
|  clk_IBUF_BUFG | c_packed                                                                   | u_tensor/matrix_engine/accel/fsm/rst_l                                  |               20 |             38 |         1.90 |
|  clk_IBUF_BUFG | u_tensor/matrix_engine/bram_c_we_i_1_n_0                                   | u_tensor/matrix_engine/accel/fsm/rst_l                                  |               10 |             38 |         3.80 |
|  clk_IBUF_BUFG | u_tensor/matrix_engine/accel/simd/SIMD_LANES[9].lane/id01_out              | u_tensor/matrix_engine/accel/fsm/accel_start_reg                        |               17 |             38 |         2.24 |
|  clk_IBUF_BUFG | u_tensor/matrix_engine/accel/simd/SIMD_LANES[9].lane/res[37]_i_1__8_n_0    | u_tensor/matrix_engine/accel/fsm/accel_start_reg                        |               12 |             38 |         3.17 |
|  clk_IBUF_BUFG | u_tensor/matrix_engine/accel/simd/SIMD_LANES[0].lane/res[37]_i_1_n_0       | u_tensor/matrix_engine/accel/fsm/accel_start_reg                        |                9 |             38 |         4.22 |
|  clk_IBUF_BUFG | u_tensor/matrix_engine/accel/simd/SIMD_LANES[0].lane/id01_out              | u_tensor/matrix_engine/accel/fsm/accel_start_reg                        |               10 |             38 |         3.80 |
|  clk_IBUF_BUFG | u_tensor/matrix_engine/accel/simd/SIMD_LANES[10].lane/res[37]_i_1__9_n_0   | u_tensor/matrix_engine/accel/fsm/accel_start_reg                        |               11 |             38 |         3.45 |
|  clk_IBUF_BUFG | u_tensor/matrix_engine/accel/simd/SIMD_LANES[11].lane/res[37]_i_1__10_n_0  | u_tensor/matrix_engine/accel/fsm/accel_start_reg                        |                7 |             38 |         5.43 |
|  clk_IBUF_BUFG | u_tensor/matrix_engine/accel/simd/SIMD_LANES[11].lane/id01_out             | u_tensor/matrix_engine/accel/fsm/accel_start_reg                        |               12 |             38 |         3.17 |
|  clk_IBUF_BUFG | u_tensor/matrix_engine/accel/simd/SIMD_LANES[8].lane/res[37]_i_1__7_n_0    | u_tensor/matrix_engine/accel/fsm/accel_start_reg                        |                9 |             38 |         4.22 |
|  clk_IBUF_BUFG | u_tensor/matrix_engine/accel/simd/SIMD_LANES[12].lane/res[37]_i_1__11_n_0  | u_tensor/matrix_engine/accel/fsm/accel_start_reg                        |               13 |             38 |         2.92 |
|  clk_IBUF_BUFG | u_tensor/matrix_engine/accel/simd/SIMD_LANES[12].lane/id01_out             | u_tensor/matrix_engine/accel/fsm/accel_start_reg                        |               13 |             38 |         2.92 |
|  clk_IBUF_BUFG | u_tensor/matrix_engine/accel/simd/SIMD_LANES[8].lane/id01_out              | u_tensor/matrix_engine/accel/fsm/accel_start_reg                        |               11 |             38 |         3.45 |
|  clk_IBUF_BUFG | u_tensor/matrix_engine/accel/simd/SIMD_LANES[13].lane/res[37]_i_1__12_n_0  | u_tensor/matrix_engine/accel/fsm/accel_start_reg                        |               13 |             38 |         2.92 |
|  clk_IBUF_BUFG | u_tensor/matrix_engine/accel/simd/SIMD_LANES[13].lane/id01_out             | u_tensor/matrix_engine/accel/fsm/accel_start_reg                        |               14 |             38 |         2.71 |
|  clk_IBUF_BUFG | u_tensor/matrix_engine/accel/simd/SIMD_LANES[7].lane/id01_out              | u_tensor/matrix_engine/accel/fsm/accel_start_reg                        |               12 |             38 |         3.17 |
|  clk_IBUF_BUFG | u_tensor/matrix_engine/accel/simd/SIMD_LANES[14].lane/res[37]_i_1__13_n_0  | u_tensor/matrix_engine/accel/fsm/accel_start_reg                        |               10 |             38 |         3.80 |
|  clk_IBUF_BUFG | u_tensor/matrix_engine/accel/simd/SIMD_LANES[14].lane/id01_out             | u_tensor/matrix_engine/accel/fsm/accel_start_reg                        |               11 |             38 |         3.45 |
|  clk_IBUF_BUFG | u_tensor/matrix_engine/accel/simd/SIMD_LANES[7].lane/res[37]_i_1__6_n_0    | u_tensor/matrix_engine/accel/fsm/accel_start_reg                        |               11 |             38 |         3.45 |
|  clk_IBUF_BUFG | u_tensor/matrix_engine/accel/simd/SIMD_LANES[6].lane/res[37]_i_1__5_n_0    | u_tensor/matrix_engine/accel/fsm/accel_start_reg                        |               15 |             38 |         2.53 |
|  clk_IBUF_BUFG | u_tensor/matrix_engine/accel/simd/SIMD_LANES[6].lane/id01_out              | u_tensor/matrix_engine/accel/fsm/accel_start_reg                        |               16 |             38 |         2.38 |
|  clk_IBUF_BUFG | u_tensor/matrix_engine/accel/simd/SIMD_LANES[5].lane/res[37]_i_1__4_n_0    | u_tensor/matrix_engine/accel/fsm/accel_start_reg                        |               13 |             38 |         2.92 |
|  clk_IBUF_BUFG | u_tensor/matrix_engine/accel/simd/SIMD_LANES[5].lane/id01_out              | u_tensor/matrix_engine/accel/fsm/accel_start_reg                        |               12 |             38 |         3.17 |
|  clk_IBUF_BUFG | u_tensor/matrix_engine/accel/simd/SIMD_LANES[4].lane/res[37]_i_1__3_n_0    | u_tensor/matrix_engine/accel/fsm/accel_start_reg                        |               10 |             38 |         3.80 |
|  clk_IBUF_BUFG | u_tensor/matrix_engine/accel/simd/SIMD_LANES[4].lane/id01_out              | u_tensor/matrix_engine/accel/fsm/accel_start_reg                        |               15 |             38 |         2.53 |
|  clk_IBUF_BUFG | u_tensor/matrix_engine/accel/simd/SIMD_LANES[3].lane/id01_out              | u_tensor/matrix_engine/accel/fsm/accel_start_reg                        |               12 |             38 |         3.17 |
|  clk_IBUF_BUFG | u_tensor/matrix_engine/accel/simd/SIMD_LANES[3].lane/res[37]_i_1__2_n_0    | u_tensor/matrix_engine/accel/fsm/accel_start_reg                        |               12 |             38 |         3.17 |
|  clk_IBUF_BUFG | u_tensor/matrix_engine/accel/simd/SIMD_LANES[1].lane/res[37]_i_1__0_n_0    | u_tensor/matrix_engine/accel/fsm/accel_start_reg                        |               10 |             38 |         3.80 |
|  clk_IBUF_BUFG | u_tensor/matrix_engine/accel/simd/SIMD_LANES[1].lane/id01_out              | u_tensor/matrix_engine/accel/fsm/accel_start_reg                        |               15 |             38 |         2.53 |
|  clk_IBUF_BUFG | u_tensor/matrix_engine/accel/simd/SIMD_LANES[15].lane/res[37]_i_1__14_n_0  | u_tensor/matrix_engine/accel/fsm/accel_start_reg                        |               12 |             38 |         3.17 |
|  clk_IBUF_BUFG | u_tensor/matrix_engine/accel/simd/SIMD_LANES[15].lane/id01_out             | u_tensor/matrix_engine/accel/fsm/accel_start_reg                        |               12 |             38 |         3.17 |
|  clk_IBUF_BUFG | u_tensor/matrix_engine/accel/simd/SIMD_LANES[2].lane/id01_out              | u_tensor/matrix_engine/accel/fsm/accel_start_reg                        |               13 |             38 |         2.92 |
|  clk_IBUF_BUFG | u_tensor/matrix_engine/accel/simd/SIMD_LANES[2].lane/res[37]_i_1__1_n_0    | u_tensor/matrix_engine/accel/fsm/accel_start_reg                        |                8 |             38 |         4.75 |
|  clk_IBUF_BUFG | u_tensor/matrix_engine/accel/TILE_BUFFERS_B[0].b_buf/state_reg[1]_0        |                                                                         |               11 |             44 |         4.00 |
|  clk_IBUF_BUFG | u_tensor/matrix_engine/accel/TILE_BUFFERS_B[12].b_buf/load_lane_reg_2_sn_1 |                                                                         |               11 |             44 |         4.00 |
|  clk_IBUF_BUFG | u_tensor/matrix_engine/accel/TILE_BUFFERS_B[6].b_buf/load_lane_reg_0_sn_1  |                                                                         |               11 |             44 |         4.00 |
|  clk_IBUF_BUFG | u_tensor/matrix_engine/accel/TILE_BUFFERS_B[5].b_buf/load_lane_reg_0_sn_1  |                                                                         |               11 |             44 |         4.00 |
|  clk_IBUF_BUFG | u_tensor/matrix_engine/accel/TILE_BUFFERS_B[7].b_buf/load_lane_reg[0]_0    |                                                                         |               11 |             44 |         4.00 |
|  clk_IBUF_BUFG | u_tensor/matrix_engine/accel/TILE_BUFFERS_B[4].b_buf/we                    |                                                                         |               11 |             44 |         4.00 |
|  clk_IBUF_BUFG | u_tensor/matrix_engine/accel/TILE_BUFFERS_B[2].b_buf/load_lane_reg_0_sn_1  |                                                                         |               11 |             44 |         4.00 |
|  clk_IBUF_BUFG | u_tensor/matrix_engine/accel/TILE_BUFFERS_B[15].b_buf/load_lane_reg_2_sn_1 |                                                                         |               11 |             44 |         4.00 |
|  clk_IBUF_BUFG | u_tensor/matrix_engine/accel/TILE_BUFFERS_B[1].b_buf/we                    |                                                                         |               11 |             44 |         4.00 |
|  clk_IBUF_BUFG | u_tensor/matrix_engine/accel/TILE_BUFFERS_B[3].b_buf/load_lane_reg_0_sn_1  |                                                                         |               11 |             44 |         4.00 |
|  clk_IBUF_BUFG | u_tensor/matrix_engine/accel/TILE_BUFFERS_B[13].b_buf/we                   |                                                                         |               11 |             44 |         4.00 |
|  clk_IBUF_BUFG | u_tensor/matrix_engine/accel/TILE_BUFFERS_B[14].b_buf/we                   |                                                                         |               11 |             44 |         4.00 |
|  clk_IBUF_BUFG | u_tensor/matrix_engine/accel/TILE_BUFFERS_B[11].b_buf/load_lane_reg_2_sn_1 |                                                                         |               11 |             44 |         4.00 |
|  clk_IBUF_BUFG | u_tensor/matrix_engine/accel/TILE_BUFFERS_B[10].b_buf/load_lane_reg_2_sn_1 |                                                                         |               11 |             44 |         4.00 |
|  clk_IBUF_BUFG | u_tensor/matrix_engine/accel/TILE_BUFFERS_B[8].b_buf/load_lane_reg_2_sn_1  |                                                                         |               11 |             44 |         4.00 |
|  clk_IBUF_BUFG | u_tensor/matrix_engine/accel/TILE_BUFFERS_B[9].b_buf/load_lane_reg_2_sn_1  |                                                                         |               11 |             44 |         4.00 |
|  clk_IBUF_BUFG |                                                                            | u_tensor/matrix_engine/accel/fsm/rst_l                                  |               34 |             55 |         1.62 |
|  clk_IBUF_BUFG | u_tensor/matrix_engine/accum_col_r                                         | u_tensor/matrix_engine/accel/fsm/rst_l                                  |               24 |             64 |         2.67 |
|  clk_IBUF_BUFG | u_tensor/matrix_engine/accel/fsm/FSM_onehot_state_reg[2]_1[0]              | u_tensor/matrix_engine/accel/fsm/rst_l                                  |               20 |             64 |         3.20 |
+----------------+----------------------------------------------------------------------------+-------------------------------------------------------------------------+------------------+----------------+--------------+


