
*** Running vivado
    with args -log uart_tensor_bridge.vds -m64 -product Vivado -mode batch -messageDb vivado.pb -notrace -source uart_tensor_bridge.tcl


WARNING: Default location for XILINX_HLS not found

****** Vivado v2025.1 (64-bit)
  **** SW Build 6140274 on Thu May 22 00:12:29 MDT 2025
  **** IP Build 6138677 on Thu May 22 03:10:11 MDT 2025
  **** SharedData Build 6139179 on Tue May 20 17:58:58 MDT 2025
  **** Start of session at: Fri Mar 27 17:33:51 2026
    ** Copyright 1986-2022 Xilinx, Inc. All Rights Reserved.
    ** Copyright 2022-2025 Advanced Micro Devices, Inc. All Rights Reserved.

source uart_tensor_bridge.tcl -notrace
create_project: Time (s): cpu = 00:00:15 ; elapsed = 00:00:12 . Memory (MB): peak = 492.152 ; gain = 211.031
Command: read_checkpoint -auto_incremental -incremental C:/Users/kpcha/Desktop/College/DSD/Ver2_6/Ver2_6.srcs/utils_1/imports/synth_1/tensor_top.dcp
INFO: [Vivado 12-5825] Read reference checkpoint from C:/Users/kpcha/Desktop/College/DSD/Ver2_6/Ver2_6.srcs/utils_1/imports/synth_1/tensor_top.dcp for incremental synthesis
INFO: [Vivado 12-7989] Please ensure there are no constraint changes
Command: synth_design -top uart_tensor_bridge -part xc7a100tcsg324-1
Starting synth_design
Attempting to get a license for feature 'Synthesis' and/or device 'xc7a100t'
INFO: [Common 17-349] Got license for feature 'Synthesis' and/or device 'xc7a100t'
INFO: [Device 21-403] Loading part xc7a100tcsg324-1
INFO: [Synth 8-7079] Multithreading enabled for synth_design using a maximum of 2 processes.
INFO: [Synth 8-7078] Launching helper process for spawning children vivado processes
INFO: [Synth 8-7075] Helper process launched with PID 1888
---------------------------------------------------------------------------------
Starting RTL Elaboration : Time (s): cpu = 00:00:07 ; elapsed = 00:00:08 . Memory (MB): peak = 1193.281 ; gain = 494.574
---------------------------------------------------------------------------------
INFO: [Synth 8-6157] synthesizing module 'uart_tensor_bridge' [C:/Users/kpcha/Desktop/College/DSD/Ver2_6/Ver2_6.srcs/sources_1/new/uart_tensor_bridge.sv:74]
INFO: [Synth 8-6157] synthesizing module 'uart_rx' [C:/Users/kpcha/Desktop/College/DSD/Ver2_6/Ver2_6.srcs/sources_1/new/uart_rx.sv:23]
	Parameter CLKS_PER_BIT bound to: 868 - type: integer 
INFO: [Synth 8-6155] done synthesizing module 'uart_rx' (0#1) [C:/Users/kpcha/Desktop/College/DSD/Ver2_6/Ver2_6.srcs/sources_1/new/uart_rx.sv:23]
INFO: [Synth 8-6157] synthesizing module 'uart_tx' [C:/Users/kpcha/Desktop/College/DSD/Ver2_6/Ver2_6.srcs/sources_1/new/uart_tx.sv:23]
	Parameter CLKS_PER_BIT bound to: 868 - type: integer 
INFO: [Synth 8-155] case statement is not full and has no default [C:/Users/kpcha/Desktop/College/DSD/Ver2_6/Ver2_6.srcs/sources_1/new/uart_tx.sv:62]
INFO: [Synth 8-6155] done synthesizing module 'uart_tx' (0#1) [C:/Users/kpcha/Desktop/College/DSD/Ver2_6/Ver2_6.srcs/sources_1/new/uart_tx.sv:23]
INFO: [Synth 8-6157] synthesizing module 'tensor_top' [C:/Users/kpcha/Desktop/College/DSD/Ver2_6/Ver2_6.srcs/sources_1/new/tensor_top.v:22]
	Parameter WIDTH bound to: 16 - type: integer 
	Parameter MAX_DIM bound to: 16 - type: integer 
	Parameter N_MAX bound to: 16 - type: integer 
	Parameter LANES bound to: 8 - type: integer 
	Parameter TILE_R bound to: 2 - type: integer 
	Parameter TILE_C bound to: 4 - type: integer 
	Parameter ACC bound to: 36 - type: integer 
	Parameter DEPTH bound to: 256 - type: integer 
INFO: [Synth 8-6157] synthesizing module 'tensor_bram' [C:/Users/kpcha/Desktop/College/DSD/Ver2_6/Ver2_6.srcs/sources_1/new/tensor_bram.v:23]
	Parameter WIDTH bound to: 16 - type: integer 
	Parameter DEPTH bound to: 256 - type: integer 
INFO: [Synth 8-6155] done synthesizing module 'tensor_bram' (0#1) [C:/Users/kpcha/Desktop/College/DSD/Ver2_6/Ver2_6.srcs/sources_1/new/tensor_bram.v:23]
INFO: [Synth 8-6157] synthesizing module 'tensor_bram__parameterized0' [C:/Users/kpcha/Desktop/College/DSD/Ver2_6/Ver2_6.srcs/sources_1/new/tensor_bram.v:23]
	Parameter WIDTH bound to: 36 - type: integer 
	Parameter DEPTH bound to: 256 - type: integer 
INFO: [Synth 8-6155] done synthesizing module 'tensor_bram__parameterized0' (0#1) [C:/Users/kpcha/Desktop/College/DSD/Ver2_6/Ver2_6.srcs/sources_1/new/tensor_bram.v:23]
INFO: [Synth 8-6157] synthesizing module 'matrix_cont' [C:/Users/kpcha/Desktop/College/DSD/Ver2_6/Ver2_6.srcs/sources_1/new/matrix_cont.sv:22]
	Parameter WIDTH bound to: 16 - type: integer 
	Parameter N_MAX bound to: 16 - type: integer 
	Parameter LANES bound to: 8 - type: integer 
	Parameter TILE_R bound to: 2 - type: integer 
	Parameter TILE_C bound to: 4 - type: integer 
	Parameter MAX_DIM bound to: 16 - type: integer 
	Parameter ACC bound to: 36 - type: integer 
INFO: [Synth 8-6157] synthesizing module 'accel_top' [C:/Users/kpcha/Desktop/College/DSD/Ver2_6/Ver2_6.srcs/sources_1/new/accel_top.v:23]
	Parameter WIDTH bound to: 16 - type: integer 
	Parameter ACC bound to: 36 - type: integer 
	Parameter N_MAX bound to: 16 - type: integer 
	Parameter LANES bound to: 8 - type: integer 
INFO: [Synth 8-6157] synthesizing module 'accel_fsm' [C:/Users/kpcha/Desktop/College/DSD/Ver2_6/Ver2_6.srcs/sources_1/new/accel_fsm.v:23]
INFO: [Synth 8-6155] done synthesizing module 'accel_fsm' (0#1) [C:/Users/kpcha/Desktop/College/DSD/Ver2_6/Ver2_6.srcs/sources_1/new/accel_fsm.v:23]
INFO: [Synth 8-6157] synthesizing module 'simd_array' [C:/Users/kpcha/Desktop/College/DSD/Ver2_6/Ver2_6.srcs/sources_1/new/simd_array.v:23]
	Parameter WIDTH bound to: 16 - type: integer 
	Parameter ACC bound to: 36 - type: integer 
	Parameter N_MAX bound to: 16 - type: integer 
	Parameter LANES bound to: 8 - type: integer 
INFO: [Synth 8-6157] synthesizing module 'vector_lane' [C:/Users/kpcha/Desktop/College/DSD/Ver2_6/Ver2_6.srcs/sources_1/new/vector_lane.v:23]
	Parameter WIDTH bound to: 16 - type: integer 
	Parameter ACC bound to: 36 - type: integer 
	Parameter N_MAX bound to: 16 - type: integer 
INFO: [Synth 8-6157] synthesizing module 'mac' [C:/Users/kpcha/Desktop/College/DSD/Ver2_6/Ver2_6.srcs/sources_1/new/mac.v:23]
	Parameter WIDTH bound to: 16 - type: integer 
	Parameter ACC bound to: 36 - type: integer 
INFO: [Synth 8-6155] done synthesizing module 'mac' (0#1) [C:/Users/kpcha/Desktop/College/DSD/Ver2_6/Ver2_6.srcs/sources_1/new/mac.v:23]
INFO: [Synth 8-6155] done synthesizing module 'vector_lane' (0#1) [C:/Users/kpcha/Desktop/College/DSD/Ver2_6/Ver2_6.srcs/sources_1/new/vector_lane.v:23]
INFO: [Synth 8-6155] done synthesizing module 'simd_array' (0#1) [C:/Users/kpcha/Desktop/College/DSD/Ver2_6/Ver2_6.srcs/sources_1/new/simd_array.v:23]
INFO: [Synth 8-6155] done synthesizing module 'accel_top' (0#1) [C:/Users/kpcha/Desktop/College/DSD/Ver2_6/Ver2_6.srcs/sources_1/new/accel_top.v:23]
INFO: [Synth 8-155] case statement is not full and has no default [C:/Users/kpcha/Desktop/College/DSD/Ver2_6/Ver2_6.srcs/sources_1/new/matrix_cont.sv:130]
INFO: [Synth 8-6155] done synthesizing module 'matrix_cont' (0#1) [C:/Users/kpcha/Desktop/College/DSD/Ver2_6/Ver2_6.srcs/sources_1/new/matrix_cont.sv:22]
INFO: [Synth 8-155] case statement is not full and has no default [C:/Users/kpcha/Desktop/College/DSD/Ver2_6/Ver2_6.srcs/sources_1/new/tensor_top.v:201]
INFO: [Synth 8-6155] done synthesizing module 'tensor_top' (0#1) [C:/Users/kpcha/Desktop/College/DSD/Ver2_6/Ver2_6.srcs/sources_1/new/tensor_top.v:22]
INFO: [Synth 8-6155] done synthesizing module 'uart_tensor_bridge' (0#1) [C:/Users/kpcha/Desktop/College/DSD/Ver2_6/Ver2_6.srcs/sources_1/new/uart_tensor_bridge.sv:74]
WARNING: [Synth 8-11357] Potential Runtime issue for 3D-RAM or RAM from Record/Structs for RAM  C_reg with 9216 registers
WARNING: [Synth 8-6014] Unused sequential element tile_len_reg was removed.  [C:/Users/kpcha/Desktop/College/DSD/Ver2_6/Ver2_6.srcs/sources_1/new/matrix_cont.sv:161]
WARNING: [Synth 8-6014] Unused sequential element row_idx_reg was removed.  [C:/Users/kpcha/Desktop/College/DSD/Ver2_6/Ver2_6.srcs/sources_1/new/matrix_cont.sv:168]
WARNING: [Synth 8-6014] Unused sequential element col_idx_reg was removed.  [C:/Users/kpcha/Desktop/College/DSD/Ver2_6/Ver2_6.srcs/sources_1/new/matrix_cont.sv:169]
---------------------------------------------------------------------------------
Finished RTL Elaboration : Time (s): cpu = 00:00:25 ; elapsed = 00:00:28 . Memory (MB): peak = 2275.555 ; gain = 1576.848
---------------------------------------------------------------------------------
---------------------------------------------------------------------------------
Start Handling Custom Attributes
---------------------------------------------------------------------------------
---------------------------------------------------------------------------------
Finished Handling Custom Attributes : Time (s): cpu = 00:00:26 ; elapsed = 00:00:29 . Memory (MB): peak = 2275.555 ; gain = 1576.848
---------------------------------------------------------------------------------
---------------------------------------------------------------------------------
Finished RTL Optimization Phase 1 : Time (s): cpu = 00:00:26 ; elapsed = 00:00:29 . Memory (MB): peak = 2275.555 ; gain = 1576.848
---------------------------------------------------------------------------------
Netlist sorting complete. Time (s): cpu = 00:00:02 ; elapsed = 00:00:02 . Memory (MB): peak = 2275.555 ; gain = 0.000
INFO: [Project 1-570] Preparing netlist for logic optimization

Processing XDC Constraints
Initializing timing engine
Parsing XDC File [C:/Users/kpcha/Desktop/College/DSD/Ver2_6/Ver2_6.srcs/constrs_1/new/temp.xdc]
Finished Parsing XDC File [C:/Users/kpcha/Desktop/College/DSD/Ver2_6/Ver2_6.srcs/constrs_1/new/temp.xdc]
INFO: [Project 1-236] Implementation specific constraints were found while reading constraint file [C:/Users/kpcha/Desktop/College/DSD/Ver2_6/Ver2_6.srcs/constrs_1/new/temp.xdc]. These constraints will be ignored for synthesis but will be used in implementation. Impacted constraints are listed in the file [.Xil/uart_tensor_bridge_propImpl.xdc].
Resolution: To avoid this warning, move constraints listed in [.Xil/uart_tensor_bridge_propImpl.xdc] to another XDC file and exclude this new file from synthesis with the used_in_synthesis property (File Properties dialog in GUI) and re-run elaboration/synthesis.
Completed Processing XDC Constraints

Netlist sorting complete. Time (s): cpu = 00:00:00 ; elapsed = 00:00:00.053 . Memory (MB): peak = 2627.086 ; gain = 0.000
INFO: [Project 1-111] Unisim Transformation Summary:
No Unisim elements were transformed.

---------------------------------------------------------------------------------
Finished Constraint Validation : Time (s): cpu = 00:01:13 ; elapsed = 00:01:16 . Memory (MB): peak = 2627.086 ; gain = 1928.379
---------------------------------------------------------------------------------
---------------------------------------------------------------------------------
Start Loading Part and Timing Information
---------------------------------------------------------------------------------
Loading part: xc7a100tcsg324-1
---------------------------------------------------------------------------------
Finished Loading Part and Timing Information : Time (s): cpu = 00:01:13 ; elapsed = 00:01:16 . Memory (MB): peak = 2627.086 ; gain = 1928.379
---------------------------------------------------------------------------------
---------------------------------------------------------------------------------
Start Applying 'set_property' XDC Constraints
---------------------------------------------------------------------------------
---------------------------------------------------------------------------------
Finished applying 'set_property' XDC Constraints : Time (s): cpu = 00:01:14 ; elapsed = 00:01:16 . Memory (MB): peak = 2627.086 ; gain = 1928.379
---------------------------------------------------------------------------------
---------------------------------------------------------------------------------
Start Preparing Guide Design
---------------------------------------------------------------------------------
CRITICAL WARNING: [Synth 8-6895] The reference checkpoint C:/Users/kpcha/Desktop/College/DSD/Ver2_6/Ver2_6.srcs/utils_1/imports/synth_1/tensor_top.dcp is not suitable for use with incremental synthesis for this design. Please regenerate the checkpoint for this design with -incremental_synth switch in the same Vivado session that synth_design has been run. Synthesis will continue with the default flow
---------------------------------------------------------------------------------
Finished Doing Graph Differ : Time (s): cpu = 00:01:16 ; elapsed = 00:01:19 . Memory (MB): peak = 2627.086 ; gain = 1928.379
---------------------------------------------------------------------------------
---------------------------------------------------------------------------------
Finished Preparing Guide Design : Time (s): cpu = 00:01:16 ; elapsed = 00:01:19 . Memory (MB): peak = 2627.086 ; gain = 1928.379
---------------------------------------------------------------------------------
INFO: [Synth 8-802] inferred FSM for state register 'r_SM_Main_reg' in module 'uart_rx'
INFO: [Synth 8-802] inferred FSM for state register 'r_SM_Main_reg' in module 'uart_tx'
INFO: [Synth 8-802] inferred FSM for state register 'state_reg' in module 'accel_fsm'
INFO: [Synth 8-802] inferred FSM for state register 'state_reg' in module 'matrix_cont'
INFO: [Synth 8-802] inferred FSM for state register 'state_reg' in module 'tensor_top'
INFO: [Synth 8-802] inferred FSM for state register 'state_reg' in module 'uart_tensor_bridge'
---------------------------------------------------------------------------------------------------
                   State |                     New Encoding |                Previous Encoding 
---------------------------------------------------------------------------------------------------
                    IDLE |                            00001 |                              000
            RX_START_BIT |                            00010 |                              001
            RX_DATA_BITS |                            00100 |                              010
             RX_STOP_BIT |                            01000 |                              011
                 CLEANUP |                            10000 |                              100
---------------------------------------------------------------------------------------------------
INFO: [Synth 8-3354] encoded FSM with state register 'r_SM_Main_reg' using encoding 'one-hot' in module 'uart_rx'
---------------------------------------------------------------------------------------------------
                   State |                     New Encoding |                Previous Encoding 
---------------------------------------------------------------------------------------------------
                    IDLE |                              000 |                              000
            TX_START_BIT |                              001 |                              001
            TX_DATA_BITS |                              010 |                              010
             TX_STOP_BIT |                              011 |                              011
                 CLEANUP |                              100 |                              100
---------------------------------------------------------------------------------------------------
INFO: [Synth 8-3354] encoded FSM with state register 'r_SM_Main_reg' using encoding 'sequential' in module 'uart_tx'
INFO: [Synth 8-3971] The signal "tensor_bram:/mem_reg" was recognized as a true dual port RAM template.
INFO: [Synth 8-3971] The signal "tensor_bram__parameterized0:/mem_reg" was recognized as a true dual port RAM template.
---------------------------------------------------------------------------------------------------
                   State |                     New Encoding |                Previous Encoding 
---------------------------------------------------------------------------------------------------
                    IDLE |                             0001 |                               00
                    INIT |                             0010 |                               01
                     RUN |                             0100 |                               10
                    DONE |                             1000 |                               11
---------------------------------------------------------------------------------------------------
INFO: [Synth 8-3354] encoded FSM with state register 'state_reg' using encoding 'one-hot' in module 'accel_fsm'
---------------------------------------------------------------------------------------------------
                   State |                     New Encoding |                Previous Encoding 
---------------------------------------------------------------------------------------------------
                    IDLE |                        000000001 |                             0000
                    LOAD |                        000000010 |                             0001
                   START |                        000000100 |                             0010
                   PAUSE |                        000001000 |                             0011
                   ACCUM |                        000010000 |                             0100
                  NEXT_K |                        000100000 |                             0101
                NEXT_COL |                        001000000 |                             0110
                NEXT_ROW |                        010000000 |                             0111
                  FINISH |                        100000000 |                             1000
---------------------------------------------------------------------------------------------------
INFO: [Synth 8-3354] encoded FSM with state register 'state_reg' using encoding 'one-hot' in module 'matrix_cont'
---------------------------------------------------------------------------------------------------
                   State |                     New Encoding |                Previous Encoding 
---------------------------------------------------------------------------------------------------
                    IDLE |                    0000000000001 |                             0000
             LOAD_A_ADDR |                    0000000000010 |                             0001
             LOAD_A_WAIT |                    0000000000100 |                             0010
            LOAD_A_STORE |                    0000000001000 |                             0011
             LOAD_B_ADDR |                    0000000010000 |                             0100
             LOAD_B_WAIT |                    0000000100000 |                             0101
            LOAD_B_STORE |                    0000001000000 |                             0110
                   START |                    0000010000000 |                             0111
                   PAUSE |                    0000100000000 |                             1000
             STORE_SETUP |                    0001000000000 |                             1001
               STORE_ARM |                    0010000000000 |                             1010
            STORE_COMMIT |                    0100000000000 |                             1011
                    DONE |                    1000000000000 |                             1100
---------------------------------------------------------------------------------------------------
INFO: [Synth 8-3354] encoded FSM with state register 'state_reg' using encoding 'one-hot' in module 'tensor_top'
---------------------------------------------------------------------------------------------------
                   State |                     New Encoding |                Previous Encoding 
---------------------------------------------------------------------------------------------------
                    IDLE |                00000000000000001 |                            00000
               RECV_ADDR |                00000000000000010 |                            00001
            RECV_DATA_HI |                00000000000000100 |                            00010
            RECV_DATA_LO |                00000000000001000 |                            00011
                WR_ISSUE |                00000000000010000 |                            01000
             WR_DEASSERT |                00000000000100000 |                            01001
                 RD_ADDR |                00000000001000000 |                            01100
                 RD_WAIT |                00000000010000000 |                            01101
               RD_SAMPLE |                00000000100000000 |                            01110
                 RECV_OP |                00000001000000000 |                            00100
                  RECV_M |                00000010000000000 |                            00101
                  RECV_K |                00000100000000000 |                            00110
                  RECV_N |                00001000000000000 |                            00111
               RUN_PULSE |                00010000000000000 |                            01010
                RUN_WAIT |                00100000000000000 |                            01011
                 TX_WAIT |                01000000000000000 |                            10000
                 TX_LOAD |                10000000000000000 |                            01111
---------------------------------------------------------------------------------------------------
INFO: [Synth 8-3354] encoded FSM with state register 'state_reg' using encoding 'one-hot' in module 'uart_tensor_bridge'
---------------------------------------------------------------------------------
Finished RTL Optimization Phase 2 : Time (s): cpu = 00:01:47 ; elapsed = 00:01:54 . Memory (MB): peak = 2627.086 ; gain = 1928.379
---------------------------------------------------------------------------------


Incremental Synthesis Report Summary:

1. Incremental synthesis run: no

   Reason for not running incremental synthesis : 


INFO: [Synth 8-7130] Flow is switching to default flow due to incremental criteria not met. If you would like to alter this behaviour and have the flow terminate instead, please set the following parameter config_implementation {autoIncr.Synth.RejectBehavior Terminate}
---------------------------------------------------------------------------------
Start RTL Component Statistics 
---------------------------------------------------------------------------------
Detailed RTL Component Info : 
+---Adders : 
	   2 Input   36 Bit       Adders := 16    
	   3 Input   33 Bit       Adders := 2     
	   2 Input   32 Bit       Adders := 21    
	   3 Input   32 Bit       Adders := 2     
	   2 Input   10 Bit       Adders := 2     
	   2 Input    4 Bit       Adders := 9     
	   2 Input    3 Bit       Adders := 2     
+---Registers : 
	               36 Bit    Registers := 276   
	               32 Bit    Registers := 2     
	               16 Bit    Registers := 1031  
	               11 Bit    Registers := 1     
	               10 Bit    Registers := 1     
	                8 Bit    Registers := 11    
	                5 Bit    Registers := 4     
	                4 Bit    Registers := 9     
	                3 Bit    Registers := 3     
	                1 Bit    Registers := 21    
+---RAMs : 
	               9K Bit	(256 X 36 bit)          RAMs := 1     
	               4K Bit	(256 X 16 bit)          RAMs := 2     
+---Muxes : 
	   9 Input   36 Bit        Muxes := 256   
	   2 Input   36 Bit        Muxes := 10464 
	   6 Input   36 Bit        Muxes := 8     
	   9 Input   32 Bit        Muxes := 3     
	   2 Input   32 Bit        Muxes := 6     
	  13 Input   32 Bit        Muxes := 2     
	  17 Input   17 Bit        Muxes := 1     
	   5 Input   17 Bit        Muxes := 1     
	   3 Input   17 Bit        Muxes := 1     
	   2 Input   17 Bit        Muxes := 1     
	   2 Input   16 Bit        Muxes := 612   
	   6 Input   16 Bit        Muxes := 8     
	  17 Input   16 Bit        Muxes := 2     
	  13 Input   13 Bit        Muxes := 1     
	   2 Input   13 Bit        Muxes := 7     
	   5 Input   11 Bit        Muxes := 1     
	   5 Input   10 Bit        Muxes := 1     
	   9 Input    9 Bit        Muxes := 1     
	   2 Input    9 Bit        Muxes := 4     
	   2 Input    8 Bit        Muxes := 2     
	   5 Input    8 Bit        Muxes := 1     
	  17 Input    8 Bit        Muxes := 1     
	   2 Input    5 Bit        Muxes := 5     
	   5 Input    5 Bit        Muxes := 1     
	  17 Input    4 Bit        Muxes := 1     
	   2 Input    3 Bit        Muxes := 2     
	   5 Input    3 Bit        Muxes := 3     
	   2 Input    1 Bit        Muxes := 5857  
	   9 Input    1 Bit        Muxes := 263   
	   3 Input    1 Bit        Muxes := 1     
	   4 Input    1 Bit        Muxes := 2     
	  13 Input    1 Bit        Muxes := 517   
	   5 Input    1 Bit        Muxes := 12    
	  17 Input    1 Bit        Muxes := 16    
---------------------------------------------------------------------------------
Finished RTL Component Statistics 
---------------------------------------------------------------------------------
---------------------------------------------------------------------------------
Start Part Resource Summary
---------------------------------------------------------------------------------
Part Resources:
DSPs: 240 (col length:80)
BRAMs: 270 (col length: RAMB18 80 RAMB36 40)
---------------------------------------------------------------------------------
Finished Part Resource Summary
---------------------------------------------------------------------------------
---------------------------------------------------------------------------------
Start Cross Boundary and Area Optimization
---------------------------------------------------------------------------------
DSP Report: Generating DSP mac_inst/acc_out, operation Mode is: C+A*B.
DSP Report: operator mac_inst/acc_out is absorbed into DSP mac_inst/acc_out.
DSP Report: operator mac_inst/acc_out0 is absorbed into DSP mac_inst/acc_out.
DSP Report: Generating DSP mac_inst/acc_out, operation Mode is: C+A*B.
DSP Report: operator mac_inst/acc_out is absorbed into DSP mac_inst/acc_out.
DSP Report: operator mac_inst/acc_out0 is absorbed into DSP mac_inst/acc_out.
DSP Report: Generating DSP mac_inst/acc_out, operation Mode is: C+A*B.
DSP Report: operator mac_inst/acc_out is absorbed into DSP mac_inst/acc_out.
DSP Report: operator mac_inst/acc_out0 is absorbed into DSP mac_inst/acc_out.
DSP Report: Generating DSP mac_inst/acc_out, operation Mode is: C+A*B.
DSP Report: operator mac_inst/acc_out is absorbed into DSP mac_inst/acc_out.
DSP Report: operator mac_inst/acc_out0 is absorbed into DSP mac_inst/acc_out.
DSP Report: Generating DSP mac_inst/acc_out, operation Mode is: C+A*B.
DSP Report: operator mac_inst/acc_out is absorbed into DSP mac_inst/acc_out.
DSP Report: operator mac_inst/acc_out0 is absorbed into DSP mac_inst/acc_out.
DSP Report: Generating DSP mac_inst/acc_out, operation Mode is: C+A*B.
DSP Report: operator mac_inst/acc_out is absorbed into DSP mac_inst/acc_out.
DSP Report: operator mac_inst/acc_out0 is absorbed into DSP mac_inst/acc_out.
DSP Report: Generating DSP mac_inst/acc_out, operation Mode is: C+A*B.
DSP Report: operator mac_inst/acc_out is absorbed into DSP mac_inst/acc_out.
DSP Report: operator mac_inst/acc_out0 is absorbed into DSP mac_inst/acc_out.
DSP Report: Generating DSP mac_inst/acc_out, operation Mode is: C+A*B.
DSP Report: operator mac_inst/acc_out is absorbed into DSP mac_inst/acc_out.
DSP Report: operator mac_inst/acc_out0 is absorbed into DSP mac_inst/acc_out.
INFO: [Synth 8-4471] merging register 'j_reg[31:0]' into 'j_reg[31:0]' [C:/Users/kpcha/Desktop/College/DSD/Ver2_6/Ver2_6.srcs/sources_1/new/tensor_top.v:196]
WARNING: [Synth 8-6014] Unused sequential element bram_A/mem_reg was removed. 
INFO: [Synth 8-4652] Swapped enable and write-enable on 1 RAM instances of RAM bram_A/mem_reg to conserve power
WARNING: [Synth 8-6014] Unused sequential element bram_B/mem_reg was removed. 
INFO: [Synth 8-4652] Swapped enable and write-enable on 1 RAM instances of RAM bram_B/mem_reg to conserve power
WARNING: [Synth 8-6014] Unused sequential element bram_C/mem_reg was removed. 
INFO: [Synth 8-3886] merging instance 'i_reg[3]__0' (FDRE) to 'i_reg[3]'
INFO: [Synth 8-3886] merging instance 'i_reg[0]__0' (FDRE) to 'i_reg[0]'
INFO: [Synth 8-3886] merging instance 'i_reg[1]__0' (FDRE) to 'i_reg[1]'
INFO: [Synth 8-3886] merging instance 'i_reg[2]__0' (FDRE) to 'i_reg[2]'
INFO: [Synth 8-3886] merging instance 'i_reg[4]__0' (FDRE) to 'i_reg[4]'
INFO: [Synth 8-3886] merging instance 'i_reg[5]__0' (FDRE) to 'i_reg[5]'
INFO: [Synth 8-3886] merging instance 'i_reg[6]__0' (FDRE) to 'i_reg[6]'
INFO: [Synth 8-3886] merging instance 'i_reg[7]__0' (FDRE) to 'i_reg[7]'
INFO: [Synth 8-3886] merging instance 'i_reg[8]__0' (FDRE) to 'i_reg[8]'
INFO: [Synth 8-3886] merging instance 'i_reg[9]__0' (FDRE) to 'i_reg[9]'
INFO: [Synth 8-3886] merging instance 'i_reg[10]__0' (FDRE) to 'i_reg[10]'
INFO: [Synth 8-3886] merging instance 'i_reg[11]__0' (FDRE) to 'i_reg[11]'
INFO: [Synth 8-3886] merging instance 'i_reg[12]__0' (FDRE) to 'i_reg[12]'
INFO: [Synth 8-3886] merging instance 'i_reg[13]__0' (FDRE) to 'i_reg[13]'
INFO: [Synth 8-3886] merging instance 'i_reg[14]__0' (FDRE) to 'i_reg[14]'
INFO: [Synth 8-3886] merging instance 'i_reg[15]__0' (FDRE) to 'i_reg[15]'
INFO: [Synth 8-3886] merging instance 'i_reg[16]__0' (FDRE) to 'i_reg[16]'
INFO: [Synth 8-3886] merging instance 'i_reg[17]__0' (FDRE) to 'i_reg[17]'
INFO: [Synth 8-3886] merging instance 'i_reg[18]__0' (FDRE) to 'i_reg[18]'
INFO: [Synth 8-3886] merging instance 'i_reg[19]__0' (FDRE) to 'i_reg[19]'
INFO: [Synth 8-3886] merging instance 'i_reg[20]__0' (FDRE) to 'i_reg[20]'
INFO: [Synth 8-3886] merging instance 'i_reg[21]__0' (FDRE) to 'i_reg[21]'
INFO: [Synth 8-3886] merging instance 'i_reg[22]__0' (FDRE) to 'i_reg[22]'
INFO: [Synth 8-3886] merging instance 'i_reg[23]__0' (FDRE) to 'i_reg[23]'
INFO: [Synth 8-3886] merging instance 'i_reg[24]__0' (FDRE) to 'i_reg[24]'
INFO: [Synth 8-3886] merging instance 'i_reg[25]__0' (FDRE) to 'i_reg[25]'
INFO: [Synth 8-3886] merging instance 'i_reg[26]__0' (FDRE) to 'i_reg[26]'
INFO: [Synth 8-3886] merging instance 'i_reg[27]__0' (FDRE) to 'i_reg[27]'
INFO: [Synth 8-3886] merging instance 'i_reg[28]__0' (FDRE) to 'i_reg[28]'
INFO: [Synth 8-3886] merging instance 'i_reg[29]__0' (FDRE) to 'i_reg[29]'
INFO: [Synth 8-3886] merging instance 'i_reg[30]__0' (FDRE) to 'i_reg[30]'
INFO: [Synth 8-3886] merging instance 'i_reg[31]__0' (FDRE) to 'i_reg[31]'
---------------------------------------------------------------------------------
Finished Cross Boundary and Area Optimization : Time (s): cpu = 00:05:03 ; elapsed = 00:05:21 . Memory (MB): peak = 2627.086 ; gain = 1928.379
---------------------------------------------------------------------------------
 Sort Area is matrix_cont__GB16 mac_inst/acc_out_0 : 0 0 : 2049 2049 : Used 1 time 0
 Sort Area is matrix_cont__GB16 mac_inst/acc_out_2 : 0 0 : 2049 2049 : Used 1 time 0
 Sort Area is matrix_cont__GB16 mac_inst/acc_out_3 : 0 0 : 2049 2049 : Used 1 time 0
 Sort Area is matrix_cont__GB16 mac_inst/acc_out_4 : 0 0 : 2049 2049 : Used 1 time 0
 Sort Area is matrix_cont__GB16 mac_inst/acc_out_5 : 0 0 : 2049 2049 : Used 1 time 0
 Sort Area is matrix_cont__GB16 mac_inst/acc_out_6 : 0 0 : 2049 2049 : Used 1 time 0
 Sort Area is matrix_cont__GB16 mac_inst/acc_out_7 : 0 0 : 2049 2049 : Used 1 time 0
 Sort Area is matrix_cont__GB16 mac_inst/acc_out_8 : 0 0 : 2049 2049 : Used 1 time 0
---------------------------------------------------------------------------------
Start ROM, RAM, DSP, Shift Register and Retiming Reporting
---------------------------------------------------------------------------------

Block RAM: Preliminary Mapping Report (see note below)
+----------------+----------------+------------------------+---+---+------------------------+---+---+------------------+--------+--------+
|Module Name     | RTL Object     | PORT A (Depth x Width) | W | R | PORT B (Depth x Width) | W | R | Ports driving FF | RAMB18 | RAMB36 | 
+----------------+----------------+------------------------+---+---+------------------------+---+---+------------------+--------+--------+
|tensor_top__GC0 | bram_A/mem_reg | 256 x 16(READ_FIRST)   | W |   | 256 x 16(WRITE_FIRST)  |   | R | Port A and B     | 1      | 0      | 
|tensor_top__GC0 | bram_B/mem_reg | 256 x 16(READ_FIRST)   | W |   | 256 x 16(WRITE_FIRST)  |   | R | Port A and B     | 1      | 0      | 
|tensor_top__GC0 | bram_C/mem_reg | 256 x 36(READ_FIRST)   | W |   | 256 x 36(WRITE_FIRST)  |   | R | Port A and B     | 1      | 0      | 
+----------------+----------------+------------------------+---+---+------------------------+---+---+------------------+--------+--------+

Note: The table above is a preliminary report that shows the Block RAMs at the current stage of the synthesis flow. Some Block RAMs may be reimplemented as non Block RAM primitives later in the synthesis flow. Multiple instantiated Block RAMs are reported only once. 

DSP: Preliminary Mapping Report (see note below. The ' indicates corresponding REG is set)
+------------+-------------+--------+--------+--------+--------+--------+------+------+------+------+-------+------+------+
|Module Name | DSP Mapping | A Size | B Size | C Size | D Size | P Size | AREG | BREG | CREG | DREG | ADREG | MREG | PREG | 
+------------+-------------+--------+--------+--------+--------+--------+------+------+------+------+-------+------+------+
|mac         | C+A*B       | 16     | 16     | 36     | -      | 36     | 0    | 0    | 0    | -    | -     | 0    | 0    | 
|mac         | C+A*B       | 16     | 16     | 36     | -      | 36     | 0    | 0    | 0    | -    | -     | 0    | 0    | 
|mac         | C+A*B       | 16     | 16     | 36     | -      | 36     | 0    | 0    | 0    | -    | -     | 0    | 0    | 
|mac         | C+A*B       | 16     | 16     | 36     | -      | 36     | 0    | 0    | 0    | -    | -     | 0    | 0    | 
|mac         | C+A*B       | 16     | 16     | 36     | -      | 36     | 0    | 0    | 0    | -    | -     | 0    | 0    | 
|mac         | C+A*B       | 16     | 16     | 36     | -      | 36     | 0    | 0    | 0    | -    | -     | 0    | 0    | 
|mac         | C+A*B       | 16     | 16     | 36     | -      | 36     | 0    | 0    | 0    | -    | -     | 0    | 0    | 
|mac         | C+A*B       | 16     | 16     | 36     | -      | 36     | 0    | 0    | 0    | -    | -     | 0    | 0    | 
+------------+-------------+--------+--------+--------+--------+--------+------+------+------+------+-------+------+------+

Note: The table above is a preliminary report that shows the DSPs inferred at the current stage of the synthesis flow. Some DSP may be reimplemented as non DSP primitives later in the synthesis flow. Multiple instantiated DSPs are reported only once.
---------------------------------------------------------------------------------
Finished ROM, RAM, DSP, Shift Register and Retiming Reporting
---------------------------------------------------------------------------------
---------------------------------------------------------------------------------
Start Applying XDC Timing Constraints
---------------------------------------------------------------------------------
---------------------------------------------------------------------------------
Finished Applying XDC Timing Constraints : Time (s): cpu = 00:05:23 ; elapsed = 00:05:43 . Memory (MB): peak = 2627.086 ; gain = 1928.379
---------------------------------------------------------------------------------
---------------------------------------------------------------------------------
Start Timing Optimization
---------------------------------------------------------------------------------
---------------------------------------------------------------------------------
Finished Timing Optimization : Time (s): cpu = 00:18:15 ; elapsed = 00:19:06 . Memory (MB): peak = 3020.336 ; gain = 2321.629
---------------------------------------------------------------------------------
---------------------------------------------------------------------------------
Start ROM, RAM, DSP, Shift Register and Retiming Reporting
---------------------------------------------------------------------------------

Block RAM: Final Mapping Report
+----------------+----------------+------------------------+---+---+------------------------+---+---+------------------+--------+--------+
|Module Name     | RTL Object     | PORT A (Depth x Width) | W | R | PORT B (Depth x Width) | W | R | Ports driving FF | RAMB18 | RAMB36 | 
+----------------+----------------+------------------------+---+---+------------------------+---+---+------------------+--------+--------+
|tensor_top__GC0 | bram_A/mem_reg | 256 x 16(READ_FIRST)   | W |   | 256 x 16(WRITE_FIRST)  |   | R | Port A and B     | 1      | 0      | 
|tensor_top__GC0 | bram_B/mem_reg | 256 x 16(READ_FIRST)   | W |   | 256 x 16(WRITE_FIRST)  |   | R | Port A and B     | 1      | 0      | 
|tensor_top__GC0 | bram_C/mem_reg | 256 x 36(READ_FIRST)   | W |   | 256 x 36(WRITE_FIRST)  |   | R | Port A and B     | 1      | 0      | 
+----------------+----------------+------------------------+---+---+------------------------+---+---+------------------+--------+--------+

---------------------------------------------------------------------------------
Finished ROM, RAM, DSP, Shift Register and Retiming Reporting
---------------------------------------------------------------------------------
---------------------------------------------------------------------------------
Start Technology Mapping
---------------------------------------------------------------------------------
INFO: [Synth 8-7052] The timing for the instance u_tensori_32/u_tensor/bram_A/mem_reg (implemented as a Block RAM) might be sub-optimal as no optional output register could be merged into the ram block. Providing additional output register may help in improving timing.
INFO: [Synth 8-7052] The timing for the instance u_tensori_32/u_tensor/bram_B/mem_reg (implemented as a Block RAM) might be sub-optimal as no optional output register could be merged into the ram block. Providing additional output register may help in improving timing.
INFO: [Synth 8-7052] The timing for the instance u_tensori_32/u_tensor/bram_C/mem_reg (implemented as a Block RAM) might be sub-optimal as no optional output register could be merged into the ram block. Providing additional output register may help in improving timing.
---------------------------------------------------------------------------------
Finished Technology Mapping : Time (s): cpu = 00:21:13 ; elapsed = 00:22:39 . Memory (MB): peak = 3024.922 ; gain = 2326.215
---------------------------------------------------------------------------------
---------------------------------------------------------------------------------
Start IO Insertion
---------------------------------------------------------------------------------
---------------------------------------------------------------------------------
Start Flattening Before IO Insertion
---------------------------------------------------------------------------------
---------------------------------------------------------------------------------
Finished Flattening Before IO Insertion
---------------------------------------------------------------------------------
---------------------------------------------------------------------------------
Start Final Netlist Cleanup
---------------------------------------------------------------------------------
INFO: [Synth 8-7052] The timing for the instance u_tensor/bram_A/mem_reg (implemented as a Block RAM) might be sub-optimal as no optional output register could be merged into the ram block. Providing additional output register may help in improving timing.
INFO: [Synth 8-7052] The timing for the instance u_tensor/bram_B/mem_reg (implemented as a Block RAM) might be sub-optimal as no optional output register could be merged into the ram block. Providing additional output register may help in improving timing.
---------------------------------------------------------------------------------
Finished Final Netlist Cleanup
---------------------------------------------------------------------------------
---------------------------------------------------------------------------------
Finished IO Insertion : Time (s): cpu = 00:21:55 ; elapsed = 00:23:23 . Memory (MB): peak = 3024.922 ; gain = 2326.215
---------------------------------------------------------------------------------
---------------------------------------------------------------------------------
Start Renaming Generated Instances
---------------------------------------------------------------------------------
---------------------------------------------------------------------------------
Finished Renaming Generated Instances : Time (s): cpu = 00:21:56 ; elapsed = 00:23:24 . Memory (MB): peak = 3024.922 ; gain = 2326.215
---------------------------------------------------------------------------------
---------------------------------------------------------------------------------
Start Rebuilding User Hierarchy
---------------------------------------------------------------------------------
---------------------------------------------------------------------------------
Finished Rebuilding User Hierarchy : Time (s): cpu = 00:22:31 ; elapsed = 00:24:00 . Memory (MB): peak = 3024.922 ; gain = 2326.215
---------------------------------------------------------------------------------
---------------------------------------------------------------------------------
Start Renaming Generated Ports
---------------------------------------------------------------------------------
---------------------------------------------------------------------------------
Finished Renaming Generated Ports : Time (s): cpu = 00:22:44 ; elapsed = 00:24:14 . Memory (MB): peak = 3024.922 ; gain = 2326.215
---------------------------------------------------------------------------------
---------------------------------------------------------------------------------
Start Handling Custom Attributes
---------------------------------------------------------------------------------
---------------------------------------------------------------------------------
Finished Handling Custom Attributes : Time (s): cpu = 00:23:12 ; elapsed = 00:24:42 . Memory (MB): peak = 3024.922 ; gain = 2326.215
---------------------------------------------------------------------------------
---------------------------------------------------------------------------------
Start Renaming Generated Nets
---------------------------------------------------------------------------------
---------------------------------------------------------------------------------
Finished Renaming Generated Nets : Time (s): cpu = 00:23:13 ; elapsed = 00:24:43 . Memory (MB): peak = 3024.922 ; gain = 2326.215
---------------------------------------------------------------------------------
---------------------------------------------------------------------------------
Start Writing Synthesis Report
---------------------------------------------------------------------------------

DSP Final Report (the ' indicates corresponding REG is set)
+------------+-------------+--------+--------+--------+--------+--------+------+------+------+------+-------+------+------+
|Module Name | DSP Mapping | A Size | B Size | C Size | D Size | P Size | AREG | BREG | CREG | DREG | ADREG | MREG | PREG | 
+------------+-------------+--------+--------+--------+--------+--------+------+------+------+------+-------+------+------+
|mac         | C+A*B       | 30     | 18     | 48     | -      | 36     | 0    | 0    | 0    | -    | -     | 0    | 0    | 
|mac         | C+A*B       | 30     | 18     | 48     | -      | 36     | 0    | 0    | 0    | -    | -     | 0    | 0    | 
|mac         | C+A*B       | 30     | 18     | 48     | -      | 36     | 0    | 0    | 0    | -    | -     | 0    | 0    | 
|mac         | C+A*B       | 30     | 18     | 48     | -      | 36     | 0    | 0    | 0    | -    | -     | 0    | 0    | 
|mac         | C+A*B       | 30     | 18     | 48     | -      | 36     | 0    | 0    | 0    | -    | -     | 0    | 0    | 
|mac         | C+A*B       | 30     | 18     | 48     | -      | 36     | 0    | 0    | 0    | -    | -     | 0    | 0    | 
|mac         | C+A*B       | 30     | 18     | 48     | -      | 36     | 0    | 0    | 0    | -    | -     | 0    | 0    | 
|mac         | C+A*B       | 30     | 18     | 48     | -      | 36     | 0    | 0    | 0    | -    | -     | 0    | 0    | 
+------------+-------------+--------+--------+--------+--------+--------+------+------+------+------+-------+------+------+


Report BlackBoxes: 
+-+--------------+----------+
| |BlackBox name |Instances |
+-+--------------+----------+
+-+--------------+----------+

Report Cell Usage: 
+------+---------+------+
|      |Cell     |Count |
+------+---------+------+
|1     |BUFG     |     1|
|2     |CARRY4   |   444|
|3     |DSP48E1  |     8|
|4     |LUT1     |   251|
|5     |LUT2     |  7970|
|6     |LUT3     |  7707|
|7     |LUT4     |  3376|
|8     |LUT5     | 11152|
|9     |LUT6     | 88002|
|10    |MUXF7    |  9197|
|11    |MUXF8    |  4436|
|12    |RAMB18E1 |     3|
|14    |FDRE     | 26858|
|15    |FDSE     |    15|
|16    |IBUF     |     3|
|17    |OBUF     |     1|
+------+---------+------+
---------------------------------------------------------------------------------
Finished Writing Synthesis Report : Time (s): cpu = 00:23:14 ; elapsed = 00:24:44 . Memory (MB): peak = 3024.922 ; gain = 2326.215
---------------------------------------------------------------------------------
Synthesis finished with 0 errors, 1 critical warnings and 3 warnings.
Synthesis Optimization Runtime : Time (s): cpu = 00:22:17 ; elapsed = 00:24:17 . Memory (MB): peak = 3024.922 ; gain = 1974.684
Synthesis Optimization Complete : Time (s): cpu = 00:23:14 ; elapsed = 00:24:45 . Memory (MB): peak = 3024.922 ; gain = 2326.215
INFO: [Project 1-571] Translating synthesized netlist
Netlist sorting complete. Time (s): cpu = 00:00:02 ; elapsed = 00:00:03 . Memory (MB): peak = 3024.922 ; gain = 0.000
INFO: [Netlist 29-17] Analyzing 14088 Unisim elements for replacement
INFO: [Netlist 29-28] Unisim Transformation completed in 2 CPU seconds
INFO: [Project 1-570] Preparing netlist for logic optimization
INFO: [Opt 31-138] Pushed 0 inverter(s) to 0 load pin(s).
Netlist sorting complete. Time (s): cpu = 00:00:00 ; elapsed = 00:00:00.125 . Memory (MB): peak = 3024.922 ; gain = 0.000
INFO: [Project 1-111] Unisim Transformation Summary:
No Unisim elements were transformed.

Synth Design complete | Checksum: e0d96d5a
INFO: [Common 17-83] Releasing license: Synthesis
99 Infos, 7 Warnings, 1 Critical Warnings and 0 Errors encountered.
synth_design completed successfully
synth_design: Time (s): cpu = 00:24:02 ; elapsed = 00:25:38 . Memory (MB): peak = 3024.922 ; gain = 2527.496
INFO: [runtcl-6] Synthesis results are not added to the cache due to CRITICAL_WARNING
Write ShapeDB Complete: Time (s): cpu = 00:00:01 ; elapsed = 00:00:00.289 . Memory (MB): peak = 3024.922 ; gain = 0.000
INFO: [Common 17-1381] The checkpoint 'C:/Users/kpcha/Desktop/College/DSD/Ver2_6/Ver2_6.runs/synth_1/uart_tensor_bridge.dcp' has been generated.
write_checkpoint: Time (s): cpu = 00:00:23 ; elapsed = 00:00:22 . Memory (MB): peak = 3024.922 ; gain = 0.000
INFO: [Vivado 12-24828] Executing command : report_utilization -file uart_tensor_bridge_utilization_synth.rpt -pb uart_tensor_bridge_utilization_synth.pb
INFO: [Common 17-206] Exiting Vivado at Fri Mar 27 18:00:11 2026...
