
*** Running vivado
    with args -log tensor_top.vds -m64 -product Vivado -mode batch -messageDb vivado.pb -notrace -source tensor_top.tcl


WARNING: Default location for XILINX_HLS not found

****** Vivado v2025.1 (64-bit)
  **** SW Build 6140274 on Thu May 22 00:12:29 MDT 2025
  **** IP Build 6138677 on Thu May 22 03:10:11 MDT 2025
  **** SharedData Build 6139179 on Tue May 20 17:58:58 MDT 2025
  **** Start of session at: Sat Mar 21 04:52:56 2026
    ** Copyright 1986-2022 Xilinx, Inc. All Rights Reserved.
    ** Copyright 2022-2025 Advanced Micro Devices, Inc. All Rights Reserved.

source tensor_top.tcl -notrace
create_project: Time (s): cpu = 00:00:08 ; elapsed = 00:00:05 . Memory (MB): peak = 491.312 ; gain = 211.277
Command: read_checkpoint -auto_incremental -incremental C:/Users/kpcha/Desktop/College/DSD/BRAM_Tensor_Ver2/BRAM_Tensor_Ver2.srcs/utils_1/imports/synth_1/tensor_top.dcp
INFO: [Vivado 12-5825] Read reference checkpoint from C:/Users/kpcha/Desktop/College/DSD/BRAM_Tensor_Ver2/BRAM_Tensor_Ver2.srcs/utils_1/imports/synth_1/tensor_top.dcp for incremental synthesis
INFO: [Vivado 12-7989] Please ensure there are no constraint changes
Command: synth_design -top tensor_top -part xc7a100tcsg324-1
Starting synth_design
Attempting to get a license for feature 'Synthesis' and/or device 'xc7a100t'
INFO: [Common 17-349] Got license for feature 'Synthesis' and/or device 'xc7a100t'
INFO: [Device 21-403] Loading part xc7a100tcsg324-1
INFO: [Synth 8-7079] Multithreading enabled for synth_design using a maximum of 2 processes.
INFO: [Synth 8-7078] Launching helper process for spawning children vivado processes
INFO: [Synth 8-7075] Helper process launched with PID 69364
---------------------------------------------------------------------------------
Starting RTL Elaboration : Time (s): cpu = 00:00:03 ; elapsed = 00:00:04 . Memory (MB): peak = 1191.984 ; gain = 493.375
---------------------------------------------------------------------------------
INFO: [Synth 8-6157] synthesizing module 'tensor_top' [C:/Users/kpcha/Desktop/College/DSD/BRAM_Tensor_Ver2/BRAM_Tensor_Ver2.srcs/sources_1/new/tensor_top.v:23]
INFO: [Synth 8-6157] synthesizing module 'tensor_bram' [C:/Users/kpcha/Desktop/College/DSD/BRAM_Tensor_Ver2/BRAM_Tensor_Ver2.srcs/sources_1/new/tensor_bram.v:23]
	Parameter WIDTH bound to: 16 - type: integer 
	Parameter DEPTH bound to: 4096 - type: integer 
INFO: [Synth 8-6155] done synthesizing module 'tensor_bram' (0#1) [C:/Users/kpcha/Desktop/College/DSD/BRAM_Tensor_Ver2/BRAM_Tensor_Ver2.srcs/sources_1/new/tensor_bram.v:23]
WARNING: [Synth 8-4446] all outputs are unconnected for this instance and logic may be removed [C:/Users/kpcha/Desktop/College/DSD/BRAM_Tensor_Ver2/BRAM_Tensor_Ver2.srcs/sources_1/new/tensor_top.v:68]
INFO: [Synth 8-6157] synthesizing module 'tensor_bram__parameterized0' [C:/Users/kpcha/Desktop/College/DSD/BRAM_Tensor_Ver2/BRAM_Tensor_Ver2.srcs/sources_1/new/tensor_bram.v:23]
	Parameter WIDTH bound to: 38 - type: integer 
	Parameter DEPTH bound to: 4096 - type: integer 
INFO: [Synth 8-6155] done synthesizing module 'tensor_bram__parameterized0' (0#1) [C:/Users/kpcha/Desktop/College/DSD/BRAM_Tensor_Ver2/BRAM_Tensor_Ver2.srcs/sources_1/new/tensor_bram.v:23]
INFO: [Synth 8-6157] synthesizing module 'matrix_cont' [C:/Users/kpcha/Desktop/College/DSD/BRAM_Tensor_Ver2/BRAM_Tensor_Ver2.srcs/sources_1/new/matrix_cont.sv:22]
	Parameter WIDTH bound to: 16 - type: integer 
	Parameter N_MAX bound to: 64 - type: integer 
	Parameter LANES bound to: 64 - type: integer 
	Parameter TILE_R bound to: 8 - type: integer 
	Parameter TILE_C bound to: 8 - type: integer 
	Parameter MAX_DIM bound to: 64 - type: integer 
	Parameter ACC bound to: 38 - type: integer 
INFO: [Synth 8-6157] synthesizing module 'accel_top' [C:/Users/kpcha/Desktop/College/DSD/BRAM_Tensor_Ver2/BRAM_Tensor_Ver2.srcs/sources_1/new/accel_top.v:23]
	Parameter WIDTH bound to: 16 - type: integer 
	Parameter ACC bound to: 38 - type: integer 
	Parameter N_MAX bound to: 64 - type: integer 
	Parameter LANES bound to: 64 - type: integer 
INFO: [Synth 8-6157] synthesizing module 'accel_fsm' [C:/Users/kpcha/Desktop/College/DSD/BRAM_Tensor_Ver2/BRAM_Tensor_Ver2.srcs/sources_1/new/accel_fsm.v:23]
INFO: [Synth 8-6155] done synthesizing module 'accel_fsm' (0#1) [C:/Users/kpcha/Desktop/College/DSD/BRAM_Tensor_Ver2/BRAM_Tensor_Ver2.srcs/sources_1/new/accel_fsm.v:23]
INFO: [Synth 8-6157] synthesizing module 'simd_array' [C:/Users/kpcha/Desktop/College/DSD/BRAM_Tensor_Ver2/BRAM_Tensor_Ver2.srcs/sources_1/new/simd_array.v:23]
	Parameter WIDTH bound to: 16 - type: integer 
	Parameter ACC bound to: 38 - type: integer 
	Parameter N_MAX bound to: 64 - type: integer 
	Parameter LANES bound to: 64 - type: integer 
INFO: [Synth 8-6157] synthesizing module 'vector_lane' [C:/Users/kpcha/Desktop/College/DSD/BRAM_Tensor_Ver2/BRAM_Tensor_Ver2.srcs/sources_1/new/vector_lane.v:23]
	Parameter WIDTH bound to: 16 - type: integer 
	Parameter ACC bound to: 38 - type: integer 
	Parameter N_MAX bound to: 64 - type: integer 
INFO: [Synth 8-6157] synthesizing module 'mac' [C:/Users/kpcha/Desktop/College/DSD/BRAM_Tensor_Ver2/BRAM_Tensor_Ver2.srcs/sources_1/new/mac.v:23]
	Parameter WIDTH bound to: 16 - type: integer 
	Parameter ACC bound to: 38 - type: integer 
INFO: [Synth 8-6155] done synthesizing module 'mac' (0#1) [C:/Users/kpcha/Desktop/College/DSD/BRAM_Tensor_Ver2/BRAM_Tensor_Ver2.srcs/sources_1/new/mac.v:23]
INFO: [Synth 8-6155] done synthesizing module 'vector_lane' (0#1) [C:/Users/kpcha/Desktop/College/DSD/BRAM_Tensor_Ver2/BRAM_Tensor_Ver2.srcs/sources_1/new/vector_lane.v:23]
INFO: [Synth 8-6155] done synthesizing module 'simd_array' (0#1) [C:/Users/kpcha/Desktop/College/DSD/BRAM_Tensor_Ver2/BRAM_Tensor_Ver2.srcs/sources_1/new/simd_array.v:23]
INFO: [Synth 8-6155] done synthesizing module 'accel_top' (0#1) [C:/Users/kpcha/Desktop/College/DSD/BRAM_Tensor_Ver2/BRAM_Tensor_Ver2.srcs/sources_1/new/accel_top.v:23]
